<?xml version="1.0" encoding="UTF-8"?>
<testsuite name="TestSuite" time="2.472" tests="2" errors="0" skipped="0" failures="2">
  <properties>
    <property name="java.runtime.name" value="Java(TM) SE Runtime Environment"/>
    <property name="sun.boot.library.path" value="C:\Program Files (x86)\Java\jdk1.8.0_181\jre\bin"/>
    <property name="java.vm.version" value="25.181-b13"/>
    <property name="java.vm.vendor" value="Oracle Corporation"/>
    <property name="maven.multiModuleProjectDirectory" value="C:\Users\Noman\IdeaProjects\Automation_Architect\DataDrivenFramework"/>
    <property name="java.vendor.url" value="http://java.oracle.com/"/>
    <property name="path.separator" value=";"/>
    <property name="guice.disable.misplaced.annotation.check" value="true"/>
    <property name="java.vm.name" value="Java HotSpot(TM) Client VM"/>
    <property name="file.encoding.pkg" value="sun.io"/>
    <property name="user.script" value=""/>
    <property name="user.country" value="CA"/>
    <property name="sun.java.launcher" value="SUN_STANDARD"/>
    <property name="sun.os.patch.level" value="Service Pack 1"/>
    <property name="java.vm.specification.name" value="Java Virtual Machine Specification"/>
    <property name="user.dir" value="C:\Users\Noman\IdeaProjects\Automation_Architect\DataDrivenFramework"/>
    <property name="java.runtime.version" value="1.8.0_181-b13"/>
    <property name="java.awt.graphicsenv" value="sun.awt.Win32GraphicsEnvironment"/>
    <property name="java.endorsed.dirs" value="C:\Program Files (x86)\Java\jdk1.8.0_181\jre\lib\endorsed"/>
    <property name="os.arch" value="x86"/>
    <property name="java.io.tmpdir" value="C:\Users\Noman\AppData\Local\Temp\"/>
    <property name="line.separator" value="&#10;"/>
    <property name="java.vm.specification.vendor" value="Oracle Corporation"/>
    <property name="user.variant" value=""/>
    <property name="os.name" value="Windows 7"/>
    <property name="classworlds.conf" value="C:\Program Files\Apache\maven\apache-maven-3.5.4\bin\..\bin\m2.conf"/>
    <property name="sun.jnu.encoding" value="Cp1252"/>
    <property name="java.library.path" value="C:\Program Files (x86)\Java\jdk1.8.0_181\bin;C:\Windows\Sun\Java\bin;C:\Windows\system32;C:\Windows;C:\ProgramData\Oracle\Java\javapath;C:\Program Files (x86)\Intel\iCLS Client\;C:\Program Files\Intel\iCLS Client\;C:\Windows\system32;C:\Windows;C:\Windows\System32\Wbem;C:\Windows\System32\WindowsPowerShell\v1.0\;C:\Program Files (x86)\Java\jdk1.8.0_181\bin;C:\Program Files (x86)\Java\jre1.8.0_181\bin;C:\Users\Noman\AppData\Local\Android\android-sdk\platform-tools;C:\Python27;C:\Python27\Lib;C:\Python27\DLLs;C:\Python27\Lib\lib-tk;C:\Python27\Scripts;C:\Tools\geckodriver-v0.17.0-win64;C:\Program Files\Apache\maven\apache-maven-3.5.4\bin;C:\bin;C:\adb;C:\Program Files (x86)\Intel\UCRT\;C:\Program Files\Intel\UCRT\;C:\Program Files (x86)\Intel\Intel(R) Management Engine Components\DAL;C:\Program Files\Intel\Intel(R) Management Engine Components\DAL;C:\Program Files (x86)\Intel\Intel(R) Management Engine Components\IPT;C:\Program Files\Intel\Intel(R) Management Engine Components\IPT;C:\Tools\geckodriver-v0.19.1-win64;C:\Tools\August 2018\apache-ant-1.10.5-bin\apache-ant-1.10.5\bin;C:\Tools\August 2018\WebDriver;C:\Program Files\Git\cmd;C:\Program Files\Intel\WiFi\bin\;C:\Program Files\Common Files\Intel\WirelessCommon\;C:\Program Files\Intel\WiFi\bin\;C:\Program Files\Common Files\Intel\WirelessCommon\;C:\Users\Noman\AppData\Local\GitHubDesktop\bin;."/>
    <property name="maven.conf" value="C:\Program Files\Apache\maven\apache-maven-3.5.4\bin\../conf"/>
    <property name="java.specification.name" value="Java Platform API Specification"/>
    <property name="java.class.version" value="52.0"/>
    <property name="sun.management.compiler" value="HotSpot Client Compiler"/>
    <property name="os.version" value="6.1"/>
    <property name="library.jansi.path" value="C:\Program Files\Apache\maven\apache-maven-3.5.4\bin\..\lib\jansi-native"/>
    <property name="user.home" value="C:\Users\Noman"/>
    <property name="user.timezone" value="America/New_York"/>
    <property name="java.awt.printerjob" value="sun.awt.windows.WPrinterJob"/>
    <property name="java.specification.version" value="1.8"/>
    <property name="file.encoding" value="Cp1252"/>
    <property name="user.name" value="Noman"/>
    <property name="java.class.path" value="C:\Program Files\Apache\maven\apache-maven-3.5.4\bin\..\boot\plexus-classworlds-2.5.2.jar"/>
    <property name="java.vm.specification.version" value="1.8"/>
    <property name="sun.arch.data.model" value="32"/>
    <property name="java.home" value="C:\Program Files (x86)\Java\jdk1.8.0_181\jre"/>
    <property name="sun.java.command" value="org.codehaus.plexus.classworlds.launcher.Launcher test"/>
    <property name="java.specification.vendor" value="Oracle Corporation"/>
    <property name="user.language" value="en"/>
    <property name="awt.toolkit" value="sun.awt.windows.WToolkit"/>
    <property name="java.vm.info" value="mixed mode, sharing"/>
    <property name="java.version" value="1.8.0_181"/>
    <property name="java.ext.dirs" value="C:\Program Files (x86)\Java\jdk1.8.0_181\jre\lib\ext;C:\Windows\Sun\Java\lib\ext"/>
    <property name="sun.boot.class.path" value="C:\Program Files (x86)\Java\jdk1.8.0_181\jre\lib\resources.jar;C:\Program Files (x86)\Java\jdk1.8.0_181\jre\lib\rt.jar;C:\Program Files (x86)\Java\jdk1.8.0_181\jre\lib\sunrsasign.jar;C:\Program Files (x86)\Java\jdk1.8.0_181\jre\lib\jsse.jar;C:\Program Files (x86)\Java\jdk1.8.0_181\jre\lib\jce.jar;C:\Program Files (x86)\Java\jdk1.8.0_181\jre\lib\charsets.jar;C:\Program Files (x86)\Java\jdk1.8.0_181\jre\lib\jfr.jar;C:\Program Files (x86)\Java\jdk1.8.0_181\jre\classes"/>
    <property name="sun.stderr.encoding" value="cp850"/>
    <property name="java.vendor" value="Oracle Corporation"/>
    <property name="maven.home" value="C:\Program Files\Apache\maven\apache-maven-3.5.4\bin\.."/>
    <property name="file.separator" value="\"/>
    <property name="java.vendor.url.bug" value="http://bugreport.sun.com/bugreport/"/>
    <property name="sun.cpu.endian" value="little"/>
    <property name="sun.io.unicode.encoding" value="UnicodeLittle"/>
    <property name="sun.stdout.encoding" value="cp850"/>
    <property name="sun.desktop" value="windows"/>
    <property name="sun.cpu.isalist" value="pentium_pro+mmx pentium_pro pentium+mmx pentium i486 i386 i86"/>
  </properties>
  <testcase name="loginAsBankManager" classname="com.w2a.testcases.BankManagerLoginTest" time="0.9">
    <failure message="Login not successfull" type="java.lang.AssertionError">java.lang.AssertionError: Login not successfull
	at org.testng.Assert.fail(Assert.java:93)
	at com.w2a.testcases.BankManagerLoginTest.loginAsBankManager(BankManagerLoginTest.java:18)
</failure>
    <system-out><![CDATA[0 [main] DEBUG devpinoyLogger  - Config file loaded !!!!
0 [main] DEBUG devpinoyLogger  - OR file loaded !!!!
2428 [Forwarding newSession on session null to remote] DEBUG org.apache.http.client.protocol.RequestAddCookies  - CookieSpec selected: default
2443 [Forwarding newSession on session null to remote] DEBUG org.apache.http.client.protocol.RequestAuthCache  - Auth cache not set in the context
2445 [Forwarding newSession on session null to remote] DEBUG org.apache.http.impl.conn.PoolingHttpClientConnectionManager  - Connection request: [route: {}->http://localhost:41706][total kept alive: 0; route allocated: 0 of 2000; total allocated: 0 of 2000]
2466 [Forwarding newSession on session null to remote] DEBUG org.apache.http.impl.conn.PoolingHttpClientConnectionManager  - Connection leased: [id: 0][route: {}->http://localhost:41706][total kept alive: 0; route allocated: 1 of 2000; total allocated: 1 of 2000]
2469 [Forwarding newSession on session null to remote] DEBUG org.apache.http.impl.execchain.MainClientExec  - Opening connection {}->http://localhost:41706
2471 [Forwarding newSession on session null to remote] DEBUG org.apache.http.impl.conn.DefaultHttpClientConnectionOperator  - Connecting to localhost/127.0.0.1:41706
2473 [Forwarding newSession on session null to remote] DEBUG org.apache.http.impl.conn.DefaultHttpClientConnectionOperator  - Connection established 127.0.0.1:50371<->127.0.0.1:41706
2474 [Forwarding newSession on session null to remote] DEBUG org.apache.http.impl.conn.DefaultManagedHttpClientConnection  - http-outgoing-0: set socket timeout to 10800000
2474 [Forwarding newSession on session null to remote] DEBUG org.apache.http.impl.execchain.MainClientExec  - Executing request POST /session HTTP/1.1
2474 [Forwarding newSession on session null to remote] DEBUG org.apache.http.impl.execchain.MainClientExec  - Target auth state: UNCHALLENGED
2475 [Forwarding newSession on session null to remote] DEBUG org.apache.http.impl.execchain.MainClientExec  - Proxy auth state: UNCHALLENGED
2477 [Forwarding newSession on session null to remote] DEBUG org.apache.http.headers  - http-outgoing-0 >> POST /session HTTP/1.1
2481 [Forwarding newSession on session null to remote] DEBUG org.apache.http.headers  - http-outgoing-0 >> Content-Type: application/json; charset=utf-8
2482 [Forwarding newSession on session null to remote] DEBUG org.apache.http.headers  - http-outgoing-0 >> Content-Length: 122
2483 [Forwarding newSession on session null to remote] DEBUG org.apache.http.headers  - http-outgoing-0 >> Host: localhost:41706
2483 [Forwarding newSession on session null to remote] DEBUG org.apache.http.headers  - http-outgoing-0 >> Connection: Keep-Alive
2483 [Forwarding newSession on session null to remote] DEBUG org.apache.http.headers  - http-outgoing-0 >> User-Agent: Apache-HttpClient/4.5.1 (Java/1.8.0_181)
2484 [Forwarding newSession on session null to remote] DEBUG org.apache.http.headers  - http-outgoing-0 >> Accept-Encoding: gzip,deflate
2484 [Forwarding newSession on session null to remote] DEBUG org.apache.http.wire  - http-outgoing-0 >> "POST /session HTTP/1.1[\r][\n]"
2485 [Forwarding newSession on session null to remote] DEBUG org.apache.http.wire  - http-outgoing-0 >> "Content-Type: application/json; charset=utf-8[\r][\n]"
2485 [Forwarding newSession on session null to remote] DEBUG org.apache.http.wire  - http-outgoing-0 >> "Content-Length: 122[\r][\n]"
2485 [Forwarding newSession on session null to remote] DEBUG org.apache.http.wire  - http-outgoing-0 >> "Host: localhost:41706[\r][\n]"
2485 [Forwarding newSession on session null to remote] DEBUG org.apache.http.wire  - http-outgoing-0 >> "Connection: Keep-Alive[\r][\n]"
2485 [Forwarding newSession on session null to remote] DEBUG org.apache.http.wire  - http-outgoing-0 >> "User-Agent: Apache-HttpClient/4.5.1 (Java/1.8.0_181)[\r][\n]"
2486 [Forwarding newSession on session null to remote] DEBUG org.apache.http.wire  - http-outgoing-0 >> "Accept-Encoding: gzip,deflate[\r][\n]"
2487 [Forwarding newSession on session null to remote] DEBUG org.apache.http.wire  - http-outgoing-0 >> "[\r][\n]"
2487 [Forwarding newSession on session null to remote] DEBUG org.apache.http.wire  - http-outgoing-0 >> "{"desiredCapabilities":{"browserName":"chrome","chromeOptions":{"args":[],"extensions":[]},"version":"","platform":"ANY"}}"
5253 [Forwarding newSession on session null to remote] DEBUG org.apache.http.wire  - http-outgoing-0 << "HTTP/1.1 200 OK[\r][\n]"
5253 [Forwarding newSession on session null to remote] DEBUG org.apache.http.wire  - http-outgoing-0 << "Content-Length:1027[\r][\n]"
5254 [Forwarding newSession on session null to remote] DEBUG org.apache.http.wire  - http-outgoing-0 << "Content-Type:application/json; charset=utf-8[\r][\n]"
5254 [Forwarding newSession on session null to remote] DEBUG org.apache.http.wire  - http-outgoing-0 << "[\r][\n]"
5255 [Forwarding newSession on session null to remote] DEBUG org.apache.http.wire  - http-outgoing-0 << "{"sessionId":"aea78ad3bcb095bb1a504528bf99158c","status":0,"value":{"acceptInsecureCerts":false,"acceptSslCerts":false,"applicationCacheEnabled":false,"browserConnectionEnabled":false,"browserName":"chrome","chrome":{"chromedriverVersion":"75.0.3770.8 (681f24ea911fe754973dda2fdc6d2a2e159dd300-refs/branch-heads/3770@{#40})","userDataDir":"C:\\Users\\Noman\\AppData\\Local\\Temp\\scoped_dir11700_11375"},"cssSelectorsEnabled":true,"databaseEnabled":false,"goog:chromeOptions":{"debuggerAddress":"localhost:50372"},"handlesAlerts":true,"hasTouchScreen":false,"javascriptEnabled":true,"locationContextEnabled":true,"mobileEmulationEnabled":false,"nativeEvents":true,"networkConnectionEnabled":false,"pageLoadStrategy":"normal","platform":"Windows NT","proxy":{},"rotatable":false,"setWindowRect":true,"strictFileInteractability":false,"takesHeapSnapshot":true,"takesScreenshot":true,"timeouts":{"implicit":0,"pageLoad":300000,"script":30000},"unexpectedAlertBehaviour":"ignore","version":"75.0.3770.90","webStorageEnabled":true}}"
5261 [Forwarding newSession on session null to remote] DEBUG org.apache.http.headers  - http-outgoing-0 << HTTP/1.1 200 OK
5262 [Forwarding newSession on session null to remote] DEBUG org.apache.http.headers  - http-outgoing-0 << Content-Length:1027
5262 [Forwarding newSession on session null to remote] DEBUG org.apache.http.headers  - http-outgoing-0 << Content-Type:application/json; charset=utf-8
5267 [Forwarding newSession on session null to remote] DEBUG org.apache.http.impl.execchain.MainClientExec  - Connection can be kept alive indefinitely
5276 [Forwarding newSession on session null to remote] DEBUG org.apache.http.impl.conn.PoolingHttpClientConnectionManager  - Connection [id: 0][route: {}->http://localhost:41706] can be kept alive indefinitely
5277 [Forwarding newSession on session null to remote] DEBUG org.apache.http.impl.conn.PoolingHttpClientConnectionManager  - Connection released: [id: 0][route: {}->http://localhost:41706][total kept alive: 1; route allocated: 1 of 2000; total allocated: 1 of 2000]
5296 [main] DEBUG devpinoyLogger  - Chrome Launched !!!!
5298 [Forwarding get on session aea78ad3bcb095bb1a504528bf99158c to remote] DEBUG org.apache.http.client.protocol.RequestAddCookies  - CookieSpec selected: default
5298 [Forwarding get on session aea78ad3bcb095bb1a504528bf99158c to remote] DEBUG org.apache.http.client.protocol.RequestAuthCache  - Auth cache not set in the context
5299 [Forwarding get on session aea78ad3bcb095bb1a504528bf99158c to remote] DEBUG org.apache.http.impl.conn.PoolingHttpClientConnectionManager  - Connection request: [route: {}->http://localhost:41706][total kept alive: 1; route allocated: 1 of 2000; total allocated: 1 of 2000]
5299 [Forwarding get on session aea78ad3bcb095bb1a504528bf99158c to remote] DEBUG org.apache.http.impl.conn.PoolingHttpClientConnectionManager  - Connection leased: [id: 0][route: {}->http://localhost:41706][total kept alive: 0; route allocated: 1 of 2000; total allocated: 1 of 2000]
5300 [Forwarding get on session aea78ad3bcb095bb1a504528bf99158c to remote] DEBUG org.apache.http.impl.execchain.MainClientExec  - Stale connection check
5301 [Forwarding get on session aea78ad3bcb095bb1a504528bf99158c to remote] DEBUG org.apache.http.wire  - http-outgoing-0 << "[read] I/O error: Read timed out"
5301 [Forwarding get on session aea78ad3bcb095bb1a504528bf99158c to remote] DEBUG org.apache.http.impl.conn.DefaultManagedHttpClientConnection  - http-outgoing-0: set socket timeout to 10800000
5302 [Forwarding get on session aea78ad3bcb095bb1a504528bf99158c to remote] DEBUG org.apache.http.impl.execchain.MainClientExec  - Executing request POST /session/aea78ad3bcb095bb1a504528bf99158c/url HTTP/1.1
5302 [Forwarding get on session aea78ad3bcb095bb1a504528bf99158c to remote] DEBUG org.apache.http.impl.execchain.MainClientExec  - Target auth state: UNCHALLENGED
5302 [Forwarding get on session aea78ad3bcb095bb1a504528bf99158c to remote] DEBUG org.apache.http.impl.execchain.MainClientExec  - Proxy auth state: UNCHALLENGED
5303 [Forwarding get on session aea78ad3bcb095bb1a504528bf99158c to remote] DEBUG org.apache.http.headers  - http-outgoing-0 >> POST /session/aea78ad3bcb095bb1a504528bf99158c/url HTTP/1.1
5303 [Forwarding get on session aea78ad3bcb095bb1a504528bf99158c to remote] DEBUG org.apache.http.headers  - http-outgoing-0 >> Content-Type: application/json; charset=utf-8
5303 [Forwarding get on session aea78ad3bcb095bb1a504528bf99158c to remote] DEBUG org.apache.http.headers  - http-outgoing-0 >> Content-Length: 76
5304 [Forwarding get on session aea78ad3bcb095bb1a504528bf99158c to remote] DEBUG org.apache.http.headers  - http-outgoing-0 >> Host: localhost:41706
5304 [Forwarding get on session aea78ad3bcb095bb1a504528bf99158c to remote] DEBUG org.apache.http.headers  - http-outgoing-0 >> Connection: Keep-Alive
5304 [Forwarding get on session aea78ad3bcb095bb1a504528bf99158c to remote] DEBUG org.apache.http.headers  - http-outgoing-0 >> User-Agent: Apache-HttpClient/4.5.1 (Java/1.8.0_181)
5305 [Forwarding get on session aea78ad3bcb095bb1a504528bf99158c to remote] DEBUG org.apache.http.headers  - http-outgoing-0 >> Accept-Encoding: gzip,deflate
5305 [Forwarding get on session aea78ad3bcb095bb1a504528bf99158c to remote] DEBUG org.apache.http.wire  - http-outgoing-0 >> "POST /session/aea78ad3bcb095bb1a504528bf99158c/url HTTP/1.1[\r][\n]"
5306 [Forwarding get on session aea78ad3bcb095bb1a504528bf99158c to remote] DEBUG org.apache.http.wire  - http-outgoing-0 >> "Content-Type: application/json; charset=utf-8[\r][\n]"
5306 [Forwarding get on session aea78ad3bcb095bb1a504528bf99158c to remote] DEBUG org.apache.http.wire  - http-outgoing-0 >> "Content-Length: 76[\r][\n]"
5307 [Forwarding get on session aea78ad3bcb095bb1a504528bf99158c to remote] DEBUG org.apache.http.wire  - http-outgoing-0 >> "Host: localhost:41706[\r][\n]"
5307 [Forwarding get on session aea78ad3bcb095bb1a504528bf99158c to remote] DEBUG org.apache.http.wire  - http-outgoing-0 >> "Connection: Keep-Alive[\r][\n]"
5308 [Forwarding get on session aea78ad3bcb095bb1a504528bf99158c to remote] DEBUG org.apache.http.wire  - http-outgoing-0 >> "User-Agent: Apache-HttpClient/4.5.1 (Java/1.8.0_181)[\r][\n]"
5308 [Forwarding get on session aea78ad3bcb095bb1a504528bf99158c to remote] DEBUG org.apache.http.wire  - http-outgoing-0 >> "Accept-Encoding: gzip,deflate[\r][\n]"
5308 [Forwarding get on session aea78ad3bcb095bb1a504528bf99158c to remote] DEBUG org.apache.http.wire  - http-outgoing-0 >> "[\r][\n]"
5309 [Forwarding get on session aea78ad3bcb095bb1a504528bf99158c to remote] DEBUG org.apache.http.wire  - http-outgoing-0 >> "{"url":"http://www.way2automation.com/angularjs-protractor/banking/#/login"}"
10095 [Forwarding get on session aea78ad3bcb095bb1a504528bf99158c to remote] DEBUG org.apache.http.wire  - http-outgoing-0 << "HTTP/1.1 200 OK[\r][\n]"
10096 [Forwarding get on session aea78ad3bcb095bb1a504528bf99158c to remote] DEBUG org.apache.http.wire  - http-outgoing-0 << "Content-Length:72[\r][\n]"
10096 [Forwarding get on session aea78ad3bcb095bb1a504528bf99158c to remote] DEBUG org.apache.http.wire  - http-outgoing-0 << "Content-Type:application/json; charset=utf-8[\r][\n]"
10096 [Forwarding get on session aea78ad3bcb095bb1a504528bf99158c to remote] DEBUG org.apache.http.wire  - http-outgoing-0 << "[\r][\n]"
10097 [Forwarding get on session aea78ad3bcb095bb1a504528bf99158c to remote] DEBUG org.apache.http.wire  - http-outgoing-0 << "{"sessionId":"aea78ad3bcb095bb1a504528bf99158c","status":0,"value":null}"
10097 [Forwarding get on session aea78ad3bcb095bb1a504528bf99158c to remote] DEBUG org.apache.http.headers  - http-outgoing-0 << HTTP/1.1 200 OK
10097 [Forwarding get on session aea78ad3bcb095bb1a504528bf99158c to remote] DEBUG org.apache.http.headers  - http-outgoing-0 << Content-Length:72
10097 [Forwarding get on session aea78ad3bcb095bb1a504528bf99158c to remote] DEBUG org.apache.http.headers  - http-outgoing-0 << Content-Type:application/json; charset=utf-8
10098 [Forwarding get on session aea78ad3bcb095bb1a504528bf99158c to remote] DEBUG org.apache.http.impl.execchain.MainClientExec  - Connection can be kept alive indefinitely
10098 [Forwarding get on session aea78ad3bcb095bb1a504528bf99158c to remote] DEBUG org.apache.http.impl.conn.PoolingHttpClientConnectionManager  - Connection [id: 0][route: {}->http://localhost:41706] can be kept alive indefinitely
10099 [Forwarding get on session aea78ad3bcb095bb1a504528bf99158c to remote] DEBUG org.apache.http.impl.conn.PoolingHttpClientConnectionManager  - Connection released: [id: 0][route: {}->http://localhost:41706][total kept alive: 1; route allocated: 1 of 2000; total allocated: 1 of 2000]
10101 [Forwarding getCurrentUrl on session aea78ad3bcb095bb1a504528bf99158c to remote] DEBUG org.apache.http.client.protocol.RequestAddCookies  - CookieSpec selected: default
10101 [Forwarding getCurrentUrl on session aea78ad3bcb095bb1a504528bf99158c to remote] DEBUG org.apache.http.client.protocol.RequestAuthCache  - Auth cache not set in the context
10102 [Forwarding getCurrentUrl on session aea78ad3bcb095bb1a504528bf99158c to remote] DEBUG org.apache.http.impl.conn.PoolingHttpClientConnectionManager  - Connection request: [route: {}->http://localhost:41706][total kept alive: 1; route allocated: 1 of 2000; total allocated: 1 of 2000]
10102 [Forwarding getCurrentUrl on session aea78ad3bcb095bb1a504528bf99158c to remote] DEBUG org.apache.http.impl.conn.PoolingHttpClientConnectionManager  - Connection leased: [id: 0][route: {}->http://localhost:41706][total kept alive: 0; route allocated: 1 of 2000; total allocated: 1 of 2000]
10102 [Forwarding getCurrentUrl on session aea78ad3bcb095bb1a504528bf99158c to remote] DEBUG org.apache.http.impl.execchain.MainClientExec  - Stale connection check
10104 [Forwarding getCurrentUrl on session aea78ad3bcb095bb1a504528bf99158c to remote] DEBUG org.apache.http.wire  - http-outgoing-0 << "[read] I/O error: Read timed out"
10104 [Forwarding getCurrentUrl on session aea78ad3bcb095bb1a504528bf99158c to remote] DEBUG org.apache.http.impl.conn.DefaultManagedHttpClientConnection  - http-outgoing-0: set socket timeout to 10800000
10104 [Forwarding getCurrentUrl on session aea78ad3bcb095bb1a504528bf99158c to remote] DEBUG org.apache.http.impl.execchain.MainClientExec  - Executing request GET /session/aea78ad3bcb095bb1a504528bf99158c/url HTTP/1.1
10105 [Forwarding getCurrentUrl on session aea78ad3bcb095bb1a504528bf99158c to remote] DEBUG org.apache.http.impl.execchain.MainClientExec  - Target auth state: UNCHALLENGED
10105 [Forwarding getCurrentUrl on session aea78ad3bcb095bb1a504528bf99158c to remote] DEBUG org.apache.http.impl.execchain.MainClientExec  - Proxy auth state: UNCHALLENGED
10105 [Forwarding getCurrentUrl on session aea78ad3bcb095bb1a504528bf99158c to remote] DEBUG org.apache.http.headers  - http-outgoing-0 >> GET /session/aea78ad3bcb095bb1a504528bf99158c/url HTTP/1.1
10106 [Forwarding getCurrentUrl on session aea78ad3bcb095bb1a504528bf99158c to remote] DEBUG org.apache.http.headers  - http-outgoing-0 >> Cache-Control: no-cache
10106 [Forwarding getCurrentUrl on session aea78ad3bcb095bb1a504528bf99158c to remote] DEBUG org.apache.http.headers  - http-outgoing-0 >> Host: localhost:41706
10106 [Forwarding getCurrentUrl on session aea78ad3bcb095bb1a504528bf99158c to remote] DEBUG org.apache.http.headers  - http-outgoing-0 >> Connection: Keep-Alive
10107 [Forwarding getCurrentUrl on session aea78ad3bcb095bb1a504528bf99158c to remote] DEBUG org.apache.http.headers  - http-outgoing-0 >> User-Agent: Apache-HttpClient/4.5.1 (Java/1.8.0_181)
10107 [Forwarding getCurrentUrl on session aea78ad3bcb095bb1a504528bf99158c to remote] DEBUG org.apache.http.headers  - http-outgoing-0 >> Accept-Encoding: gzip,deflate
10108 [Forwarding getCurrentUrl on session aea78ad3bcb095bb1a504528bf99158c to remote] DEBUG org.apache.http.wire  - http-outgoing-0 >> "GET /session/aea78ad3bcb095bb1a504528bf99158c/url HTTP/1.1[\r][\n]"
10108 [Forwarding getCurrentUrl on session aea78ad3bcb095bb1a504528bf99158c to remote] DEBUG org.apache.http.wire  - http-outgoing-0 >> "Cache-Control: no-cache[\r][\n]"
10108 [Forwarding getCurrentUrl on session aea78ad3bcb095bb1a504528bf99158c to remote] DEBUG org.apache.http.wire  - http-outgoing-0 >> "Host: localhost:41706[\r][\n]"
10109 [Forwarding getCurrentUrl on session aea78ad3bcb095bb1a504528bf99158c to remote] DEBUG org.apache.http.wire  - http-outgoing-0 >> "Connection: Keep-Alive[\r][\n]"
10109 [Forwarding getCurrentUrl on session aea78ad3bcb095bb1a504528bf99158c to remote] DEBUG org.apache.http.wire  - http-outgoing-0 >> "User-Agent: Apache-HttpClient/4.5.1 (Java/1.8.0_181)[\r][\n]"
10110 [Forwarding getCurrentUrl on session aea78ad3bcb095bb1a504528bf99158c to remote] DEBUG org.apache.http.wire  - http-outgoing-0 >> "Accept-Encoding: gzip,deflate[\r][\n]"
10110 [Forwarding getCurrentUrl on session aea78ad3bcb095bb1a504528bf99158c to remote] DEBUG org.apache.http.wire  - http-outgoing-0 >> "[\r][\n]"
10123 [Forwarding getCurrentUrl on session aea78ad3bcb095bb1a504528bf99158c to remote] DEBUG org.apache.http.wire  - http-outgoing-0 << "HTTP/1.1 200 OK[\r][\n]"
10123 [Forwarding getCurrentUrl on session aea78ad3bcb095bb1a504528bf99158c to remote] DEBUG org.apache.http.wire  - http-outgoing-0 << "Content-Length:136[\r][\n]"
10124 [Forwarding getCurrentUrl on session aea78ad3bcb095bb1a504528bf99158c to remote] DEBUG org.apache.http.wire  - http-outgoing-0 << "Content-Type:application/json; charset=utf-8[\r][\n]"
10124 [Forwarding getCurrentUrl on session aea78ad3bcb095bb1a504528bf99158c to remote] DEBUG org.apache.http.wire  - http-outgoing-0 << "[\r][\n]"
10124 [Forwarding getCurrentUrl on session aea78ad3bcb095bb1a504528bf99158c to remote] DEBUG org.apache.http.wire  - http-outgoing-0 << "{"sessionId":"aea78ad3bcb095bb1a504528bf99158c","status":0,"value":"http://www.way2automation.com/angularjs-protractor/banking/#/login"}"
10125 [Forwarding getCurrentUrl on session aea78ad3bcb095bb1a504528bf99158c to remote] DEBUG org.apache.http.headers  - http-outgoing-0 << HTTP/1.1 200 OK
10125 [Forwarding getCurrentUrl on session aea78ad3bcb095bb1a504528bf99158c to remote] DEBUG org.apache.http.headers  - http-outgoing-0 << Content-Length:136
10125 [Forwarding getCurrentUrl on session aea78ad3bcb095bb1a504528bf99158c to remote] DEBUG org.apache.http.headers  - http-outgoing-0 << Content-Type:application/json; charset=utf-8
10126 [Forwarding getCurrentUrl on session aea78ad3bcb095bb1a504528bf99158c to remote] DEBUG org.apache.http.impl.execchain.MainClientExec  - Connection can be kept alive indefinitely
10126 [Forwarding getCurrentUrl on session aea78ad3bcb095bb1a504528bf99158c to remote] DEBUG org.apache.http.impl.conn.PoolingHttpClientConnectionManager  - Connection [id: 0][route: {}->http://localhost:41706] can be kept alive indefinitely
10127 [Forwarding getCurrentUrl on session aea78ad3bcb095bb1a504528bf99158c to remote] DEBUG org.apache.http.impl.conn.PoolingHttpClientConnectionManager  - Connection released: [id: 0][route: {}->http://localhost:41706][total kept alive: 1; route allocated: 1 of 2000; total allocated: 1 of 2000]
10128 [main] DEBUG devpinoyLogger  - Navigated to : http://www.way2automation.com/angularjs-protractor/banking/#/login
10132 [Forwarding maximizeWindow on session aea78ad3bcb095bb1a504528bf99158c to remote] DEBUG org.apache.http.client.protocol.RequestAddCookies  - CookieSpec selected: default
10133 [Forwarding maximizeWindow on session aea78ad3bcb095bb1a504528bf99158c to remote] DEBUG org.apache.http.client.protocol.RequestAuthCache  - Auth cache not set in the context
10133 [Forwarding maximizeWindow on session aea78ad3bcb095bb1a504528bf99158c to remote] DEBUG org.apache.http.impl.conn.PoolingHttpClientConnectionManager  - Connection request: [route: {}->http://localhost:41706][total kept alive: 1; route allocated: 1 of 2000; total allocated: 1 of 2000]
10133 [Forwarding maximizeWindow on session aea78ad3bcb095bb1a504528bf99158c to remote] DEBUG org.apache.http.impl.conn.PoolingHttpClientConnectionManager  - Connection leased: [id: 0][route: {}->http://localhost:41706][total kept alive: 0; route allocated: 1 of 2000; total allocated: 1 of 2000]
10134 [Forwarding maximizeWindow on session aea78ad3bcb095bb1a504528bf99158c to remote] DEBUG org.apache.http.impl.execchain.MainClientExec  - Stale connection check
10135 [Forwarding maximizeWindow on session aea78ad3bcb095bb1a504528bf99158c to remote] DEBUG org.apache.http.wire  - http-outgoing-0 << "[read] I/O error: Read timed out"
10135 [Forwarding maximizeWindow on session aea78ad3bcb095bb1a504528bf99158c to remote] DEBUG org.apache.http.impl.conn.DefaultManagedHttpClientConnection  - http-outgoing-0: set socket timeout to 10800000
10135 [Forwarding maximizeWindow on session aea78ad3bcb095bb1a504528bf99158c to remote] DEBUG org.apache.http.impl.execchain.MainClientExec  - Executing request POST /session/aea78ad3bcb095bb1a504528bf99158c/window/current/maximize HTTP/1.1
10135 [Forwarding maximizeWindow on session aea78ad3bcb095bb1a504528bf99158c to remote] DEBUG org.apache.http.impl.execchain.MainClientExec  - Target auth state: UNCHALLENGED
10136 [Forwarding maximizeWindow on session aea78ad3bcb095bb1a504528bf99158c to remote] DEBUG org.apache.http.impl.execchain.MainClientExec  - Proxy auth state: UNCHALLENGED
10136 [Forwarding maximizeWindow on session aea78ad3bcb095bb1a504528bf99158c to remote] DEBUG org.apache.http.headers  - http-outgoing-0 >> POST /session/aea78ad3bcb095bb1a504528bf99158c/window/current/maximize HTTP/1.1
10136 [Forwarding maximizeWindow on session aea78ad3bcb095bb1a504528bf99158c to remote] DEBUG org.apache.http.headers  - http-outgoing-0 >> Content-Type: application/json; charset=utf-8
10137 [Forwarding maximizeWindow on session aea78ad3bcb095bb1a504528bf99158c to remote] DEBUG org.apache.http.headers  - http-outgoing-0 >> Content-Length: 26
10137 [Forwarding maximizeWindow on session aea78ad3bcb095bb1a504528bf99158c to remote] DEBUG org.apache.http.headers  - http-outgoing-0 >> Host: localhost:41706
10137 [Forwarding maximizeWindow on session aea78ad3bcb095bb1a504528bf99158c to remote] DEBUG org.apache.http.headers  - http-outgoing-0 >> Connection: Keep-Alive
10138 [Forwarding maximizeWindow on session aea78ad3bcb095bb1a504528bf99158c to remote] DEBUG org.apache.http.headers  - http-outgoing-0 >> User-Agent: Apache-HttpClient/4.5.1 (Java/1.8.0_181)
10138 [Forwarding maximizeWindow on session aea78ad3bcb095bb1a504528bf99158c to remote] DEBUG org.apache.http.headers  - http-outgoing-0 >> Accept-Encoding: gzip,deflate
10138 [Forwarding maximizeWindow on session aea78ad3bcb095bb1a504528bf99158c to remote] DEBUG org.apache.http.wire  - http-outgoing-0 >> "POST /session/aea78ad3bcb095bb1a504528bf99158c/window/current/maximize HTTP/1.1[\r][\n]"
10139 [Forwarding maximizeWindow on session aea78ad3bcb095bb1a504528bf99158c to remote] DEBUG org.apache.http.wire  - http-outgoing-0 >> "Content-Type: application/json; charset=utf-8[\r][\n]"
10139 [Forwarding maximizeWindow on session aea78ad3bcb095bb1a504528bf99158c to remote] DEBUG org.apache.http.wire  - http-outgoing-0 >> "Content-Length: 26[\r][\n]"
10139 [Forwarding maximizeWindow on session aea78ad3bcb095bb1a504528bf99158c to remote] DEBUG org.apache.http.wire  - http-outgoing-0 >> "Host: localhost:41706[\r][\n]"
10139 [Forwarding maximizeWindow on session aea78ad3bcb095bb1a504528bf99158c to remote] DEBUG org.apache.http.wire  - http-outgoing-0 >> "Connection: Keep-Alive[\r][\n]"
10140 [Forwarding maximizeWindow on session aea78ad3bcb095bb1a504528bf99158c to remote] DEBUG org.apache.http.wire  - http-outgoing-0 >> "User-Agent: Apache-HttpClient/4.5.1 (Java/1.8.0_181)[\r][\n]"
10140 [Forwarding maximizeWindow on session aea78ad3bcb095bb1a504528bf99158c to remote] DEBUG org.apache.http.wire  - http-outgoing-0 >> "Accept-Encoding: gzip,deflate[\r][\n]"
10140 [Forwarding maximizeWindow on session aea78ad3bcb095bb1a504528bf99158c to remote] DEBUG org.apache.http.wire  - http-outgoing-0 >> "[\r][\n]"
10141 [Forwarding maximizeWindow on session aea78ad3bcb095bb1a504528bf99158c to remote] DEBUG org.apache.http.wire  - http-outgoing-0 >> "{"windowHandle":"current"}"
11261 [Forwarding maximizeWindow on session aea78ad3bcb095bb1a504528bf99158c to remote] DEBUG org.apache.http.wire  - http-outgoing-0 << "HTTP/1.1 200 OK[\r][\n]"
11262 [Forwarding maximizeWindow on session aea78ad3bcb095bb1a504528bf99158c to remote] DEBUG org.apache.http.wire  - http-outgoing-0 << "Content-Length:109[\r][\n]"
11262 [Forwarding maximizeWindow on session aea78ad3bcb095bb1a504528bf99158c to remote] DEBUG org.apache.http.wire  - http-outgoing-0 << "Content-Type:application/json; charset=utf-8[\r][\n]"
11263 [Forwarding maximizeWindow on session aea78ad3bcb095bb1a504528bf99158c to remote] DEBUG org.apache.http.wire  - http-outgoing-0 << "[\r][\n]"
11264 [Forwarding maximizeWindow on session aea78ad3bcb095bb1a504528bf99158c to remote] DEBUG org.apache.http.wire  - http-outgoing-0 << "{"sessionId":"aea78ad3bcb095bb1a504528bf99158c","status":0,"value":{"height":876,"width":1616,"x":-8,"y":-8}}"
11264 [Forwarding maximizeWindow on session aea78ad3bcb095bb1a504528bf99158c to remote] DEBUG org.apache.http.headers  - http-outgoing-0 << HTTP/1.1 200 OK
11265 [Forwarding maximizeWindow on session aea78ad3bcb095bb1a504528bf99158c to remote] DEBUG org.apache.http.headers  - http-outgoing-0 << Content-Length:109
11265 [Forwarding maximizeWindow on session aea78ad3bcb095bb1a504528bf99158c to remote] DEBUG org.apache.http.headers  - http-outgoing-0 << Content-Type:application/json; charset=utf-8
11266 [Forwarding maximizeWindow on session aea78ad3bcb095bb1a504528bf99158c to remote] DEBUG org.apache.http.impl.execchain.MainClientExec  - Connection can be kept alive indefinitely
11267 [Forwarding maximizeWindow on session aea78ad3bcb095bb1a504528bf99158c to remote] DEBUG org.apache.http.impl.conn.PoolingHttpClientConnectionManager  - Connection [id: 0][route: {}->http://localhost:41706] can be kept alive indefinitely
11267 [Forwarding maximizeWindow on session aea78ad3bcb095bb1a504528bf99158c to remote] DEBUG org.apache.http.impl.conn.PoolingHttpClientConnectionManager  - Connection released: [id: 0][route: {}->http://localhost:41706][total kept alive: 1; route allocated: 1 of 2000; total allocated: 1 of 2000]
11274 [Forwarding setTimeout on session aea78ad3bcb095bb1a504528bf99158c to remote] DEBUG org.apache.http.client.protocol.RequestAddCookies  - CookieSpec selected: default
11275 [Forwarding setTimeout on session aea78ad3bcb095bb1a504528bf99158c to remote] DEBUG org.apache.http.client.protocol.RequestAuthCache  - Auth cache not set in the context
11276 [Forwarding setTimeout on session aea78ad3bcb095bb1a504528bf99158c to remote] DEBUG org.apache.http.impl.conn.PoolingHttpClientConnectionManager  - Connection request: [route: {}->http://localhost:41706][total kept alive: 1; route allocated: 1 of 2000; total allocated: 1 of 2000]
11277 [Forwarding setTimeout on session aea78ad3bcb095bb1a504528bf99158c to remote] DEBUG org.apache.http.impl.conn.PoolingHttpClientConnectionManager  - Connection leased: [id: 0][route: {}->http://localhost:41706][total kept alive: 0; route allocated: 1 of 2000; total allocated: 1 of 2000]
11277 [Forwarding setTimeout on session aea78ad3bcb095bb1a504528bf99158c to remote] DEBUG org.apache.http.impl.execchain.MainClientExec  - Stale connection check
11279 [Forwarding setTimeout on session aea78ad3bcb095bb1a504528bf99158c to remote] DEBUG org.apache.http.wire  - http-outgoing-0 << "[read] I/O error: Read timed out"
11280 [Forwarding setTimeout on session aea78ad3bcb095bb1a504528bf99158c to remote] DEBUG org.apache.http.impl.conn.DefaultManagedHttpClientConnection  - http-outgoing-0: set socket timeout to 10800000
11280 [Forwarding setTimeout on session aea78ad3bcb095bb1a504528bf99158c to remote] DEBUG org.apache.http.impl.execchain.MainClientExec  - Executing request POST /session/aea78ad3bcb095bb1a504528bf99158c/timeouts HTTP/1.1
11281 [Forwarding setTimeout on session aea78ad3bcb095bb1a504528bf99158c to remote] DEBUG org.apache.http.impl.execchain.MainClientExec  - Target auth state: UNCHALLENGED
11281 [Forwarding setTimeout on session aea78ad3bcb095bb1a504528bf99158c to remote] DEBUG org.apache.http.impl.execchain.MainClientExec  - Proxy auth state: UNCHALLENGED
11281 [Forwarding setTimeout on session aea78ad3bcb095bb1a504528bf99158c to remote] DEBUG org.apache.http.headers  - http-outgoing-0 >> POST /session/aea78ad3bcb095bb1a504528bf99158c/timeouts HTTP/1.1
11281 [Forwarding setTimeout on session aea78ad3bcb095bb1a504528bf99158c to remote] DEBUG org.apache.http.headers  - http-outgoing-0 >> Content-Type: application/json; charset=utf-8
11282 [Forwarding setTimeout on session aea78ad3bcb095bb1a504528bf99158c to remote] DEBUG org.apache.http.headers  - http-outgoing-0 >> Content-Length: 30
11282 [Forwarding setTimeout on session aea78ad3bcb095bb1a504528bf99158c to remote] DEBUG org.apache.http.headers  - http-outgoing-0 >> Host: localhost:41706
11282 [Forwarding setTimeout on session aea78ad3bcb095bb1a504528bf99158c to remote] DEBUG org.apache.http.headers  - http-outgoing-0 >> Connection: Keep-Alive
11282 [Forwarding setTimeout on session aea78ad3bcb095bb1a504528bf99158c to remote] DEBUG org.apache.http.headers  - http-outgoing-0 >> User-Agent: Apache-HttpClient/4.5.1 (Java/1.8.0_181)
11282 [Forwarding setTimeout on session aea78ad3bcb095bb1a504528bf99158c to remote] DEBUG org.apache.http.headers  - http-outgoing-0 >> Accept-Encoding: gzip,deflate
11283 [Forwarding setTimeout on session aea78ad3bcb095bb1a504528bf99158c to remote] DEBUG org.apache.http.wire  - http-outgoing-0 >> "POST /session/aea78ad3bcb095bb1a504528bf99158c/timeouts HTTP/1.1[\r][\n]"
11283 [Forwarding setTimeout on session aea78ad3bcb095bb1a504528bf99158c to remote] DEBUG org.apache.http.wire  - http-outgoing-0 >> "Content-Type: application/json; charset=utf-8[\r][\n]"
11283 [Forwarding setTimeout on session aea78ad3bcb095bb1a504528bf99158c to remote] DEBUG org.apache.http.wire  - http-outgoing-0 >> "Content-Length: 30[\r][\n]"
11283 [Forwarding setTimeout on session aea78ad3bcb095bb1a504528bf99158c to remote] DEBUG org.apache.http.wire  - http-outgoing-0 >> "Host: localhost:41706[\r][\n]"
11284 [Forwarding setTimeout on session aea78ad3bcb095bb1a504528bf99158c to remote] DEBUG org.apache.http.wire  - http-outgoing-0 >> "Connection: Keep-Alive[\r][\n]"
11284 [Forwarding setTimeout on session aea78ad3bcb095bb1a504528bf99158c to remote] DEBUG org.apache.http.wire  - http-outgoing-0 >> "User-Agent: Apache-HttpClient/4.5.1 (Java/1.8.0_181)[\r][\n]"
11284 [Forwarding setTimeout on session aea78ad3bcb095bb1a504528bf99158c to remote] DEBUG org.apache.http.wire  - http-outgoing-0 >> "Accept-Encoding: gzip,deflate[\r][\n]"
11284 [Forwarding setTimeout on session aea78ad3bcb095bb1a504528bf99158c to remote] DEBUG org.apache.http.wire  - http-outgoing-0 >> "[\r][\n]"
11284 [Forwarding setTimeout on session aea78ad3bcb095bb1a504528bf99158c to remote] DEBUG org.apache.http.wire  - http-outgoing-0 >> "{"type":"implicit","ms":10000}"
11286 [Forwarding setTimeout on session aea78ad3bcb095bb1a504528bf99158c to remote] DEBUG org.apache.http.wire  - http-outgoing-0 << "HTTP/1.1 200 OK[\r][\n]"
11287 [Forwarding setTimeout on session aea78ad3bcb095bb1a504528bf99158c to remote] DEBUG org.apache.http.wire  - http-outgoing-0 << "Content-Length:72[\r][\n]"
11287 [Forwarding setTimeout on session aea78ad3bcb095bb1a504528bf99158c to remote] DEBUG org.apache.http.wire  - http-outgoing-0 << "Content-Type:application/json; charset=utf-8[\r][\n]"
11288 [Forwarding setTimeout on session aea78ad3bcb095bb1a504528bf99158c to remote] DEBUG org.apache.http.wire  - http-outgoing-0 << "[\r][\n]"
11289 [Forwarding setTimeout on session aea78ad3bcb095bb1a504528bf99158c to remote] DEBUG org.apache.http.wire  - http-outgoing-0 << "{"sessionId":"aea78ad3bcb095bb1a504528bf99158c","status":0,"value":null}"
11289 [Forwarding setTimeout on session aea78ad3bcb095bb1a504528bf99158c to remote] DEBUG org.apache.http.headers  - http-outgoing-0 << HTTP/1.1 200 OK
11290 [Forwarding setTimeout on session aea78ad3bcb095bb1a504528bf99158c to remote] DEBUG org.apache.http.headers  - http-outgoing-0 << Content-Length:72
11290 [Forwarding setTimeout on session aea78ad3bcb095bb1a504528bf99158c to remote] DEBUG org.apache.http.headers  - http-outgoing-0 << Content-Type:application/json; charset=utf-8
11291 [Forwarding setTimeout on session aea78ad3bcb095bb1a504528bf99158c to remote] DEBUG org.apache.http.impl.execchain.MainClientExec  - Connection can be kept alive indefinitely
11291 [Forwarding setTimeout on session aea78ad3bcb095bb1a504528bf99158c to remote] DEBUG org.apache.http.impl.conn.PoolingHttpClientConnectionManager  - Connection [id: 0][route: {}->http://localhost:41706] can be kept alive indefinitely
11291 [Forwarding setTimeout on session aea78ad3bcb095bb1a504528bf99158c to remote] DEBUG org.apache.http.impl.conn.PoolingHttpClientConnectionManager  - Connection released: [id: 0][route: {}->http://localhost:41706][total kept alive: 1; route allocated: 1 of 2000; total allocated: 1 of 2000]
11323 [main] DEBUG devpinoyLogger  - Inside Login Test
11327 [Forwarding findElement on session aea78ad3bcb095bb1a504528bf99158c to remote] DEBUG org.apache.http.client.protocol.RequestAddCookies  - CookieSpec selected: default
11328 [Forwarding findElement on session aea78ad3bcb095bb1a504528bf99158c to remote] DEBUG org.apache.http.client.protocol.RequestAuthCache  - Auth cache not set in the context
11328 [Forwarding findElement on session aea78ad3bcb095bb1a504528bf99158c to remote] DEBUG org.apache.http.impl.conn.PoolingHttpClientConnectionManager  - Connection request: [route: {}->http://localhost:41706][total kept alive: 1; route allocated: 1 of 2000; total allocated: 1 of 2000]
11328 [Forwarding findElement on session aea78ad3bcb095bb1a504528bf99158c to remote] DEBUG org.apache.http.impl.conn.PoolingHttpClientConnectionManager  - Connection leased: [id: 0][route: {}->http://localhost:41706][total kept alive: 0; route allocated: 1 of 2000; total allocated: 1 of 2000]
11329 [Forwarding findElement on session aea78ad3bcb095bb1a504528bf99158c to remote] DEBUG org.apache.http.impl.execchain.MainClientExec  - Stale connection check
11330 [Forwarding findElement on session aea78ad3bcb095bb1a504528bf99158c to remote] DEBUG org.apache.http.wire  - http-outgoing-0 << "[read] I/O error: Read timed out"
11330 [Forwarding findElement on session aea78ad3bcb095bb1a504528bf99158c to remote] DEBUG org.apache.http.impl.conn.DefaultManagedHttpClientConnection  - http-outgoing-0: set socket timeout to 10800000
11330 [Forwarding findElement on session aea78ad3bcb095bb1a504528bf99158c to remote] DEBUG org.apache.http.impl.execchain.MainClientExec  - Executing request POST /session/aea78ad3bcb095bb1a504528bf99158c/element HTTP/1.1
11331 [Forwarding findElement on session aea78ad3bcb095bb1a504528bf99158c to remote] DEBUG org.apache.http.impl.execchain.MainClientExec  - Target auth state: UNCHALLENGED
11331 [Forwarding findElement on session aea78ad3bcb095bb1a504528bf99158c to remote] DEBUG org.apache.http.impl.execchain.MainClientExec  - Proxy auth state: UNCHALLENGED
11331 [Forwarding findElement on session aea78ad3bcb095bb1a504528bf99158c to remote] DEBUG org.apache.http.headers  - http-outgoing-0 >> POST /session/aea78ad3bcb095bb1a504528bf99158c/element HTTP/1.1
11332 [Forwarding findElement on session aea78ad3bcb095bb1a504528bf99158c to remote] DEBUG org.apache.http.headers  - http-outgoing-0 >> Content-Type: application/json; charset=utf-8
11332 [Forwarding findElement on session aea78ad3bcb095bb1a504528bf99158c to remote] DEBUG org.apache.http.headers  - http-outgoing-0 >> Content-Length: 81
11332 [Forwarding findElement on session aea78ad3bcb095bb1a504528bf99158c to remote] DEBUG org.apache.http.headers  - http-outgoing-0 >> Host: localhost:41706
11332 [Forwarding findElement on session aea78ad3bcb095bb1a504528bf99158c to remote] DEBUG org.apache.http.headers  - http-outgoing-0 >> Connection: Keep-Alive
11333 [Forwarding findElement on session aea78ad3bcb095bb1a504528bf99158c to remote] DEBUG org.apache.http.headers  - http-outgoing-0 >> User-Agent: Apache-HttpClient/4.5.1 (Java/1.8.0_181)
11333 [Forwarding findElement on session aea78ad3bcb095bb1a504528bf99158c to remote] DEBUG org.apache.http.headers  - http-outgoing-0 >> Accept-Encoding: gzip,deflate
11333 [Forwarding findElement on session aea78ad3bcb095bb1a504528bf99158c to remote] DEBUG org.apache.http.wire  - http-outgoing-0 >> "POST /session/aea78ad3bcb095bb1a504528bf99158c/element HTTP/1.1[\r][\n]"
11333 [Forwarding findElement on session aea78ad3bcb095bb1a504528bf99158c to remote] DEBUG org.apache.http.wire  - http-outgoing-0 >> "Content-Type: application/json; charset=utf-8[\r][\n]"
11334 [Forwarding findElement on session aea78ad3bcb095bb1a504528bf99158c to remote] DEBUG org.apache.http.wire  - http-outgoing-0 >> "Content-Length: 81[\r][\n]"
11334 [Forwarding findElement on session aea78ad3bcb095bb1a504528bf99158c to remote] DEBUG org.apache.http.wire  - http-outgoing-0 >> "Host: localhost:41706[\r][\n]"
11334 [Forwarding findElement on session aea78ad3bcb095bb1a504528bf99158c to remote] DEBUG org.apache.http.wire  - http-outgoing-0 >> "Connection: Keep-Alive[\r][\n]"
11335 [Forwarding findElement on session aea78ad3bcb095bb1a504528bf99158c to remote] DEBUG org.apache.http.wire  - http-outgoing-0 >> "User-Agent: Apache-HttpClient/4.5.1 (Java/1.8.0_181)[\r][\n]"
11335 [Forwarding findElement on session aea78ad3bcb095bb1a504528bf99158c to remote] DEBUG org.apache.http.wire  - http-outgoing-0 >> "Accept-Encoding: gzip,deflate[\r][\n]"
11335 [Forwarding findElement on session aea78ad3bcb095bb1a504528bf99158c to remote] DEBUG org.apache.http.wire  - http-outgoing-0 >> "[\r][\n]"
11335 [Forwarding findElement on session aea78ad3bcb095bb1a504528bf99158c to remote] DEBUG org.apache.http.wire  - http-outgoing-0 >> "{"using":"css selector","value":"div > div:last-child > .btn.btn-primary.btn-lg"}"
11352 [Forwarding findElement on session aea78ad3bcb095bb1a504528bf99158c to remote] DEBUG org.apache.http.wire  - http-outgoing-0 << "HTTP/1.1 200 OK[\r][\n]"
11352 [Forwarding findElement on session aea78ad3bcb095bb1a504528bf99158c to remote] DEBUG org.apache.http.wire  - http-outgoing-0 << "Content-Length:101[\r][\n]"
11352 [Forwarding findElement on session aea78ad3bcb095bb1a504528bf99158c to remote] DEBUG org.apache.http.wire  - http-outgoing-0 << "Content-Type:application/json; charset=utf-8[\r][\n]"
11352 [Forwarding findElement on session aea78ad3bcb095bb1a504528bf99158c to remote] DEBUG org.apache.http.wire  - http-outgoing-0 << "[\r][\n]"
11353 [Forwarding findElement on session aea78ad3bcb095bb1a504528bf99158c to remote] DEBUG org.apache.http.wire  - http-outgoing-0 << "{"sessionId":"aea78ad3bcb095bb1a504528bf99158c","status":0,"value":{"ELEMENT":"0.510386716253812-1"}}"
11353 [Forwarding findElement on session aea78ad3bcb095bb1a504528bf99158c to remote] DEBUG org.apache.http.headers  - http-outgoing-0 << HTTP/1.1 200 OK
11353 [Forwarding findElement on session aea78ad3bcb095bb1a504528bf99158c to remote] DEBUG org.apache.http.headers  - http-outgoing-0 << Content-Length:101
11353 [Forwarding findElement on session aea78ad3bcb095bb1a504528bf99158c to remote] DEBUG org.apache.http.headers  - http-outgoing-0 << Content-Type:application/json; charset=utf-8
11354 [Forwarding findElement on session aea78ad3bcb095bb1a504528bf99158c to remote] DEBUG org.apache.http.impl.execchain.MainClientExec  - Connection can be kept alive indefinitely
11354 [Forwarding findElement on session aea78ad3bcb095bb1a504528bf99158c to remote] DEBUG org.apache.http.impl.conn.PoolingHttpClientConnectionManager  - Connection [id: 0][route: {}->http://localhost:41706] can be kept alive indefinitely
11354 [Forwarding findElement on session aea78ad3bcb095bb1a504528bf99158c to remote] DEBUG org.apache.http.impl.conn.PoolingHttpClientConnectionManager  - Connection released: [id: 0][route: {}->http://localhost:41706][total kept alive: 1; route allocated: 1 of 2000; total allocated: 1 of 2000]
11359 [Forwarding clickElement on session aea78ad3bcb095bb1a504528bf99158c to remote] DEBUG org.apache.http.client.protocol.RequestAddCookies  - CookieSpec selected: default
11359 [Forwarding clickElement on session aea78ad3bcb095bb1a504528bf99158c to remote] DEBUG org.apache.http.client.protocol.RequestAuthCache  - Auth cache not set in the context
11359 [Forwarding clickElement on session aea78ad3bcb095bb1a504528bf99158c to remote] DEBUG org.apache.http.impl.conn.PoolingHttpClientConnectionManager  - Connection request: [route: {}->http://localhost:41706][total kept alive: 1; route allocated: 1 of 2000; total allocated: 1 of 2000]
11359 [Forwarding clickElement on session aea78ad3bcb095bb1a504528bf99158c to remote] DEBUG org.apache.http.impl.conn.PoolingHttpClientConnectionManager  - Connection leased: [id: 0][route: {}->http://localhost:41706][total kept alive: 0; route allocated: 1 of 2000; total allocated: 1 of 2000]
11359 [Forwarding clickElement on session aea78ad3bcb095bb1a504528bf99158c to remote] DEBUG org.apache.http.impl.execchain.MainClientExec  - Stale connection check
11374 [Forwarding clickElement on session aea78ad3bcb095bb1a504528bf99158c to remote] DEBUG org.apache.http.wire  - http-outgoing-0 << "[read] I/O error: Read timed out"
11374 [Forwarding clickElement on session aea78ad3bcb095bb1a504528bf99158c to remote] DEBUG org.apache.http.impl.conn.DefaultManagedHttpClientConnection  - http-outgoing-0: set socket timeout to 10800000
11374 [Forwarding clickElement on session aea78ad3bcb095bb1a504528bf99158c to remote] DEBUG org.apache.http.impl.execchain.MainClientExec  - Executing request POST /session/aea78ad3bcb095bb1a504528bf99158c/element/0.510386716253812-1/click HTTP/1.1
11374 [Forwarding clickElement on session aea78ad3bcb095bb1a504528bf99158c to remote] DEBUG org.apache.http.impl.execchain.MainClientExec  - Target auth state: UNCHALLENGED
11374 [Forwarding clickElement on session aea78ad3bcb095bb1a504528bf99158c to remote] DEBUG org.apache.http.impl.execchain.MainClientExec  - Proxy auth state: UNCHALLENGED
11374 [Forwarding clickElement on session aea78ad3bcb095bb1a504528bf99158c to remote] DEBUG org.apache.http.headers  - http-outgoing-0 >> POST /session/aea78ad3bcb095bb1a504528bf99158c/element/0.510386716253812-1/click HTTP/1.1
11374 [Forwarding clickElement on session aea78ad3bcb095bb1a504528bf99158c to remote] DEBUG org.apache.http.headers  - http-outgoing-0 >> Content-Type: application/json; charset=utf-8
11374 [Forwarding clickElement on session aea78ad3bcb095bb1a504528bf99158c to remote] DEBUG org.apache.http.headers  - http-outgoing-0 >> Content-Length: 28
11374 [Forwarding clickElement on session aea78ad3bcb095bb1a504528bf99158c to remote] DEBUG org.apache.http.headers  - http-outgoing-0 >> Host: localhost:41706
11374 [Forwarding clickElement on session aea78ad3bcb095bb1a504528bf99158c to remote] DEBUG org.apache.http.headers  - http-outgoing-0 >> Connection: Keep-Alive
11374 [Forwarding clickElement on session aea78ad3bcb095bb1a504528bf99158c to remote] DEBUG org.apache.http.headers  - http-outgoing-0 >> User-Agent: Apache-HttpClient/4.5.1 (Java/1.8.0_181)
11374 [Forwarding clickElement on session aea78ad3bcb095bb1a504528bf99158c to remote] DEBUG org.apache.http.headers  - http-outgoing-0 >> Accept-Encoding: gzip,deflate
11374 [Forwarding clickElement on session aea78ad3bcb095bb1a504528bf99158c to remote] DEBUG org.apache.http.wire  - http-outgoing-0 >> "POST /session/aea78ad3bcb095bb1a504528bf99158c/element/0.510386716253812-1/click HTTP/1.1[\r][\n]"
11374 [Forwarding clickElement on session aea78ad3bcb095bb1a504528bf99158c to remote] DEBUG org.apache.http.wire  - http-outgoing-0 >> "Content-Type: application/json; charset=utf-8[\r][\n]"
11374 [Forwarding clickElement on session aea78ad3bcb095bb1a504528bf99158c to remote] DEBUG org.apache.http.wire  - http-outgoing-0 >> "Content-Length: 28[\r][\n]"
11374 [Forwarding clickElement on session aea78ad3bcb095bb1a504528bf99158c to remote] DEBUG org.apache.http.wire  - http-outgoing-0 >> "Host: localhost:41706[\r][\n]"
11374 [Forwarding clickElement on session aea78ad3bcb095bb1a504528bf99158c to remote] DEBUG org.apache.http.wire  - http-outgoing-0 >> "Connection: Keep-Alive[\r][\n]"
11374 [Forwarding clickElement on session aea78ad3bcb095bb1a504528bf99158c to remote] DEBUG org.apache.http.wire  - http-outgoing-0 >> "User-Agent: Apache-HttpClient/4.5.1 (Java/1.8.0_181)[\r][\n]"
11374 [Forwarding clickElement on session aea78ad3bcb095bb1a504528bf99158c to remote] DEBUG org.apache.http.wire  - http-outgoing-0 >> "Accept-Encoding: gzip,deflate[\r][\n]"
11374 [Forwarding clickElement on session aea78ad3bcb095bb1a504528bf99158c to remote] DEBUG org.apache.http.wire  - http-outgoing-0 >> "[\r][\n]"
11374 [Forwarding clickElement on session aea78ad3bcb095bb1a504528bf99158c to remote] DEBUG org.apache.http.wire  - http-outgoing-0 >> "{"id":"0.510386716253812-1"}"
11452 [Forwarding clickElement on session aea78ad3bcb095bb1a504528bf99158c to remote] DEBUG org.apache.http.wire  - http-outgoing-0 << "HTTP/1.1 200 OK[\r][\n]"
11452 [Forwarding clickElement on session aea78ad3bcb095bb1a504528bf99158c to remote] DEBUG org.apache.http.wire  - http-outgoing-0 << "Content-Length:72[\r][\n]"
11452 [Forwarding clickElement on session aea78ad3bcb095bb1a504528bf99158c to remote] DEBUG org.apache.http.wire  - http-outgoing-0 << "Content-Type:application/json; charset=utf-8[\r][\n]"
11452 [Forwarding clickElement on session aea78ad3bcb095bb1a504528bf99158c to remote] DEBUG org.apache.http.wire  - http-outgoing-0 << "[\r][\n]"
11452 [Forwarding clickElement on session aea78ad3bcb095bb1a504528bf99158c to remote] DEBUG org.apache.http.wire  - http-outgoing-0 << "{"sessionId":"aea78ad3bcb095bb1a504528bf99158c","status":0,"value":null}"
11452 [Forwarding clickElement on session aea78ad3bcb095bb1a504528bf99158c to remote] DEBUG org.apache.http.headers  - http-outgoing-0 << HTTP/1.1 200 OK
11452 [Forwarding clickElement on session aea78ad3bcb095bb1a504528bf99158c to remote] DEBUG org.apache.http.headers  - http-outgoing-0 << Content-Length:72
11452 [Forwarding clickElement on session aea78ad3bcb095bb1a504528bf99158c to remote] DEBUG org.apache.http.headers  - http-outgoing-0 << Content-Type:application/json; charset=utf-8
11452 [Forwarding clickElement on session aea78ad3bcb095bb1a504528bf99158c to remote] DEBUG org.apache.http.impl.execchain.MainClientExec  - Connection can be kept alive indefinitely
11452 [Forwarding clickElement on session aea78ad3bcb095bb1a504528bf99158c to remote] DEBUG org.apache.http.impl.conn.PoolingHttpClientConnectionManager  - Connection [id: 0][route: {}->http://localhost:41706] can be kept alive indefinitely
11452 [Forwarding clickElement on session aea78ad3bcb095bb1a504528bf99158c to remote] DEBUG org.apache.http.impl.conn.PoolingHttpClientConnectionManager  - Connection released: [id: 0][route: {}->http://localhost:41706][total kept alive: 1; route allocated: 1 of 2000; total allocated: 1 of 2000]
11452 [Forwarding findElement on session aea78ad3bcb095bb1a504528bf99158c to remote] DEBUG org.apache.http.client.protocol.RequestAddCookies  - CookieSpec selected: default
11452 [Forwarding findElement on session aea78ad3bcb095bb1a504528bf99158c to remote] DEBUG org.apache.http.client.protocol.RequestAuthCache  - Auth cache not set in the context
11452 [Forwarding findElement on session aea78ad3bcb095bb1a504528bf99158c to remote] DEBUG org.apache.http.impl.conn.PoolingHttpClientConnectionManager  - Connection request: [route: {}->http://localhost:41706][total kept alive: 1; route allocated: 1 of 2000; total allocated: 1 of 2000]
11452 [Forwarding findElement on session aea78ad3bcb095bb1a504528bf99158c to remote] DEBUG org.apache.http.impl.conn.PoolingHttpClientConnectionManager  - Connection leased: [id: 0][route: {}->http://localhost:41706][total kept alive: 0; route allocated: 1 of 2000; total allocated: 1 of 2000]
11452 [Forwarding findElement on session aea78ad3bcb095bb1a504528bf99158c to remote] DEBUG org.apache.http.impl.execchain.MainClientExec  - Stale connection check
11468 [Forwarding findElement on session aea78ad3bcb095bb1a504528bf99158c to remote] DEBUG org.apache.http.wire  - http-outgoing-0 << "[read] I/O error: Read timed out"
11468 [Forwarding findElement on session aea78ad3bcb095bb1a504528bf99158c to remote] DEBUG org.apache.http.impl.conn.DefaultManagedHttpClientConnection  - http-outgoing-0: set socket timeout to 10800000
11469 [Forwarding findElement on session aea78ad3bcb095bb1a504528bf99158c to remote] DEBUG org.apache.http.impl.execchain.MainClientExec  - Executing request POST /session/aea78ad3bcb095bb1a504528bf99158c/element HTTP/1.1
11470 [Forwarding findElement on session aea78ad3bcb095bb1a504528bf99158c to remote] DEBUG org.apache.http.impl.execchain.MainClientExec  - Target auth state: UNCHALLENGED
11470 [Forwarding findElement on session aea78ad3bcb095bb1a504528bf99158c to remote] DEBUG org.apache.http.impl.execchain.MainClientExec  - Proxy auth state: UNCHALLENGED
11470 [Forwarding findElement on session aea78ad3bcb095bb1a504528bf99158c to remote] DEBUG org.apache.http.headers  - http-outgoing-0 >> POST /session/aea78ad3bcb095bb1a504528bf99158c/element HTTP/1.1
11471 [Forwarding findElement on session aea78ad3bcb095bb1a504528bf99158c to remote] DEBUG org.apache.http.headers  - http-outgoing-0 >> Content-Type: application/json; charset=utf-8
11471 [Forwarding findElement on session aea78ad3bcb095bb1a504528bf99158c to remote] DEBUG org.apache.http.headers  - http-outgoing-0 >> Content-Length: 63
11472 [Forwarding findElement on session aea78ad3bcb095bb1a504528bf99158c to remote] DEBUG org.apache.http.headers  - http-outgoing-0 >> Host: localhost:41706
11472 [Forwarding findElement on session aea78ad3bcb095bb1a504528bf99158c to remote] DEBUG org.apache.http.headers  - http-outgoing-0 >> Connection: Keep-Alive
11473 [Forwarding findElement on session aea78ad3bcb095bb1a504528bf99158c to remote] DEBUG org.apache.http.headers  - http-outgoing-0 >> User-Agent: Apache-HttpClient/4.5.1 (Java/1.8.0_181)
11473 [Forwarding findElement on session aea78ad3bcb095bb1a504528bf99158c to remote] DEBUG org.apache.http.headers  - http-outgoing-0 >> Accept-Encoding: gzip,deflate
11474 [Forwarding findElement on session aea78ad3bcb095bb1a504528bf99158c to remote] DEBUG org.apache.http.wire  - http-outgoing-0 >> "POST /session/aea78ad3bcb095bb1a504528bf99158c/element HTTP/1.1[\r][\n]"
11474 [Forwarding findElement on session aea78ad3bcb095bb1a504528bf99158c to remote] DEBUG org.apache.http.wire  - http-outgoing-0 >> "Content-Type: application/json; charset=utf-8[\r][\n]"
11475 [Forwarding findElement on session aea78ad3bcb095bb1a504528bf99158c to remote] DEBUG org.apache.http.wire  - http-outgoing-0 >> "Content-Length: 63[\r][\n]"
11475 [Forwarding findElement on session aea78ad3bcb095bb1a504528bf99158c to remote] DEBUG org.apache.http.wire  - http-outgoing-0 >> "Host: localhost:41706[\r][\n]"
11476 [Forwarding findElement on session aea78ad3bcb095bb1a504528bf99158c to remote] DEBUG org.apache.http.wire  - http-outgoing-0 >> "Connection: Keep-Alive[\r][\n]"
11476 [Forwarding findElement on session aea78ad3bcb095bb1a504528bf99158c to remote] DEBUG org.apache.http.wire  - http-outgoing-0 >> "User-Agent: Apache-HttpClient/4.5.1 (Java/1.8.0_181)[\r][\n]"
11476 [Forwarding findElement on session aea78ad3bcb095bb1a504528bf99158c to remote] DEBUG org.apache.http.wire  - http-outgoing-0 >> "Accept-Encoding: gzip,deflate[\r][\n]"
11477 [Forwarding findElement on session aea78ad3bcb095bb1a504528bf99158c to remote] DEBUG org.apache.http.wire  - http-outgoing-0 >> "[\r][\n]"
11477 [Forwarding findElement on session aea78ad3bcb095bb1a504528bf99158c to remote] DEBUG org.apache.http.wire  - http-outgoing-0 >> "{"using":"css selector","value":"button[ng-click='addCust()']"}"
11808 [Forwarding findElement on session aea78ad3bcb095bb1a504528bf99158c to remote] DEBUG org.apache.http.wire  - http-outgoing-0 << "HTTP/1.1 200 OK[\r][\n]"
11808 [Forwarding findElement on session aea78ad3bcb095bb1a504528bf99158c to remote] DEBUG org.apache.http.wire  - http-outgoing-0 << "Content-Length:101[\r][\n]"
11808 [Forwarding findElement on session aea78ad3bcb095bb1a504528bf99158c to remote] DEBUG org.apache.http.wire  - http-outgoing-0 << "Content-Type:application/json; charset=utf-8[\r][\n]"
11809 [Forwarding findElement on session aea78ad3bcb095bb1a504528bf99158c to remote] DEBUG org.apache.http.wire  - http-outgoing-0 << "[\r][\n]"
11809 [Forwarding findElement on session aea78ad3bcb095bb1a504528bf99158c to remote] DEBUG org.apache.http.wire  - http-outgoing-0 << "{"sessionId":"aea78ad3bcb095bb1a504528bf99158c","status":0,"value":{"ELEMENT":"0.510386716253812-2"}}"
11809 [Forwarding findElement on session aea78ad3bcb095bb1a504528bf99158c to remote] DEBUG org.apache.http.headers  - http-outgoing-0 << HTTP/1.1 200 OK
11809 [Forwarding findElement on session aea78ad3bcb095bb1a504528bf99158c to remote] DEBUG org.apache.http.headers  - http-outgoing-0 << Content-Length:101
11810 [Forwarding findElement on session aea78ad3bcb095bb1a504528bf99158c to remote] DEBUG org.apache.http.headers  - http-outgoing-0 << Content-Type:application/json; charset=utf-8
11810 [Forwarding findElement on session aea78ad3bcb095bb1a504528bf99158c to remote] DEBUG org.apache.http.impl.execchain.MainClientExec  - Connection can be kept alive indefinitely
11810 [Forwarding findElement on session aea78ad3bcb095bb1a504528bf99158c to remote] DEBUG org.apache.http.impl.conn.PoolingHttpClientConnectionManager  - Connection [id: 0][route: {}->http://localhost:41706] can be kept alive indefinitely
11811 [Forwarding findElement on session aea78ad3bcb095bb1a504528bf99158c to remote] DEBUG org.apache.http.impl.conn.PoolingHttpClientConnectionManager  - Connection released: [id: 0][route: {}->http://localhost:41706][total kept alive: 1; route allocated: 1 of 2000; total allocated: 1 of 2000]
11811 [main] DEBUG devpinoyLogger  - Element found: Test Passed
11814 [main] DEBUG devpinoyLogger  - Login successfully executed
11818 [Forwarding screenshot on session aea78ad3bcb095bb1a504528bf99158c to remote] DEBUG org.apache.http.client.protocol.RequestAddCookies  - CookieSpec selected: default
11818 [Forwarding screenshot on session aea78ad3bcb095bb1a504528bf99158c to remote] DEBUG org.apache.http.client.protocol.RequestAuthCache  - Auth cache not set in the context
11819 [Forwarding screenshot on session aea78ad3bcb095bb1a504528bf99158c to remote] DEBUG org.apache.http.impl.conn.PoolingHttpClientConnectionManager  - Connection request: [route: {}->http://localhost:41706][total kept alive: 1; route allocated: 1 of 2000; total allocated: 1 of 2000]
11819 [Forwarding screenshot on session aea78ad3bcb095bb1a504528bf99158c to remote] DEBUG org.apache.http.impl.conn.PoolingHttpClientConnectionManager  - Connection leased: [id: 0][route: {}->http://localhost:41706][total kept alive: 0; route allocated: 1 of 2000; total allocated: 1 of 2000]
11819 [Forwarding screenshot on session aea78ad3bcb095bb1a504528bf99158c to remote] DEBUG org.apache.http.impl.execchain.MainClientExec  - Stale connection check
11820 [Forwarding screenshot on session aea78ad3bcb095bb1a504528bf99158c to remote] DEBUG org.apache.http.wire  - http-outgoing-0 << "[read] I/O error: Read timed out"
11820 [Forwarding screenshot on session aea78ad3bcb095bb1a504528bf99158c to remote] DEBUG org.apache.http.impl.conn.DefaultManagedHttpClientConnection  - http-outgoing-0: set socket timeout to 10800000
11820 [Forwarding screenshot on session aea78ad3bcb095bb1a504528bf99158c to remote] DEBUG org.apache.http.impl.execchain.MainClientExec  - Executing request GET /session/aea78ad3bcb095bb1a504528bf99158c/screenshot HTTP/1.1
11820 [Forwarding screenshot on session aea78ad3bcb095bb1a504528bf99158c to remote] DEBUG org.apache.http.impl.execchain.MainClientExec  - Target auth state: UNCHALLENGED
11821 [Forwarding screenshot on session aea78ad3bcb095bb1a504528bf99158c to remote] DEBUG org.apache.http.impl.execchain.MainClientExec  - Proxy auth state: UNCHALLENGED
11821 [Forwarding screenshot on session aea78ad3bcb095bb1a504528bf99158c to remote] DEBUG org.apache.http.headers  - http-outgoing-0 >> GET /session/aea78ad3bcb095bb1a504528bf99158c/screenshot HTTP/1.1
11821 [Forwarding screenshot on session aea78ad3bcb095bb1a504528bf99158c to remote] DEBUG org.apache.http.headers  - http-outgoing-0 >> Cache-Control: no-cache
11821 [Forwarding screenshot on session aea78ad3bcb095bb1a504528bf99158c to remote] DEBUG org.apache.http.headers  - http-outgoing-0 >> Host: localhost:41706
11821 [Forwarding screenshot on session aea78ad3bcb095bb1a504528bf99158c to remote] DEBUG org.apache.http.headers  - http-outgoing-0 >> Connection: Keep-Alive
11822 [Forwarding screenshot on session aea78ad3bcb095bb1a504528bf99158c to remote] DEBUG org.apache.http.headers  - http-outgoing-0 >> User-Agent: Apache-HttpClient/4.5.1 (Java/1.8.0_181)
11822 [Forwarding screenshot on session aea78ad3bcb095bb1a504528bf99158c to remote] DEBUG org.apache.http.headers  - http-outgoing-0 >> Accept-Encoding: gzip,deflate
11822 [Forwarding screenshot on session aea78ad3bcb095bb1a504528bf99158c to remote] DEBUG org.apache.http.wire  - http-outgoing-0 >> "GET /session/aea78ad3bcb095bb1a504528bf99158c/screenshot HTTP/1.1[\r][\n]"
11822 [Forwarding screenshot on session aea78ad3bcb095bb1a504528bf99158c to remote] DEBUG org.apache.http.wire  - http-outgoing-0 >> "Cache-Control: no-cache[\r][\n]"
11822 [Forwarding screenshot on session aea78ad3bcb095bb1a504528bf99158c to remote] DEBUG org.apache.http.wire  - http-outgoing-0 >> "Host: localhost:41706[\r][\n]"
11822 [Forwarding screenshot on session aea78ad3bcb095bb1a504528bf99158c to remote] DEBUG org.apache.http.wire  - http-outgoing-0 >> "Connection: Keep-Alive[\r][\n]"
11823 [Forwarding screenshot on session aea78ad3bcb095bb1a504528bf99158c to remote] DEBUG org.apache.http.wire  - http-outgoing-0 >> "User-Agent: Apache-HttpClient/4.5.1 (Java/1.8.0_181)[\r][\n]"
11823 [Forwarding screenshot on session aea78ad3bcb095bb1a504528bf99158c to remote] DEBUG org.apache.http.wire  - http-outgoing-0 >> "Accept-Encoding: gzip,deflate[\r][\n]"
11823 [Forwarding screenshot on session aea78ad3bcb095bb1a504528bf99158c to remote] DEBUG org.apache.http.wire  - http-outgoing-0 >> "[\r][\n]"
12169 [Forwarding screenshot on session aea78ad3bcb095bb1a504528bf99158c to remote] DEBUG org.apache.http.wire  - http-outgoing-0 << "HTTP/1.1 200 OK[\r][\n]"
12169 [Forwarding screenshot on session aea78ad3bcb095bb1a504528bf99158c to remote] DEBUG org.apache.http.wire  - http-outgoing-0 << "Content-Length:19758[\r][\n]"
12169 [Forwarding screenshot on session aea78ad3bcb095bb1a504528bf99158c to remote] DEBUG org.apache.http.wire  - http-outgoing-0 << "Content-Type:application/json; charset=utf-8[\r][\n]"
12169 [Forwarding screenshot on session aea78ad3bcb095bb1a504528bf99158c to remote] DEBUG org.apache.http.wire  - http-outgoing-0 << "[\r][\n]"
12170 [Forwarding screenshot on session aea78ad3bcb095bb1a504528bf99158c to remote] DEBUG org.apache.http.wire  - http-outgoing-0 << "{"sessionId":"aea78ad3bcb095bb1a504528bf99158c","status":0,"value":"iVBORw0KGgoAAAANSUhEUgAABkAAAALpCAYAAADrUOqSAAAAAXNSR0IArs4c6QAAIABJREFUeJzs3XFs3PVh9/EPBYwqgrBCizyFgbplefKk28TRqS6PlqcirFKzYlLUxkiFSDR7lDrbSqXWVE0a8WQojSvqVhpPt7jRGtCTgIQzRInZk0pVgiomMU9rL5o2xNJsExlRLToioxlVMWN5/rCd3J3Pjp3YueSb10uqBHc/331/d7871N/7vt/fVSMjI6cDAAAAAABQkPe1egAAAAAAAAALTQABAAAAAACKI4AAAAAAAADFEUAAAAAAAIDiCCAAAAAAAEBxBBAAAAAAAKA4AggAAAAAAFAcAQQAAAAAACiOAAIAAAAAABRHAAEAAAAAAIojgAAAAAAAAMURQAAAAAAAgOIIIAAAAAAAQHEEEAAAAAAAoDgCCAAAAAAAUBwBBAAAAAAAKI4AAgAAAAAAFEcAAQAAAAAAiiOAAAAAAAAAxbmm1QMAoEyf+9znWj0EAADgMvLMM8+0eggAFMYMEAAAAAAAoDgCCAAAAAAAUBwBBAAAAAAAKI4AAgAAAAAAFEcAAQAAAAAAiiOAAAAAAAAAxRFAAAAAAACA4gggAAAAAABAcQQQAAAAAACgOAIIAAAAAABQHAEEAAAAAAAojgACAAAAAAAURwABAAAAAACKI4AAAAAAAADFEUAAAAAAAIDiCCAAAAAAAEBxBBAAAAAAAKA4AggAAAAAAFAcAQQAAAAAACjONa0eAADM1W233ZZ77rknq1atSltbW6uHs2jGx8fz6quv5sUXX8zrr7/e6uEAAAAAXJYEEAAuC7fddlu++tWvFh0+prS1teX222/PqlWr8vjjj4sgAAAAAOfBElgAXBbuueeeKyJ+1Gpra8s999zT6mEAAAAAXJYEEAAuC6tWrWr1EFriSt1vAAAAgAslgABwWbjSZn9MuVL3GwAAAOBCCSAAAAAAAEBxBBAAAAAAAKA4AggAAAAAAFAcAQQAAAAAACjONa0eAAAAsAju7M2Tj67NrW01t50cTv/6rTk4w590fu3p7PxER91t48f25/OPjefr33sgq95fe8/JDH9rfbb+cPZhVB55Mv2fvLXutpEfbc0D3xzO+m+/kJ7bl8x1jxqMpbprXXr/cm5b9z55KGtvPfd2U8Z/OZ7xt4+l+qMfZOCpQxk5v0FeRL158tDanN3F+b0+AABQIjNAAACgRK/0Z+DHDaftl3bmwUc7m29/Z296Pl4fPzJ+PId2D2TkxJ5846+OZbz+wdK5YXtmeLQJyzZm48cbqsPJ4ez75vCcdqGV2t7fliUdq7J6w9Y8+X+3Z92yVo8IAACYLwEEAAAKNfzNJ/JyQwPp+PjD2X5n45aV9P7B3fWzRZKM/Hgg/T+Z/OddAzn0r/UJJB2d2bi5IZrUWP/ldQ2zRsZSfXbmGSiXqrZlq9PzaE9m3lMAAOBSJIAAUK7X9qa773BGp90xmsN93el7afo9AGUZzvbvvtywfFNHVv9x/cyNypcfzt0faqgfJw7libqZGtX0f3+44bHasvyTvVnf7Knv3J5PNyxvNXZkX/oXakmmk/+YQxdxeae25evy9Q0X7/kAAIAL5xogAABQsle2Z98r+9N759Kzt3WszsNf68wD3xxOlvWk5xO3pj5/jOTlXTszbaGqZo+1pJLuHWuzf1vtvI6O9DzUWT9j4pev5oXv7K8LKPu/si77Zx18R9Z/+3vTrxMyfjwHv3NhM0nGjgxk3VeaP/vyOx/Ipzd8Omv/W81+pi233r4+2Tv7iAEAgEuHGSAAkEzMFununvxfXw6/dfau0Zf60r3vaI7u6z6zzd7XJm+f+pt9R2sebGKGyZn7ms5CAbh4Dm7bk+GT9bd1rHk4W+/syMavrcvyhskfJ1/Zl+2vzPRYg6m+XX/b0o92p/cjNY/90Nezru5Bx3P88J7sOTG/cXfc35sHp10kfSzVp7akf4bxLYRjrzyd/j/cOW35sCVLb1u8JwUAABacGSAA8NredD/6Rnp2DWbNTZP/vrkv2bVl4t+T5MC2DD82mMEHJ8LHpke7M3TvjgwObkneOpy+zc/l8NotWXPTaA73bcrwx3ZncEt7kuTovu5s2ndLBh9c0bJdBK50B7P12bvzwuZKzuSEqzuy+sv/J1naUD/ermZw22xzK/an/9nOfG9T7WPdmrsf2ph9P9mTkazNw59aVT+j5MTLGfhOdX5DvrM3fQ/VPMeksSP70v/sSNM/WVjV/OPIWFZ31IxgfKz5psvuzsZNn87dv7U8S5e0pe3q1P3NyRM/y/BfDaT/+WPT//az/fXvy/GDufvz/Vl+X2967l2dD3csSVvb1EOdzPEjBzO4e08OzTMmJUnnI09m+yfrZ/uMHz+Y7Z/vnz7bBwAACiCAAFC26kA2dQ80vavysSQZzeHnh1LZvPts7Fi5ITvu7c62g0ezZipaVHrStXLiH9t/uzOVJJ1rJ++76Y50VgZy4hdJfjGUgfRk913tZ55nxYM70tU9FUgWYR8B5uIv+7PvzvrlpNqWLm3YaCzVZ/vPsSxVMvJsf1743SfzwKqzp9LbVq1L72f35OkPdaez7mFnWE5rVuvT/8jaaRdlHz9+MDu/sj8XI38knfnwsvr8MnK8yV7c2ZsnH50+1jPalmTphypZ+8ffS+edA/niV881/iXp+dP9Wf+bje9N0rZkaZb/7gPZ+lursvSLvdk/jwjSPH4cSv828QMAgHIJIACUrdKT3VvWpL3ux"
12170 [Forwarding screenshot on session aea78ad3bcb095bb1a504528bf99158c to remote] DEBUG org.apache.http.headers  - http-outgoing-0 << HTTP/1.1 200 OK
12170 [Forwarding screenshot on session aea78ad3bcb095bb1a504528bf99158c to remote] DEBUG org.apache.http.headers  - http-outgoing-0 << Content-Length:19758
12170 [Forwarding screenshot on session aea78ad3bcb095bb1a504528bf99158c to remote] DEBUG org.apache.http.headers  - http-outgoing-0 << Content-Type:application/json; charset=utf-8
12171 [Forwarding screenshot on session aea78ad3bcb095bb1a504528bf99158c to remote] DEBUG org.apache.http.impl.execchain.MainClientExec  - Connection can be kept alive indefinitely
12171 [Forwarding screenshot on session aea78ad3bcb095bb1a504528bf99158c to remote] DEBUG org.apache.http.wire  - http-outgoing-0 << "slZGkmSN3OimtxyX/0WNy+rJLOeWLoltzSJGaM/fyOpDjWJLpX0zH/0AAtoJPu/sy+df96TSuO0iklzn10xkj1PHcrqHbUn/pekct/3csONt9ZtOdtyWs11ZP23H0zlxoabf/lq9l+Uk/UdqXzq97PuvnVZ/cGam8eP5eWnGmexNA81M1n6kY35+ob9+eLeWTa6dXXzi8rXurGSjV99IPu/9PScnrfj/v5sbYgfebuaPdt2ntdMEgAAuFwIIACw0JpGF4BLwIn96X+mYfmqKU0uUj6rn/Rn4MeV7PxEzaXOO5Znee02Y9UM7prfpco7H+nLxmbX/dj7jXlfQ2Q2S27vyaFDc03TY6k+9b8z0PD8HX/8ew2hZizVZ3Zm4PvDObaskrX3bUzPfatqXuu5X0h97F8PZd9392T/kaRyf096H1qdjpqC0fbf/2d68nSaz3Gs0Wwpsbdfzf5vzW8GCQAAXI5cBB2AK9zNWVZJ3vh5/WXK3zwxz7XqJ7X/yi1J9UTeXIihASyCkWdfzs/ebnL7X//pvAPD8DefmHah8LPG8+rz/fM7yX7n9jzcOFMh4zn+w53pvSjX/WhifCQv7/5K0+cfeX4g27//Qob/4XhOjiUn/3Ygvd8fzrEkOVHNwe9+I8MN+z+nC6mfOJSd/2tn9h8ZSTKS6rPb0//XDc9/9ZJ0fKTpX9ds02SGyvjxHPzWFzOwiBeRBwCAS4UAAsAVrj1r7utKddeuHH5r8qbX9mbbgUp61p7HRctXdqWnMpRt+46eve21venu3pujM/8VwEXT+Wj39OWlknR8/JH0LJvvow1n+97hnGxyz/ixF/KNp+YRLZatT/8jq9PRcPP4sRey5VstvEpFW0dW/8G38+TX1tXPbkmSE9W8/MwT2fqlz2f9uruzfkvjbJeR/OwXM1w4fUbjefXw9GumVP/p56l/pCVZ8qFZB57fuH9j/Xs9fjLDT21Jv/gBAMAVwhJYALByQwYf25vuzd2TS4lU0rPrfC9Y3p41W3bkRPe2dB+Yuq0rOwY35DxyCsDCunN7Hv54Y2KY1LY86762MT/44p75XWT8h1sz+IkX6i6unveO59DugXk8Tmd6d2ycHmbermbPY/N5nEVy9ZLc+omH8+0PtuUL57oI+7JKVn+0ks7fWpUPr/qN3PrBGS64MqPxnGoyQyevnMzY5kxfumxGbVnS+Hq2jWf8eMtfTQAAuGgEEADKtXJDBrc0u6M9a7YMZk3jtoMbmj5M+11bMnhXzQ03rcmWwemPd9aKbBgcTPNHA2iVzmzdPH2GRa22Vevz9Yf+X744n5kbSfaPnExP7an5X76V138yj5E90pO7G68kPn48BxfxOhVjRway7ivNrsXRkcrHP5xVH1mb3/94JR01u7Xk9mYXMe9I5f7urP8fnfnwio4smeMF0Wd2MiPPN7n5xHjGL/Sh05HOh3rS8colEJUAAOAisAQWAABcATof6cnqxiWufjGSkbqz6m1ZdV9v1s97Kazz13F/f7Y2u+7H4YEWLdU0kuqPD+Xp7/TmgW++3BAK2rL8oxvP/uuyu7P1L55M/6Z16fzNhYgfi69t+dr0frbVowAAgItDAAEAgNJ9pDc9axojw8kMP/VAnvhxw1yAJZU8+OX1s84UWTDLevInD1WmLes0dmRPa6/7MeWVf8zPGy7h0bZk6Zl/Xv+lh3P3hxpnrozl5PFjqf74YJ7+7tbsOTLfa4AsrJM/2ZP9r9ZWriWp3Lc9nS0bEQAAXDwCCAAAFK0jPZvuTuMKU2M/GczWHybD33wiLzc2kNsfTO/9i51AOtO7Y12WN86aGHk5O891nY2LZdmv5Ib3z3RnT37v9vp0c/Jvn8gDa9dl/ee/kN7H+rPn+eHcsGS+1wBZOGNHBvLFrz6dgacaZrJ0dKbny5VWDQsAAC4aAQQAAArWsflPsq6xMoxVs+9Pp65/MZzt321c6mlJKvf3Zv3ijSrrv701a5td9+O729PyuR/LKln9ua158s/XZfnV9XedPFGd/Kclaau7byyvH3mh4XVcm1uXpkXG8rNXJkPST3bmB3UzUdpy65qN2XgRlzoDAIBWcBF0AAAo1bKN+fqnljcsfTWW6jP99RcXf2V79r2yP7131pytv7GSBx9fn/1fbXah8Au1Op3Lm8yMaLs1a3ccytq5Pszxg7n78/3nNYIlt/fk0KGeef7Vyfzsrw/N9Ij58H07s/GfnsieI0nlU915YMPaVFoWQOrt/87B/N5frD874+b9q7J289rs2XawpeMCAIDFZAYIAAAUqSPrv7wuqxqWcBp/9YX0Pzt9gamD2wZTfbv+tiUf6c7OTy7iEC8zY0cG88QPp/5tX4aP1V1BPm0f7MwD3346hw49nf4vr0vlg02uir5kae5e9JE2cWIge16pf9+XfrQ7vR9pxWAAAODiEEAAAKBAHff35sGGa1Rk/Fhe+OaeGa6vsT+9z1RTf8nupen8g51zn5FRsJP/sL/h2iQjGXjqYI7Neo3z8Yz8+FCO/bLmpqW3pbNF0WH4sR+kWjveq2/N3Q9tvDgXvAcAgBYQQAC4LIyPj597owJdqfsNXKj16b2/kvr8MZ7jPxrIwIkZ/iRJ/rI/+440nNFf2pkHH+1c+CFe6t4bz/gvx3LyX6s5+N0vZP2XBqZfm+SVJ/KFP9yZ/X97PGO1X9fjYzn5Ty/n6W98Pg88tic/+0XtH3Wk8tlWJaX96f/Rsbpb2latzcNm+QAAUKirRkZGTrd6EACU53Of+9yCPt4f/dEf5fbbb1/Qx7wcHDlyJH/2Z3/W6mEAAMCie+aZZ1o9BAAKYwYIAJeFF1988YqbDTE+Pp4XX3yx1cMAAAAAuCwJIABcFl5//fU8/vjjOXLkSPEhZHx8PEeOHMnjjz+e119/vdXDAQAAALgsXdPqAQDAXL3++uuWgwIAAABgTswAAQAAAAAAiiOAAAAAAAAAxRFAAAAAAACA4gggAAAAAABAcQQQAAAAAACgOAIIAAAAAABQHAEEAAAAAAAojgACAAAAAAAURwABAAAAAACKI4AAAAAAAADFEUAAAAAAAIDiCCAAAAAAAEBxBBAAAAAAAKA4AggAAAAAAFAcAQQAAAAAACiOAAIAAAAAABRHAAEAAAAAAIojgAAAAAAAAMURQAAAAAAAgOIIIAAAAAAAQHEEEAAAAAAAoDgCCAAAAAAAUBwBBAAAAAAAKI4AAgAAAAAAFEcAAQAAAAAAiiOAAAAAAAAAxRFAAAAAAACA4lw1MjJyutWDAAAAAAAAWEhmgAAAAAAAAMURQAAAAAAAgOIIIAAAAAAAQHEEEAAAAAAAoDgCCAAAAAAAUBwBBAAAAAAAKI4AAgAAAAAAFEcAAQAAAAAAiiOAAAAAAAAAxRFAAAAAAACA4gggAAAAAABAcQQQAAAAAACgOAIIAAAAAABQHAEEAAAAAAAojgACAAAAAAAURwABAAAAAACKI4AAAAAAAADFEUAAAAAAAIDiCCAAAAAAAEBxrmn1AAAo23/+53/m3XffzXvvvdfqoQAAAJeQq6++Otdee22uucbpKQAWh//CALBoTp06lXfffbfVwwAAAC5B7733Xt57771ce+21ue6661o9HAAKJIAAsCimZn4kyQc+8IHccMMNed/7rLwIAAAk//Vf/5X/+I//yL//+7/n3XffzdVXX20mCAALzpkoABZFbfy48cYbxQ8AAOCM973vfbnxxhvzgQ98IEnMHAdgUTgbBcCimLrmxw033NDikQAAAJeqqf+/4JqBACwGAQSARWXmBwAAMBP/fwGAxeS/MgAAAAAAQHEEEAAAAAAAoDgCCAAAAAAAUBwBBAAAAAAAKI4AAgAAAAAAFEcAAQAAAAAAiiOAAAAAAAAAxRFAAAAAAACA4gggAAAAAABAcQQQAAAAAACgOAIIAAAAAABQHAEEAAAAAAAojgACAAAAAAAURwABAAAAAACKI4AAAAAAAADFEUAAAAAAAIDiXNPqAQAAXC5GR0fzzjvvZHx8PKdPn271cLjEXXXVVWlra8v111+f9vb2Of2NY4y5cnxdec7nPQcAuNIJIAAA5/Duu+/mzTffzKlTp1o9FC4jp"
12172 [Forwarding screenshot on session aea78ad3bcb095bb1a504528bf99158c to remote] DEBUG org.apache.http.wire  - http-outgoing-0 << "0+fzqlTp3Lq1Km88847ufnmm3Pttdc23dYxxnw5vq4883nPAQCYYAksAIBzcOKQC3Xq1Km8+eabM97vGONCOL6uPOd6zwEAmCCAAADMYnR01IlDFsSpU6cyOjo67XbHGAvB8XXlmek9BwDgLAEEAGAW77zzTquHQEGaHU+OMRaK4+vK4/0FAJidAAIAMIvx8fFWD4GCNDueHGMsFMfXlcf7CwAwOwEEAGAWp0+fbvUQKEiz48kxxkJxfF15vL8AALMTQAAAAAAAgOIIIAAAAAAAQHEEEAAAAAAAoDgCCAAAAAAAUBwBBAAAAAAAKI4AAgAAAAAAFEcAAQAAAAAAiiOAAAAAAAAAxRFAAAAAAACA4gggAAAX3WgO93Wnu+9wRhfl7+b/+Ef3dae7u/5/e1+b1+Dm763D6evem6OL/DRXotGX+qa9n30vze9oa73z/ZxcRi7Tz4DvCwAALhcCCADAxfbaUAaqSarD+elbLR7LW4fT192dbQem3zX0aHe69y3e6cbRvx9OddEe/Up1NHu7u7Np1/RXtrprU7ovpxPIl9LnZJFcdp8B3xcAAFxmrmn1AAAAriyjOfz8UFKppFKtZuDg0ax5cEWLxnI0ezcPTJxUvHdHBuvGcTR7u7dl6MC27P2dwWxY2aIhMg+jOdy3LUNJUunJ7i1r0l5336YMVIeyrW9Zw32Xokvpc8IE3xcAAFx+zAABALiY3vpphqtJ5WObs3lzJTnwXA7P9Ov21/bWLDEzyy/357pdg9GXnstQksrm3Q0nM5NkRTbs6kklydDzU0sQzbQkUbPbJ29rukTOxH0TsxSGsm3a8kwTsxhm3qeJ+/teGj3zi/Tu7vrnr1uip+mv0s/1HJPj33e0Zjmpvpnfq0vA6Eu7MlCdfD+nBY72rNkymN2bK0l1ILvOvN41r2XdcTTTvs7xdes7nNG6x5vnElzn/TmZYdwLvW+z3j6X1+Bcn4FLj++L8/2+mG3fAABYbAIIAMBFdPTgQKrpymfuak/7b3emkmqG/376ic/Rl/rS/ehQzS1D2dY3lBPnud10o/np31STybE0ddOabBkcbHIy/dyPPTHboP7WoUfncOLvtb3p7p6cxXD2L7Ot2UnrE0Ppm/pFepJUB7Jp39Ec3dewRM+BbfUnTOfzHP/2XHZNLSdV6cwdN51j/C0zh/czSftdn0lXkurf/LT+pPSJofTVHUfVDGxueD3m87pVB7Lp0fotq7s2zfnE7/l/TqaPey7bzGvf5uoCX4NLi++L8/u+uIB9AwBgQVgCCwDgojma4QNJ7u3MiiS56Y50VpKBXUM5eteGrKjZbmhXNUklPbu2ZM1NSd1Jwsp8t2vmzZyo1oxlIU39en/z7mw5c7J0comcvzuaDStXZM2WwdzxUl827bolOwan9n1y2aMkXY/VLKPz2t50PzqUgd2Hc0fNydXqgaGJX6Pf1X52vw9sy7Z0nX3Myb+tnngzSfvMz/HW4fRtHpi+1FK1mpx5jkvZXN/PFem8Nxk6cCJTr0gy8VrWLms0+lJfNu2qXXpqnq9bUr9M0uT7MPX+z26un5Opk/I1x//k8wz//WjWTB4Xc9lmPsfdvMzyGjT/DFyqfF+c1/fFW4fPuW8AACwuM0AAAC6SiSVkKulZO3XSqz1r7utKMpTnan9x/NYbeSNJZfPmyagxue2WHemqfcC5btci1V2bapaTWZENg4NNls6pMXkiNPfuqL+GwMoN2XFvpl8Mu9KTzWdOKrbnjo9NFJ+ux2pOJq/sSk8lyb+9MTHjoeZka91z3LRmcqml4YalbWafUVGMSk9217w37XdtmXjNp16P83jddtS+1ys753xMzv1zMjWmmuN/5YYMDg6ePdk8j23mfNzN2fm/Bleikr8v5r1vAAAsGDNAAAAuiqnZGsnA5u4MNNxb/ZufZvSuyV8r/+JEqkm6fqXxRNrNWVY7q2Ou211sN63JZ+4dSPVAkgPb0j21vMy0C3M31/U7008MrvidruTAG/U3/uotTR6rkmUfnOXBJ1+z7NqU7l3NN3njrWTF1MnyyrLcfI7xFqHJa3nzskqSNyZejwt+3SaPyX97I6NZMcsxMI/PyaRbph3/081lmzkfd3N13q/BFabk74sL3DcAAC6cGSAAABfDa8MNa8g3qA5k6KKuCT95MnbaL5jrTVzQd/7XQVjx4GAGJy+KfEZ1IJvmcZF25mNu7+eZ5aUu1bBzyX1OmOD74nyVvG8AAJcDM0AAABbd1DryXc3X+p9cT/7MmvAfXJZKkjd+PpqsrP2N8OQ6/FNn0ua6XVOTS8BUh/LcS10169PXmvo1flduuWnib2751SQN14+Y8fluWpMtg2vOPtq+7mw7MJTh1zZkxcrMqNna+Ef/buhcOzQ3k6/ZLbXr+RdhLu/n1PJSSeVjd9T/+rzJrIQ3T9S+9xfjdZvn52TS9ON/urlsc+7jbp7Hf1F8X1zQcX+e+wYAwIUzAwQAYLG9NpSBalLZ3NX8AsI3rcln7k1y4LmJX05PXvS5umtT9p75tftoDvdtq/91/Fy3m0H7XZ9JVxrXp58yeaHeNBv3UIZne77X9qa7uzt9tddryNSSSo1LzkwssVS7PzmwrWZ/Jh5v24Eklc7ccVMuzORzDD3a+Cv10Rzu6073Zfyr7Pa7Nqdn8njo7juc+ld/Yv827ao2XAthUnUgu2rer9GX+iZe84YLkS/q63ben5NdNWM6mr3d3Wf3fx7bzP24O8fxP281n4FLmO+L2jvmeNzPa98AAFgMZoAAACyyiV8jz34x7Yk164cycPBo1jy4Imvu68pAdShDj3afPVlY6UpXZajm5GH7HLeb8VmzYVdP3tg8kGrt+vS17t1R92vvqXHO+nwru9JTGcpAs3XzKz0NJyWrGdjcneHNu7Plrhn2Z1LXfQuxZv7Z52h2jYkZT75fFtqzZsuOnOjelqHqQDZ1N+5dknRlR7NrD1QqTa5zUHsR78V/3S7kc9I4prPHyszjbrbNuY67OR3/81b/Gbh0+b6Y93E/r30DAGAxmAECALCY3jqc52p/ST+TlV3pqV1jf+WGhnXju7JjS1eWTfu7OW43k5vWZMvg7onnbtD12GAGH2wY9coN2b25ZuNKT3ZPe772rNnS5DHv3ZHBmpPvU78oTyYvbt10fyb3aXABl15q+hwT+3tpn4CeixXZMDhY/x5NqmzencFmS0slya9+Jlse66rZuCe7G7ddzNftQj4nteOeHE/dsTLXbeZy3M3p+J+7pp+BS5nvi7PPMqfjfm77BgDA4rlqZGTkdKsHAUB5xsbGkiS//uu/3uKRwIX5l3/5l1YPgcL82q/9Wt2/t/YYm1y66N4d009ec1m6tI4vLobG9xwuR//8z/+cJFmyZEmLRwJAacwAAQAAAAAAiiOAAAAAAAAAxRFAAAAAAACA4lzT6gEAAACtMnHR9A2tHgYAAMAiMAMEAAAAAAAojgACAAAAAAAURwABAAAAAACKI4AAAAAAAADFEUAAAAAAAIDiCCAAAAAAAEBxBBAAgFlcddVVrR4CBWl2PDnGWCiOryuP9xcAYHYCCADALNra2lo9BArS7HhyjLFQHF9XHu8vAMDsBBAAgFlcf/31rR4CBWl2PDnGWCiOryuP9xcAYHYCCADALNrb23Pddde1ehgU4Lrrrkt7e/u02x1jLATH15VnpvccAICzBBAAgHO4+eabnUDkglx33XW5+eabZ7zfMcaFcHxdec71ngMAMOGaVg8AAOBSd+2112bZsmUZHR3NO++8k/Hx8Zw+fbrVw+ISd9VVV6WtrS3XX3/9OX+l7RhjvhxfV575vOcAAEwQQAAA5qi9vd1JJxaVY4zF5PgCAOBKYwksAAAAAACgOAIIAAAAAABQHAEEAAAAAAAojgACAAAAAAAURwABAAAAAACKI4AAAAAAAADFEUAAAAAAAIDiCCAAAAAAAEBxBBAAAAAAAKA4AggAAAAAAFAcAQQAAAAAACiOAAIAAAAAABRHAAEAAAAAAIojgAAAAAAAAMURQAAAAAAAgOIIIAAAAAAAQHEEEAAAAAAAoDgCCAAAAAAAUBwBBAAAAAAAKI4AAgAAAAAAFEcAA"
12172 [Forwarding screenshot on session aea78ad3bcb095bb1a504528bf99158c to remote] DEBUG org.apache.http.wire  - http-outgoing-0 << "QAAAAAAiiOAAAAAAAAAxRFAAAAAAACA4gggAAAgZaqnAAAZW0lEQVQAAABAcQQQAAAAAACgOAIIAAAAAABQHAEEAAAAAAAojgACAAAAAAAURwABAAAAAACKI4AAAAAAAADFEUAAAAAAAIDiCCAAAAAAAEBxBBAAAAAAAKA4AggAAAAAAFAcAQQAAAAAACiOAAIAAAAAABRHAAEAAAAAAIojgAAAAAAAAMURQAAAAAAAgOIIIAAAAAAAQHEEEAAAAAAAoDgCCAAAAAAAUBwBBAAAAAAAKI4AAgAAAAAAFEcAAQAAAAAAiiOAAAAAAAAAxRFAAAAAAACA4gggAAAAAABAcQQQAAAAAACgOAIIAAAAAABQHAEEAAAAAAAojgACAAAAAAAURwABAAAAAACKI4AAAAAAAADFEUAAAAAAAIDiCCAAAAAAAEBxBBAAAAAAAKA4AggAAAAAAFAcAQQAAAAAACiOAAIAAAAAABRHAAEAAAAAAIojgAAAAAAAAMURQAAAAAAAgOIIIAAAAAAAQHEEEAAAAAAAoDgCCAAAAAAAUBwBBAAAAAAAKI4AAgAAAAAAFEcAAQAAAAAAiiOAAAAAAAAAxRFAAAAAAACA4gggAAAAAABAcQQQAAAAAACgOAIIAAAAAABQHAEEAAAAAAAojgACAAAAAAAURwABAAAAAACKI4AAAAAAAADFEUAAAAAAAIDiCCAAAAAAAEBxBBAAAAAAAKA4AggAAAAAAFAcAQQAAAAAACiOAAIAAAAAABRHAAEAAAAAAIojgAAAAAAAAMURQAAAAAAAgOIIIAAAAAAAQHEEEAAAAAAAoDgCCAAAAAAAUBwBBAAAAAAAKI4AAgAAAAAAFEcAAQAAAAAAiiOAAAAAAAAAxRFAAAAAAACA4gggAAAAAABAcQQQAAAAAACgOAIIAAAAAABQHAEEAAAAAAAojgACAAAAAAAURwABAAAAAACKI4AAAAAAAADFEUAAAAAAAIDiCCAAAAAAAEBxBBAAAAAAAKA4AggAAAAAAFAcAQQAAAAAACiOAAIAAAAAABRHAAEAAAAAAIojgAAAAAAAAMURQAAAAAAAgOIIIAAAAAAAQHEEEAAAAAAAoDgCCAAAAAAAUBwBBAAAAAAAKI4AAgAAAAAAFEcAAQAAAAAAiiOAAAAAAAAAxRFAAAAAAACA4gggAAAAAABAcQQQAAAAAACgOAIIAAAAAABQHAEEAAAAAAAojgACAAAAAAAURwABAAAAAACKI4AAAAAAAADFEUAAAAAAAIDiCCAAAAAAAEBxBBAAAAAAAKA4AggAAAAAAFAcAQQAAAAAACiOAAIAAAAAABRHAAEAAAAAAIojgAAAAAAAAMURQAAAAAAAgOIIIAAAAAAAQHEEEAAAAAAAoDgCCAAAAAAAUBwBBAAAAAAAKI4AAgAAAAAAFEcAAQAAAAAAiiOAAAAAAAAAxRFAAAAAAACA4gggAAAAAABAcQQQAAAAAACgOAIIAAAAAABQHAEEAAAAAAAojgACAAAAAAAURwABAAAAAACKI4AAAAAAAADFEUAAAAAAAIDiCCAAAAAAAEBxBBAAAAAAAKA4AggAAAAAAFAcAQQAAAAAACiOAAIAAAAAABRHAAEAAAAAAIojgAAAAAAAAMURQAAAAAAAgOIIIAAAAAAAQHEEEAAAAAAAoDgCCAAAAAAAUBwBBAAAAAAAKI4AAgAAAAAAFEcAAQAAAAAAiiOAAAAAAAAAxRFAAAAAAACA4gggAAAAAABAcQQQAAAAAACgOAIIAAAAAABQHAEEAAAAAAAojgACAAAAAAAURwABAAAAAACKI4AAAAAAAADFEUAAAAAAAIDiCCAAAAAAAEBxBBAAAAAAAKA4AggAAAAAAFAcAQQAAAAAACiOAAIAAAAAABRHAAEAAAAAAIojgAAAAAAAAMURQAAAAAAAgOIIIAAAAAAAQHEEEAAAAAAAoDgCCAAAAAAAUBwBBAAAAAAAKI4AAgAAAAAAFEcAAQAAAAAAiiOAAAAAAAAAxRFAAAAAAACA4gggAAAAAABAcQQQAAAAAACgOAIIAAAAAABQHAEEAAAAAAAojgACAAAAAAAURwABAAAAAACKI4AAAAAAAADFEUAAAAAAAIDiCCAAAAAAAEBxBBAAAAAAAKA4AggAAAAAAFAcAQQAAAAAACiOAAIAAAAAABRHAAEAAAAAAIojgAAAAAAAAMURQAAAAAAAgOIIIAAAAAAAQHEEEAAAAAAAoDgCCAAAAAAAUBwBBAAAAAAAKI4AAgAAAAAAFEcAAQAAAAAAiiOAAAAAAAAAxRFAAAAAAACA4gggAAAAAABAcQQQAAAAAACgOAIIAAAAAABQHAEEAAAAAAAojgACAAAAAAAURwABAAAAAACKI4AAAAAAAADFEUAAAAAAAIDiCCAAAAAAAEBxBBAAAAAAAKA4AggAAAAAAFAcAQQAAAAAACiOAAIAAAAAABRHAAEAAAAAAIojgAAAAAAAAMURQAAAAAAAgOIIIAAAAAAAQHEEEAAAAAAAoDgCCAAAAAAAUBwBBAAAAAAAKI4AAgAAAAAAFEcAAQAAAAAAiiOAAAAAAAAAxRFAAAAAAACA4gggAAAAAABAcQQQAAAAAACgOAIIAAAAAABQHAEEAAAAAAAojgACAAAAAAAURwABAAAAAACKI4AAAAAAAADFEUAAAAAAAIDiCCAAAAAAAEBxBBAAAAAAAKA4AggAAAAAAFAcAQQAAAAAACiOAAIAAAAAABRHAAEAAAAAAIojgAAAAAAAAMURQAAAAAAAgOIIIAAAAAAAQHEEEAAAAAAAoDgCCAAAAAAAUBwBBAAAAAAAKI4AAgAAAAAAFEcAAQAAAAAAiiOAAAAAAAAAxRFAAAAAAACA4gggAAAAAABAcQQQAAAAAACgOAIIAAAAAABQHAEEAAAAAAAojgACAAAAAAAURwABAAAAAACKI4AAAAAAAADFEUAAAAAAAIDiCCAAAAAAAEBxBBAAAAAAAKA4AggAAAAAAFAcAQQAAAAAACiOAAIAAAAAABRHAAEAAAAAAIojgAAAAAAAAMURQAAAAAAAgOIIIAAAAAAAQHEEEAAAAAAAoDgCCAAAAAAAUBwBBAAAAAAAKI4AAgAAAAAAFEcAAQAAAPj/7d1faJ33fcfxT2vL3jgOxDeZ6YH821I3RCwYUvfCFGwxyIWni4RxKATFOOxCbjeGKQ2kYXLj4QUWjOg8JkNGRGoK5hAymGbMLqxkF7lYVggDhTTeopSVM0RIcMAcWGqc7uLoSLIs23Ic+TjfvV4gsHye5/n9fGwwR2++zwMAlCOAAAAAAAAA5QggAAAAAABAOQIIAAAAAABQjgACAAAAAACUI4AAAAAAAADlCCAAAAAAAEA5AggAAAAAAFCOAAIAAAAAAJQjgAAAAAAAAOUIIAAAAAAAQDkCCAAAAAAAUI4AAgAAAAAAlCOAAAAAAAAA5QggAAAAAABAOQIIAAAAAABQjgACAAAAAACUI4AAAAAAAADlCCAAAAAAAEA5AggAAAAAAFCOAAIAAAAAAJQjgAAAAAAAAOUIIAAAAAAAQDkCCAAAAAAAUI4AAgAAAAAAlCOAAAAAAAAA5QggAAAAAABAOQIIAAAAAABQjgACAAAAAACUI4AAAAAAAADlCCAAAAAAAEA5AggAAAAAAFCOAAIAAAAAAJQjgAAAAAAAAOUIIAAAAAAAQDkCCAAAAAAAUI4AAgAAAAAAlCOAAAAAAAAA5QggAAAAAABAOQIIAAAAAABQjgACAAAAAACUI4AAAAAAAADlCCAAbKjPP/980FsAAADuUD4vALCRBBAANsSmTZuSJBcvXhzwTgAAgDtV//NC//MDAHyZNg96AwDUNDQ0lMuXL+fjjz9Oktx11135+td1dwAAoDf5cfHixaXPC0NDQwPeEQAVfW1hYeG3g94EADV99tlnuXTp0qC3AQAA3MGGhoaydevWQW8DgIJMgACwYbZu3ZpNmzbl0qVLuXz58qC3AwAA3EE2bdqUoaGhbN7sx1MAbAz/wwCwoTZv3uwDDQAAAAC3nZuxAwAAAAAA5QggAAAAAABAOQIIAAAAAABQjgACA"
12174 [Forwarding screenshot on session aea78ad3bcb095bb1a504528bf99158c to remote] DEBUG org.apache.http.wire  - http-outgoing-0 << "AAAAACUI4AAAAAAAADlCCAAAAAAAEA5AggAAAAAAFCOAAIAAAAAAJQjgAAAAAAAAOUIIAAAAAAAQDkCCAAAAAAAUI4AAgAAAAAAlCOAAAAAAAAA5QggAAAAAABAOQIIAAAAAABQjgACAAAAAACUI4AAAAAAAADlCCAAAAAAAEA5AggAAAAAAFCOAAIAAAAAAJQjgAAAAAAAAOUIIAAAAAAAQDkCCAAAAAAAUI4AAgAAAAAAlCOAAAAAAAAA5QggAAAAAABAOQIIAAAAAABQjgACAAAAAACUI4AAAAAAAADlCCAAAAAAAEA5AggAAAAAAFCOAAIAAAAAAJQjgAAAAAAAAOUIIAAAAAAAQDkCCAAAAAAAUI4AAgAAAAAAlCOAAAAAAAAA5QggAAAAAABAOQIIAAAAAABQjgACAAAAAACUI4AAAAAAAADlCCAAAAAAAEA5AggAAAAAAFCOAAIAAAAAAJQjgAAAAAAAAOUIIAAAAAAAQDkCCAAAAAAAUI4AAgAAAAAAlCOAAAAAAAAA5QggAAAAAABAOQIIAAAAAABQjgACAAAAAACUI4AAAAAAAADlCCAAAAAAAEA5AggAAAAAAFCOAAIAAAAAAJQjgAAAAAAAAOUIIAAAAAAAQDkCCAAAAAAAUI4AAgAAAAAAlCOAAAAAAAAA5QggAAAAAABAOQIIAAAAAABQjgACAAAAAACUI4AAAAAAAADlCCAAAAAAAEA5AggAAAAAAFCOAAIAAAAAAJQjgAAAAAAAAOUIIAAAAAAAQDkCCAAAAAAAUI4AAgAAAAAAlCOAAAAAAAAA5QggAAAAAABAOQIIAAAAAABQjgACAAAAAACUI4AAAAAAAADlCCAAAAAAAEA5AggAAAAAAFCOAAIAAAAAAJQjgAAAAAAAAOUIIAAAAAAAQDkCCAAAAAAAUI4AAgAAAAAAlCOAAAAAAAAA5QggAAAAAABAOQIIAAAAAABQjgACAAAAAACUI4AAAAAAAADlCCAAAAAAAEA5AggAAAAAAFCOAAIAAAAAAJQjgAAAAAAAAOUIIAAAAAAAQDkCCAAAAAAAUI4AAgAAAAAAlCOAAAAAAAAA5QggAAAAAABAOQIIAAAAAABQjgACAAAAAACUI4AAAAAAAADlCCAAAAAAAEA5AggAAAAAAFCOAAIAAAAAAJQjgAAAAAAAAOUIIAAAAAAAQDkCCAAAAAAAUI4AAgAAAAAAlCOAAAAAAAAA5QggAAAAAABAOQIIAAAAAABQjgACAAAAAACUI4AAAAAAAADlCCAAAAAAAEA5AggAAAAAAFCOAAIAAAAAAJQjgAAAAAAAAOUIIAAAAAAAQDkCCAAAAAAAUI4AAgAAAAAAlCOAAAAAAAAA5QggAAAAAABAOQIIAAAAAABQjgACAAAAAACUI4AAAAAAAADlCCAAAAAAAEA5AggAAAAAAFCOAAIAAAAAAJQjgAAAAAAAAOUIIAAAAAAAQDkCCAAAAAAAUI4AAgAAAAAAlCOAAAAAAAAA5QggAAAAAABAOQIIAAAAAABQjgACAAAAAACUI4AAAAAAAADlCCAAAAAAAEA5AggAAAAAAFCOAAIAAAAAAJQjgAAAAAAAAOUIIAAAAAAAQDkCCAAAAAAAUI4AAgAAAAAAlCOAAAAAAAAA5QggAAAAAABAOQIIAAAAAABQjgACAAAAAACUI4AAAAAAAADlCCAAAAAAAEA5AggAAAAAAFCOAAIAAAAAAJQjgAAAAAAAAOUIIAAAAAAAQDkCCAAAAAAAUI4AAgAAAAAAlCOAAAAAAAAA5QggAAAAAABAOQIIAAAAAABQjgACAAAAAACUI4AAAAAAAADlCCAAAAAAAEA5AggAAAAAAFCOAAIAAAAAAJQjgAAAAAAAAOUIIAAAAAAAQDkCCAAAAAAAUI4AAgAAAAAAlCOAAAAAAAAA5QggAAAAAABAOQIIAAAAAABQjgACAAAAAACUI4AAAAAAAADlCCAAAAAAAEA5AggAAAAAAFCOAAIAAAAAAJQjgAAAAAAAAOUIIAAAAAAAQDkCCAAAAAAAUI4AAgAAAAAAlCOAAAAAAAAA5QggAAAAAABAOQIIAAAAAABQjgACAAAAAACUI4AAAAAAAADlCCAAAAAAAEA5AggAAAAAAFCOAAIAAAAAAJQjgAAAAAAAAOUIIAAAAAAAQDkCCAAAAAAAUI4AAgAAAAAAlLN50BsAAAAAAOD2OHfuXM6ePZtPPvlkoPvYtm3bQNfnq+XBBx/Mnj17snv37ps6TwABAAAAAPh/YGpqKm+//fagtwE3bX5+PvPz8+l0OnniiSfWfZ5bYAEAAAAAFHfu3Dnxg6+82dnZm/p3LIAAAAAAABR39uzZQW8BvhRvvfXWuo8VQAAAAAAAihv0Mz/gyzI/P7/uYwUQAAAAAACgHAEEAAAAAAAoRwABAAAAAADKEUAAAAAAAIByNg96AwAAAAAA3Emezos/fzIP/876ju7+8vU89fzPNnZL8AWYAAEAAAAAYIWf5bmfnM57/7slW373el9J993TmdjQ+DGaiel22u12Jg9t4DKUJIAAAAAAAJDk8Tz/0xfzvYeS/OfpPPejv8k/z3evcWw3H/zTsTw1cTofJPn2M8dz/Lm9t3GvcGNugQUAAAAAQJJv5d6HHs2el17J77/84xw782b+/s9+mYUjx/P0d7ZnS/+w3yzkrZd/nGNnFpLsyB8/99f50+/uyJZf/3eSNwew7/FMtkfSXPq+m7lXD+bomWT0yHTGHmlceXhnNq3DJ9ObLhnLcCPpvNHK4ams/XuHJtPet3z1dOdy6uDRzKyxk+uvd53ju3OZ+3Q4w4vLdN5o5XBWrLvqGletc8Xrq9+PlXte/vOtODmzrcPprGPv45PtjDSzSu/83lFXX3/5vb39TIAAAAAAALBsy47s+cGJHH/m20kW8voLT+XYa+/lwuUkF97L6y8+04sf39ib7//diXz/uzuW48jttn8i0+2RNNPJbKuV1qtz6aaR4QOTGU8y88LBtFqtpa/ZTpLmSKaPjCaZyTu/6k24NL85vni9XXmgkaQ7l9mpXmho72v2QkCrlVPvdpPGcMYmx9fczvXXu47GcLafb6X1Rqe3n33ttL/5flqt2XSSpPmdTOzvHTo+2c7YI4103z21xhqjmZjuxY/OG8v7aC0Gm/HJXpzon9v76sWLG+199Mh0L35053KqtbzXZeOZbI9luNHN3Kutpb03900v7f12MwECAAAAAMAqjTz8J8/n5/efzsTE6fz7Kz/MD+cfz7fO/0ve/J8kD30vL/7k6Ty6fbC7HH3sgTSSpPN+bwLhzEf59EDSSDM7DyWZusZUxqKZF/4tI+2RNJs7M56ks3i97q/e6U1L3N87r3O+N98w89GnvWstHr/WXMf11rumxeCS/RfSTTONdDK7OKVyoZs0G41svzdJxrOzmSTdfPiL3gxK59Nu0mykcf+ujOajbF9curl7IqNTKydVRnPP3b1fNR4ZyXhmrtr/tfc+ml399+Lttadfcmhnb+qk+2HeOZMknaW9P/DYaHJmzbM2lAkQAAAAAADWsCXbH3s6x6eezd5vJAtv9uLHjv3P55WXBh8/kqR5d/+n/SNpt9tpr7r1U39a4ooJjiuczPu9EYvsPNT/IX8/LjSXY8K+3oPYr7gV1hpuvN4t2n9Peg2jkeEDvT1dGSxO5nB/MqMxnLH24r4nx5PM5Ohrc1mceclI/7XpiYzecO/L78W1jC7Vlf66q2+1dfuZAAEAAAAA4Jq23Lc3z770e/mDv30p//WHP8oPnng4A/659pL+9MPaz9kYz2R78bjzaz+DI0lOnu9kpNlMc/eTubuRNSYY1vsci/50xvXXuyVLEy7Lzzm5ytThtPp73T+R6QPDafQnVs4czcGlcxafFdJ4ILv2j2f7Le59aTrmOs9Iud1MgAAAAAAAcH3bH86TR17Js3dQ/EiSmV982JtoWPGMjCQZn5zOxP5ewFi2fBunK0y933vORqOx4vZXyRXPCNndm5JYvHomp1d+37fO9W5Jf2KlkeE/WvEckv0TmV7ruST3br/239fSNEly4733113xvJTVlt7H4YwcWnGlI9OZP"
12174 [Forwarding screenshot on session aea78ad3bcb095bb1a504528bf99158c to remote] DEBUG org.apache.http.wire  - http-outgoing-0 << "LT2KRvNBAgAAAAAALfu8429fHNfO+19y9/3pjKO5uCZ3iTD8IF22gf6r3Yzl5kcfW1Xpg8ML57bTafTTRqrk8DJvN8ZSXPVszWS3oPBZw5Npr2vd1unsaXLz62xw/Wud2tOHm6lc2Q6Y4+MpN0eWX6hM7s88XHFGZ3Mtg7nZH/i44rXVk6SXH/vJw+fyj3TYxlurlq3e6EXPnIyh1udTEyPZXj139VHX9af/uZ8bWFh4beDWRoAAAAAgNvh4MGD6zjq0fzF1At5/L4tX2CF3+SDfxzPn7+8sK6jt23b9gXW4E6y9MD0NW8/trFOnDixruNMgAAAAAAAkOQ/8tO/+ods/csD2XvfTUwtXO7m1//6ao6tM37wFXVo8uqHwA8gftwMEyAAAAAAAMWtbwLk9jEBwq1Y7wSIh6ADAAAAAADlCCAAAAAAAEA5AggAAAAAAFCOAAIAAAAAAJQjgAAAAAAAAOUIIAAAAAAAQDkCCAAAAAAAUI4AAgAAAAAAlPN/k8ZRkNYtuHsAAAAASUVORK5CYII="}"
12175 [Forwarding screenshot on session aea78ad3bcb095bb1a504528bf99158c to remote] DEBUG org.apache.http.impl.conn.PoolingHttpClientConnectionManager  - Connection [id: 0][route: {}->http://localhost:41706] can be kept alive indefinitely
12175 [Forwarding screenshot on session aea78ad3bcb095bb1a504528bf99158c to remote] DEBUG org.apache.http.impl.conn.PoolingHttpClientConnectionManager  - Connection released: [id: 0][route: {}->http://localhost:41706][total kept alive: 1; route allocated: 1 of 2000; total allocated: 1 of 2000]
]]></system-out>
    <system-err><![CDATA[Starting ChromeDriver 75.0.3770.8 (681f24ea911fe754973dda2fdc6d2a2e159dd300-refs/branch-heads/3770@{#40}) on port 41706
Only local connections are allowed.
Please protect ports used by ChromeDriver and related test frameworks to prevent access by malicious code.
]]></system-err>
  </testcase>
  <testcase name="addCustomer" classname="com.w2a.testcases.AddCustomerTest" time="1.572">
    <failure message="Customer not added successfully" type="java.lang.AssertionError">java.lang.AssertionError: Customer not added successfully
	at org.testng.Assert.fail(Assert.java:93)
	at com.w2a.testcases.AddCustomerTest.addCustomer(AddCustomerTest.java:31)
</failure>
    <system-out><![CDATA[12279 [main] DEBUG devpinoyLogger  - ----Start the Add Customer Test----
12281 [Forwarding findElement on session aea78ad3bcb095bb1a504528bf99158c to remote] DEBUG org.apache.http.client.protocol.RequestAddCookies  - CookieSpec selected: default
12281 [Forwarding findElement on session aea78ad3bcb095bb1a504528bf99158c to remote] DEBUG org.apache.http.client.protocol.RequestAuthCache  - Auth cache not set in the context
12282 [Forwarding findElement on session aea78ad3bcb095bb1a504528bf99158c to remote] DEBUG org.apache.http.impl.conn.PoolingHttpClientConnectionManager  - Connection request: [route: {}->http://localhost:41706][total kept alive: 1; route allocated: 1 of 2000; total allocated: 1 of 2000]
12282 [Forwarding findElement on session aea78ad3bcb095bb1a504528bf99158c to remote] DEBUG org.apache.http.impl.conn.PoolingHttpClientConnectionManager  - Connection leased: [id: 0][route: {}->http://localhost:41706][total kept alive: 0; route allocated: 1 of 2000; total allocated: 1 of 2000]
12282 [Forwarding findElement on session aea78ad3bcb095bb1a504528bf99158c to remote] DEBUG org.apache.http.impl.execchain.MainClientExec  - Stale connection check
12284 [Forwarding findElement on session aea78ad3bcb095bb1a504528bf99158c to remote] DEBUG org.apache.http.wire  - http-outgoing-0 << "[read] I/O error: Read timed out"
12284 [Forwarding findElement on session aea78ad3bcb095bb1a504528bf99158c to remote] DEBUG org.apache.http.impl.conn.DefaultManagedHttpClientConnection  - http-outgoing-0: set socket timeout to 10800000
12284 [Forwarding findElement on session aea78ad3bcb095bb1a504528bf99158c to remote] DEBUG org.apache.http.impl.execchain.MainClientExec  - Executing request POST /session/aea78ad3bcb095bb1a504528bf99158c/element HTTP/1.1
12285 [Forwarding findElement on session aea78ad3bcb095bb1a504528bf99158c to remote] DEBUG org.apache.http.impl.execchain.MainClientExec  - Target auth state: UNCHALLENGED
12285 [Forwarding findElement on session aea78ad3bcb095bb1a504528bf99158c to remote] DEBUG org.apache.http.impl.execchain.MainClientExec  - Proxy auth state: UNCHALLENGED
12285 [Forwarding findElement on session aea78ad3bcb095bb1a504528bf99158c to remote] DEBUG org.apache.http.headers  - http-outgoing-0 >> POST /session/aea78ad3bcb095bb1a504528bf99158c/element HTTP/1.1
12286 [Forwarding findElement on session aea78ad3bcb095bb1a504528bf99158c to remote] DEBUG org.apache.http.headers  - http-outgoing-0 >> Content-Type: application/json; charset=utf-8
12286 [Forwarding findElement on session aea78ad3bcb095bb1a504528bf99158c to remote] DEBUG org.apache.http.headers  - http-outgoing-0 >> Content-Length: 63
12287 [Forwarding findElement on session aea78ad3bcb095bb1a504528bf99158c to remote] DEBUG org.apache.http.headers  - http-outgoing-0 >> Host: localhost:41706
12287 [Forwarding findElement on session aea78ad3bcb095bb1a504528bf99158c to remote] DEBUG org.apache.http.headers  - http-outgoing-0 >> Connection: Keep-Alive
12287 [Forwarding findElement on session aea78ad3bcb095bb1a504528bf99158c to remote] DEBUG org.apache.http.headers  - http-outgoing-0 >> User-Agent: Apache-HttpClient/4.5.1 (Java/1.8.0_181)
12288 [Forwarding findElement on session aea78ad3bcb095bb1a504528bf99158c to remote] DEBUG org.apache.http.headers  - http-outgoing-0 >> Accept-Encoding: gzip,deflate
12288 [Forwarding findElement on session aea78ad3bcb095bb1a504528bf99158c to remote] DEBUG org.apache.http.wire  - http-outgoing-0 >> "POST /session/aea78ad3bcb095bb1a504528bf99158c/element HTTP/1.1[\r][\n]"
12288 [Forwarding findElement on session aea78ad3bcb095bb1a504528bf99158c to remote] DEBUG org.apache.http.wire  - http-outgoing-0 >> "Content-Type: application/json; charset=utf-8[\r][\n]"
12289 [Forwarding findElement on session aea78ad3bcb095bb1a504528bf99158c to remote] DEBUG org.apache.http.wire  - http-outgoing-0 >> "Content-Length: 63[\r][\n]"
12289 [Forwarding findElement on session aea78ad3bcb095bb1a504528bf99158c to remote] DEBUG org.apache.http.wire  - http-outgoing-0 >> "Host: localhost:41706[\r][\n]"
12289 [Forwarding findElement on session aea78ad3bcb095bb1a504528bf99158c to remote] DEBUG org.apache.http.wire  - http-outgoing-0 >> "Connection: Keep-Alive[\r][\n]"
12290 [Forwarding findElement on session aea78ad3bcb095bb1a504528bf99158c to remote] DEBUG org.apache.http.wire  - http-outgoing-0 >> "User-Agent: Apache-HttpClient/4.5.1 (Java/1.8.0_181)[\r][\n]"
12290 [Forwarding findElement on session aea78ad3bcb095bb1a504528bf99158c to remote] DEBUG org.apache.http.wire  - http-outgoing-0 >> "Accept-Encoding: gzip,deflate[\r][\n]"
12290 [Forwarding findElement on session aea78ad3bcb095bb1a504528bf99158c to remote] DEBUG org.apache.http.wire  - http-outgoing-0 >> "[\r][\n]"
12291 [Forwarding findElement on session aea78ad3bcb095bb1a504528bf99158c to remote] DEBUG org.apache.http.wire  - http-outgoing-0 >> "{"using":"css selector","value":"button[ng-click='addCust()']"}"
12302 [Forwarding findElement on session aea78ad3bcb095bb1a504528bf99158c to remote] DEBUG org.apache.http.wire  - http-outgoing-0 << "HTTP/1.1 200 OK[\r][\n]"
12303 [Forwarding findElement on session aea78ad3bcb095bb1a504528bf99158c to remote] DEBUG org.apache.http.wire  - http-outgoing-0 << "Content-Length:101[\r][\n]"
12303 [Forwarding findElement on session aea78ad3bcb095bb1a504528bf99158c to remote] DEBUG org.apache.http.wire  - http-outgoing-0 << "Content-Type:application/json; charset=utf-8[\r][\n]"
12304 [Forwarding findElement on session aea78ad3bcb095bb1a504528bf99158c to remote] DEBUG org.apache.http.wire  - http-outgoing-0 << "[\r][\n]"
12304 [Forwarding findElement on session aea78ad3bcb095bb1a504528bf99158c to remote] DEBUG org.apache.http.wire  - http-outgoing-0 << "{"sessionId":"aea78ad3bcb095bb1a504528bf99158c","status":0,"value":{"ELEMENT":"0.510386716253812-2"}}"
12304 [Forwarding findElement on session aea78ad3bcb095bb1a504528bf99158c to remote] DEBUG org.apache.http.headers  - http-outgoing-0 << HTTP/1.1 200 OK
12305 [Forwarding findElement on session aea78ad3bcb095bb1a504528bf99158c to remote] DEBUG org.apache.http.headers  - http-outgoing-0 << Content-Length:101
12305 [Forwarding findElement on session aea78ad3bcb095bb1a504528bf99158c to remote] DEBUG org.apache.http.headers  - http-outgoing-0 << Content-Type:application/json; charset=utf-8
12305 [Forwarding findElement on session aea78ad3bcb095bb1a504528bf99158c to remote] DEBUG org.apache.http.impl.execchain.MainClientExec  - Connection can be kept alive indefinitely
12306 [Forwarding findElement on session aea78ad3bcb095bb1a504528bf99158c to remote] DEBUG org.apache.http.impl.conn.PoolingHttpClientConnectionManager  - Connection [id: 0][route: {}->http://localhost:41706] can be kept alive indefinitely
12306 [Forwarding findElement on session aea78ad3bcb095bb1a504528bf99158c to remote] DEBUG org.apache.http.impl.conn.PoolingHttpClientConnectionManager  - Connection released: [id: 0][route: {}->http://localhost:41706][total kept alive: 1; route allocated: 1 of 2000; total allocated: 1 of 2000]
12308 [Forwarding clickElement on session aea78ad3bcb095bb1a504528bf99158c to remote] DEBUG org.apache.http.client.protocol.RequestAddCookies  - CookieSpec selected: default
12309 [Forwarding clickElement on session aea78ad3bcb095bb1a504528bf99158c to remote] DEBUG org.apache.http.client.protocol.RequestAuthCache  - Auth cache not set in the context
12309 [Forwarding clickElement on session aea78ad3bcb095bb1a504528bf99158c to remote] DEBUG org.apache.http.impl.conn.PoolingHttpClientConnectionManager  - Connection request: [route: {}->http://localhost:41706][total kept alive: 1; route allocated: 1 of 2000; total allocated: 1 of 2000]
12310 [Forwarding clickElement on session aea78ad3bcb095bb1a504528bf99158c to remote] DEBUG org.apache.http.impl.conn.PoolingHttpClientConnectionManager  - Connection leased: [id: 0][route: {}->http://localhost:41706][total kept alive: 0; route allocated: 1 of 2000; total allocated: 1 of 2000]
12310 [Forwarding clickElement on session aea78ad3bcb095bb1a504528bf99158c to remote] DEBUG org.apache.http.impl.execchain.MainClientExec  - Stale connection check
12311 [Forwarding clickElement on session aea78ad3bcb095bb1a504528bf99158c to remote] DEBUG org.apache.http.wire  - http-outgoing-0 << "[read] I/O error: Read timed out"
12311 [Forwarding clickElement on session aea78ad3bcb095bb1a504528bf99158c to remote] DEBUG org.apache.http.impl.conn.DefaultManagedHttpClientConnection  - http-outgoing-0: set socket timeout to 10800000
12311 [Forwarding clickElement on session aea78ad3bcb095bb1a504528bf99158c to remote] DEBUG org.apache.http.impl.execchain.MainClientExec  - Executing request POST /session/aea78ad3bcb095bb1a504528bf99158c/element/0.510386716253812-2/click HTTP/1.1
12312 [Forwarding clickElement on session aea78ad3bcb095bb1a504528bf99158c to remote] DEBUG org.apache.http.impl.execchain.MainClientExec  - Target auth state: UNCHALLENGED
12312 [Forwarding clickElement on session aea78ad3bcb095bb1a504528bf99158c to remote] DEBUG org.apache.http.impl.execchain.MainClientExec  - Proxy auth state: UNCHALLENGED
12313 [Forwarding clickElement on session aea78ad3bcb095bb1a504528bf99158c to remote] DEBUG org.apache.http.headers  - http-outgoing-0 >> POST /session/aea78ad3bcb095bb1a504528bf99158c/element/0.510386716253812-2/click HTTP/1.1
12314 [Forwarding clickElement on session aea78ad3bcb095bb1a504528bf99158c to remote] DEBUG org.apache.http.headers  - http-outgoing-0 >> Content-Type: application/json; charset=utf-8
12314 [Forwarding clickElement on session aea78ad3bcb095bb1a504528bf99158c to remote] DEBUG org.apache.http.headers  - http-outgoing-0 >> Content-Length: 28
12315 [Forwarding clickElement on session aea78ad3bcb095bb1a504528bf99158c to remote] DEBUG org.apache.http.headers  - http-outgoing-0 >> Host: localhost:41706
12315 [Forwarding clickElement on session aea78ad3bcb095bb1a504528bf99158c to remote] DEBUG org.apache.http.headers  - http-outgoing-0 >> Connection: Keep-Alive
12316 [Forwarding clickElement on session aea78ad3bcb095bb1a504528bf99158c to remote] DEBUG org.apache.http.headers  - http-outgoing-0 >> User-Agent: Apache-HttpClient/4.5.1 (Java/1.8.0_181)
12316 [Forwarding clickElement on session aea78ad3bcb095bb1a504528bf99158c to remote] DEBUG org.apache.http.headers  - http-outgoing-0 >> Accept-Encoding: gzip,deflate
12316 [Forwarding clickElement on session aea78ad3bcb095bb1a504528bf99158c to remote] DEBUG org.apache.http.wire  - http-outgoing-0 >> "POST /session/aea78ad3bcb095bb1a504528bf99158c/element/0.510386716253812-2/click HTTP/1.1[\r][\n]"
12317 [Forwarding clickElement on session aea78ad3bcb095bb1a504528bf99158c to remote] DEBUG org.apache.http.wire  - http-outgoing-0 >> "Content-Type: application/json; charset=utf-8[\r][\n]"
12317 [Forwarding clickElement on session aea78ad3bcb095bb1a504528bf99158c to remote] DEBUG org.apache.http.wire  - http-outgoing-0 >> "Content-Length: 28[\r][\n]"
12318 [Forwarding clickElement on session aea78ad3bcb095bb1a504528bf99158c to remote] DEBUG org.apache.http.wire  - http-outgoing-0 >> "Host: localhost:41706[\r][\n]"
12318 [Forwarding clickElement on session aea78ad3bcb095bb1a504528bf99158c to remote] DEBUG org.apache.http.wire  - http-outgoing-0 >> "Connection: Keep-Alive[\r][\n]"
12319 [Forwarding clickElement on session aea78ad3bcb095bb1a504528bf99158c to remote] DEBUG org.apache.http.wire  - http-outgoing-0 >> "User-Agent: Apache-HttpClient/4.5.1 (Java/1.8.0_181)[\r][\n]"
12319 [Forwarding clickElement on session aea78ad3bcb095bb1a504528bf99158c to remote] DEBUG org.apache.http.wire  - http-outgoing-0 >> "Accept-Encoding: gzip,deflate[\r][\n]"
12320 [Forwarding clickElement on session aea78ad3bcb095bb1a504528bf99158c to remote] DEBUG org.apache.http.wire  - http-outgoing-0 >> "[\r][\n]"
12320 [Forwarding clickElement on session aea78ad3bcb095bb1a504528bf99158c to remote] DEBUG org.apache.http.wire  - http-outgoing-0 >> "{"id":"0.510386716253812-2"}"
12388 [Forwarding clickElement on session aea78ad3bcb095bb1a504528bf99158c to remote] DEBUG org.apache.http.wire  - http-outgoing-0 << "HTTP/1.1 200 OK[\r][\n]"
12389 [Forwarding clickElement on session aea78ad3bcb095bb1a504528bf99158c to remote] DEBUG org.apache.http.wire  - http-outgoing-0 << "Content-Length:72[\r][\n]"
12389 [Forwarding clickElement on session aea78ad3bcb095bb1a504528bf99158c to remote] DEBUG org.apache.http.wire  - http-outgoing-0 << "Content-Type:application/json; charset=utf-8[\r][\n]"
12390 [Forwarding clickElement on session aea78ad3bcb095bb1a504528bf99158c to remote] DEBUG org.apache.http.wire  - http-outgoing-0 << "[\r][\n]"
12390 [Forwarding clickElement on session aea78ad3bcb095bb1a504528bf99158c to remote] DEBUG org.apache.http.wire  - http-outgoing-0 << "{"sessionId":"aea78ad3bcb095bb1a504528bf99158c","status":0,"value":null}"
12391 [Forwarding clickElement on session aea78ad3bcb095bb1a504528bf99158c to remote] DEBUG org.apache.http.headers  - http-outgoing-0 << HTTP/1.1 200 OK
12391 [Forwarding clickElement on session aea78ad3bcb095bb1a504528bf99158c to remote] DEBUG org.apache.http.headers  - http-outgoing-0 << Content-Length:72
12392 [Forwarding clickElement on session aea78ad3bcb095bb1a504528bf99158c to remote] DEBUG org.apache.http.headers  - http-outgoing-0 << Content-Type:application/json; charset=utf-8
12392 [Forwarding clickElement on session aea78ad3bcb095bb1a504528bf99158c to remote] DEBUG org.apache.http.impl.execchain.MainClientExec  - Connection can be kept alive indefinitely
12393 [Forwarding clickElement on session aea78ad3bcb095bb1a504528bf99158c to remote] DEBUG org.apache.http.impl.conn.PoolingHttpClientConnectionManager  - Connection [id: 0][route: {}->http://localhost:41706] can be kept alive indefinitely
12393 [Forwarding clickElement on session aea78ad3bcb095bb1a504528bf99158c to remote] DEBUG org.apache.http.impl.conn.PoolingHttpClientConnectionManager  - Connection released: [id: 0][route: {}->http://localhost:41706][total kept alive: 1; route allocated: 1 of 2000; total allocated: 1 of 2000]
12394 [main] DEBUG devpinoyLogger  - ----Add Customer page opened----
12395 [Forwarding findElement on session aea78ad3bcb095bb1a504528bf99158c to remote] DEBUG org.apache.http.client.protocol.RequestAddCookies  - CookieSpec selected: default
12395 [Forwarding findElement on session aea78ad3bcb095bb1a504528bf99158c to remote] DEBUG org.apache.http.client.protocol.RequestAuthCache  - Auth cache not set in the context
12395 [Forwarding findElement on session aea78ad3bcb095bb1a504528bf99158c to remote] DEBUG org.apache.http.impl.conn.PoolingHttpClientConnectionManager  - Connection request: [route: {}->http://localhost:41706][total kept alive: 1; route allocated: 1 of 2000; total allocated: 1 of 2000]
12396 [Forwarding findElement on session aea78ad3bcb095bb1a504528bf99158c to remote] DEBUG org.apache.http.impl.conn.PoolingHttpClientConnectionManager  - Connection leased: [id: 0][route: {}->http://localhost:41706][total kept alive: 0; route allocated: 1 of 2000; total allocated: 1 of 2000]
12396 [Forwarding findElement on session aea78ad3bcb095bb1a504528bf99158c to remote] DEBUG org.apache.http.impl.execchain.MainClientExec  - Stale connection check
12397 [Forwarding findElement on session aea78ad3bcb095bb1a504528bf99158c to remote] DEBUG org.apache.http.wire  - http-outgoing-0 << "[read] I/O error: Read timed out"
12397 [Forwarding findElement on session aea78ad3bcb095bb1a504528bf99158c to remote] DEBUG org.apache.http.impl.conn.DefaultManagedHttpClientConnection  - http-outgoing-0: set socket timeout to 10800000
12397 [Forwarding findElement on session aea78ad3bcb095bb1a504528bf99158c to remote] DEBUG org.apache.http.impl.execchain.MainClientExec  - Executing request POST /session/aea78ad3bcb095bb1a504528bf99158c/element HTTP/1.1
12397 [Forwarding findElement on session aea78ad3bcb095bb1a504528bf99158c to remote] DEBUG org.apache.http.impl.execchain.MainClientExec  - Target auth state: UNCHALLENGED
12398 [Forwarding findElement on session aea78ad3bcb095bb1a504528bf99158c to remote] DEBUG org.apache.http.impl.execchain.MainClientExec  - Proxy auth state: UNCHALLENGED
12398 [Forwarding findElement on session aea78ad3bcb095bb1a504528bf99158c to remote] DEBUG org.apache.http.headers  - http-outgoing-0 >> POST /session/aea78ad3bcb095bb1a504528bf99158c/element HTTP/1.1
12398 [Forwarding findElement on session aea78ad3bcb095bb1a504528bf99158c to remote] DEBUG org.apache.http.headers  - http-outgoing-0 >> Content-Type: application/json; charset=utf-8
12398 [Forwarding findElement on session aea78ad3bcb095bb1a504528bf99158c to remote] DEBUG org.apache.http.headers  - http-outgoing-0 >> Content-Length: 58
12399 [Forwarding findElement on session aea78ad3bcb095bb1a504528bf99158c to remote] DEBUG org.apache.http.headers  - http-outgoing-0 >> Host: localhost:41706
12399 [Forwarding findElement on session aea78ad3bcb095bb1a504528bf99158c to remote] DEBUG org.apache.http.headers  - http-outgoing-0 >> Connection: Keep-Alive
12399 [Forwarding findElement on session aea78ad3bcb095bb1a504528bf99158c to remote] DEBUG org.apache.http.headers  - http-outgoing-0 >> User-Agent: Apache-HttpClient/4.5.1 (Java/1.8.0_181)
12400 [Forwarding findElement on session aea78ad3bcb095bb1a504528bf99158c to remote] DEBUG org.apache.http.headers  - http-outgoing-0 >> Accept-Encoding: gzip,deflate
12400 [Forwarding findElement on session aea78ad3bcb095bb1a504528bf99158c to remote] DEBUG org.apache.http.wire  - http-outgoing-0 >> "POST /session/aea78ad3bcb095bb1a504528bf99158c/element HTTP/1.1[\r][\n]"
12400 [Forwarding findElement on session aea78ad3bcb095bb1a504528bf99158c to remote] DEBUG org.apache.http.wire  - http-outgoing-0 >> "Content-Type: application/json; charset=utf-8[\r][\n]"
12401 [Forwarding findElement on session aea78ad3bcb095bb1a504528bf99158c to remote] DEBUG org.apache.http.wire  - http-outgoing-0 >> "Content-Length: 58[\r][\n]"
12401 [Forwarding findElement on session aea78ad3bcb095bb1a504528bf99158c to remote] DEBUG org.apache.http.wire  - http-outgoing-0 >> "Host: localhost:41706[\r][\n]"
12401 [Forwarding findElement on session aea78ad3bcb095bb1a504528bf99158c to remote] DEBUG org.apache.http.wire  - http-outgoing-0 >> "Connection: Keep-Alive[\r][\n]"
12401 [Forwarding findElement on session aea78ad3bcb095bb1a504528bf99158c to remote] DEBUG org.apache.http.wire  - http-outgoing-0 >> "User-Agent: Apache-HttpClient/4.5.1 (Java/1.8.0_181)[\r][\n]"
12402 [Forwarding findElement on session aea78ad3bcb095bb1a504528bf99158c to remote] DEBUG org.apache.http.wire  - http-outgoing-0 >> "Accept-Encoding: gzip,deflate[\r][\n]"
12402 [Forwarding findElement on session aea78ad3bcb095bb1a504528bf99158c to remote] DEBUG org.apache.http.wire  - http-outgoing-0 >> "[\r][\n]"
12403 [Forwarding findElement on session aea78ad3bcb095bb1a504528bf99158c to remote] DEBUG org.apache.http.wire  - http-outgoing-0 >> "{"using":"css selector","value":"input[ng-model='fName']"}"
12730 [Forwarding findElement on session aea78ad3bcb095bb1a504528bf99158c to remote] DEBUG org.apache.http.wire  - http-outgoing-0 << "HTTP/1.1 200 OK[\r][\n]"
12730 [Forwarding findElement on session aea78ad3bcb095bb1a504528bf99158c to remote] DEBUG org.apache.http.wire  - http-outgoing-0 << "Content-Length:101[\r][\n]"
12730 [Forwarding findElement on session aea78ad3bcb095bb1a504528bf99158c to remote] DEBUG org.apache.http.wire  - http-outgoing-0 << "Content-Type:application/json; charset=utf-8[\r][\n]"
12730 [Forwarding findElement on session aea78ad3bcb095bb1a504528bf99158c to remote] DEBUG org.apache.http.wire  - http-outgoing-0 << "[\r][\n]"
12730 [Forwarding findElement on session aea78ad3bcb095bb1a504528bf99158c to remote] DEBUG org.apache.http.wire  - http-outgoing-0 << "{"sessionId":"aea78ad3bcb095bb1a504528bf99158c","status":0,"value":{"ELEMENT":"0.510386716253812-3"}}"
12731 [Forwarding findElement on session aea78ad3bcb095bb1a504528bf99158c to remote] DEBUG org.apache.http.headers  - http-outgoing-0 << HTTP/1.1 200 OK
12731 [Forwarding findElement on session aea78ad3bcb095bb1a504528bf99158c to remote] DEBUG org.apache.http.headers  - http-outgoing-0 << Content-Length:101
12731 [Forwarding findElement on session aea78ad3bcb095bb1a504528bf99158c to remote] DEBUG org.apache.http.headers  - http-outgoing-0 << Content-Type:application/json; charset=utf-8
12731 [Forwarding findElement on session aea78ad3bcb095bb1a504528bf99158c to remote] DEBUG org.apache.http.impl.execchain.MainClientExec  - Connection can be kept alive indefinitely
12732 [Forwarding findElement on session aea78ad3bcb095bb1a504528bf99158c to remote] DEBUG org.apache.http.impl.conn.PoolingHttpClientConnectionManager  - Connection [id: 0][route: {}->http://localhost:41706] can be kept alive indefinitely
12732 [Forwarding findElement on session aea78ad3bcb095bb1a504528bf99158c to remote] DEBUG org.apache.http.impl.conn.PoolingHttpClientConnectionManager  - Connection released: [id: 0][route: {}->http://localhost:41706][total kept alive: 1; route allocated: 1 of 2000; total allocated: 1 of 2000]
12733 [Forwarding sendKeysToElement on session aea78ad3bcb095bb1a504528bf99158c to remote] DEBUG org.apache.http.client.protocol.RequestAddCookies  - CookieSpec selected: default
12733 [Forwarding sendKeysToElement on session aea78ad3bcb095bb1a504528bf99158c to remote] DEBUG org.apache.http.client.protocol.RequestAuthCache  - Auth cache not set in the context
12734 [Forwarding sendKeysToElement on session aea78ad3bcb095bb1a504528bf99158c to remote] DEBUG org.apache.http.impl.conn.PoolingHttpClientConnectionManager  - Connection request: [route: {}->http://localhost:41706][total kept alive: 1; route allocated: 1 of 2000; total allocated: 1 of 2000]
12734 [Forwarding sendKeysToElement on session aea78ad3bcb095bb1a504528bf99158c to remote] DEBUG org.apache.http.impl.conn.PoolingHttpClientConnectionManager  - Connection leased: [id: 0][route: {}->http://localhost:41706][total kept alive: 0; route allocated: 1 of 2000; total allocated: 1 of 2000]
12734 [Forwarding sendKeysToElement on session aea78ad3bcb095bb1a504528bf99158c to remote] DEBUG org.apache.http.impl.execchain.MainClientExec  - Stale connection check
12735 [Forwarding sendKeysToElement on session aea78ad3bcb095bb1a504528bf99158c to remote] DEBUG org.apache.http.wire  - http-outgoing-0 << "[read] I/O error: Read timed out"
12735 [Forwarding sendKeysToElement on session aea78ad3bcb095bb1a504528bf99158c to remote] DEBUG org.apache.http.impl.conn.DefaultManagedHttpClientConnection  - http-outgoing-0: set socket timeout to 10800000
12735 [Forwarding sendKeysToElement on session aea78ad3bcb095bb1a504528bf99158c to remote] DEBUG org.apache.http.impl.execchain.MainClientExec  - Executing request POST /session/aea78ad3bcb095bb1a504528bf99158c/element/0.510386716253812-3/value HTTP/1.1
12735 [Forwarding sendKeysToElement on session aea78ad3bcb095bb1a504528bf99158c to remote] DEBUG org.apache.http.impl.execchain.MainClientExec  - Target auth state: UNCHALLENGED
12735 [Forwarding sendKeysToElement on session aea78ad3bcb095bb1a504528bf99158c to remote] DEBUG org.apache.http.impl.execchain.MainClientExec  - Proxy auth state: UNCHALLENGED
12735 [Forwarding sendKeysToElement on session aea78ad3bcb095bb1a504528bf99158c to remote] DEBUG org.apache.http.headers  - http-outgoing-0 >> POST /session/aea78ad3bcb095bb1a504528bf99158c/element/0.510386716253812-3/value HTTP/1.1
12736 [Forwarding sendKeysToElement on session aea78ad3bcb095bb1a504528bf99158c to remote] DEBUG org.apache.http.headers  - http-outgoing-0 >> Content-Type: application/json; charset=utf-8
12736 [Forwarding sendKeysToElement on session aea78ad3bcb095bb1a504528bf99158c to remote] DEBUG org.apache.http.headers  - http-outgoing-0 >> Content-Length: 46
12736 [Forwarding sendKeysToElement on session aea78ad3bcb095bb1a504528bf99158c to remote] DEBUG org.apache.http.headers  - http-outgoing-0 >> Host: localhost:41706
12736 [Forwarding sendKeysToElement on session aea78ad3bcb095bb1a504528bf99158c to remote] DEBUG org.apache.http.headers  - http-outgoing-0 >> Connection: Keep-Alive
12736 [Forwarding sendKeysToElement on session aea78ad3bcb095bb1a504528bf99158c to remote] DEBUG org.apache.http.headers  - http-outgoing-0 >> User-Agent: Apache-HttpClient/4.5.1 (Java/1.8.0_181)
12737 [Forwarding sendKeysToElement on session aea78ad3bcb095bb1a504528bf99158c to remote] DEBUG org.apache.http.headers  - http-outgoing-0 >> Accept-Encoding: gzip,deflate
12737 [Forwarding sendKeysToElement on session aea78ad3bcb095bb1a504528bf99158c to remote] DEBUG org.apache.http.wire  - http-outgoing-0 >> "POST /session/aea78ad3bcb095bb1a504528bf99158c/element/0.510386716253812-3/value HTTP/1.1[\r][\n]"
12737 [Forwarding sendKeysToElement on session aea78ad3bcb095bb1a504528bf99158c to remote] DEBUG org.apache.http.wire  - http-outgoing-0 >> "Content-Type: application/json; charset=utf-8[\r][\n]"
12737 [Forwarding sendKeysToElement on session aea78ad3bcb095bb1a504528bf99158c to remote] DEBUG org.apache.http.wire  - http-outgoing-0 >> "Content-Length: 46[\r][\n]"
12737 [Forwarding sendKeysToElement on session aea78ad3bcb095bb1a504528bf99158c to remote] DEBUG org.apache.http.wire  - http-outgoing-0 >> "Host: localhost:41706[\r][\n]"
12738 [Forwarding sendKeysToElement on session aea78ad3bcb095bb1a504528bf99158c to remote] DEBUG org.apache.http.wire  - http-outgoing-0 >> "Connection: Keep-Alive[\r][\n]"
12738 [Forwarding sendKeysToElement on session aea78ad3bcb095bb1a504528bf99158c to remote] DEBUG org.apache.http.wire  - http-outgoing-0 >> "User-Agent: Apache-HttpClient/4.5.1 (Java/1.8.0_181)[\r][\n]"
12738 [Forwarding sendKeysToElement on session aea78ad3bcb095bb1a504528bf99158c to remote] DEBUG org.apache.http.wire  - http-outgoing-0 >> "Accept-Encoding: gzip,deflate[\r][\n]"
12738 [Forwarding sendKeysToElement on session aea78ad3bcb095bb1a504528bf99158c to remote] DEBUG org.apache.http.wire  - http-outgoing-0 >> "[\r][\n]"
12738 [Forwarding sendKeysToElement on session aea78ad3bcb095bb1a504528bf99158c to remote] DEBUG org.apache.http.wire  - http-outgoing-0 >> "{"id":"0.510386716253812-3","value":["Noman"]}"
12854 [Forwarding sendKeysToElement on session aea78ad3bcb095bb1a504528bf99158c to remote] DEBUG org.apache.http.wire  - http-outgoing-0 << "HTTP/1.1 200 OK[\r][\n]"
12854 [Forwarding sendKeysToElement on session aea78ad3bcb095bb1a504528bf99158c to remote] DEBUG org.apache.http.wire  - http-outgoing-0 << "Content-Length:72[\r][\n]"
12855 [Forwarding sendKeysToElement on session aea78ad3bcb095bb1a504528bf99158c to remote] DEBUG org.apache.http.wire  - http-outgoing-0 << "Content-Type:application/json; charset=utf-8[\r][\n]"
12855 [Forwarding sendKeysToElement on session aea78ad3bcb095bb1a504528bf99158c to remote] DEBUG org.apache.http.wire  - http-outgoing-0 << "[\r][\n]"
12856 [Forwarding sendKeysToElement on session aea78ad3bcb095bb1a504528bf99158c to remote] DEBUG org.apache.http.wire  - http-outgoing-0 << "{"sessionId":"aea78ad3bcb095bb1a504528bf99158c","status":0,"value":null}"
12856 [Forwarding sendKeysToElement on session aea78ad3bcb095bb1a504528bf99158c to remote] DEBUG org.apache.http.headers  - http-outgoing-0 << HTTP/1.1 200 OK
12856 [Forwarding sendKeysToElement on session aea78ad3bcb095bb1a504528bf99158c to remote] DEBUG org.apache.http.headers  - http-outgoing-0 << Content-Length:72
12860 [Forwarding sendKeysToElement on session aea78ad3bcb095bb1a504528bf99158c to remote] DEBUG org.apache.http.headers  - http-outgoing-0 << Content-Type:application/json; charset=utf-8
12861 [Forwarding sendKeysToElement on session aea78ad3bcb095bb1a504528bf99158c to remote] DEBUG org.apache.http.impl.execchain.MainClientExec  - Connection can be kept alive indefinitely
12862 [Forwarding sendKeysToElement on session aea78ad3bcb095bb1a504528bf99158c to remote] DEBUG org.apache.http.impl.conn.PoolingHttpClientConnectionManager  - Connection [id: 0][route: {}->http://localhost:41706] can be kept alive indefinitely
12862 [Forwarding sendKeysToElement on session aea78ad3bcb095bb1a504528bf99158c to remote] DEBUG org.apache.http.impl.conn.PoolingHttpClientConnectionManager  - Connection released: [id: 0][route: {}->http://localhost:41706][total kept alive: 1; route allocated: 1 of 2000; total allocated: 1 of 2000]
12864 [Forwarding findElement on session aea78ad3bcb095bb1a504528bf99158c to remote] DEBUG org.apache.http.client.protocol.RequestAddCookies  - CookieSpec selected: default
12864 [Forwarding findElement on session aea78ad3bcb095bb1a504528bf99158c to remote] DEBUG org.apache.http.client.protocol.RequestAuthCache  - Auth cache not set in the context
12864 [Forwarding findElement on session aea78ad3bcb095bb1a504528bf99158c to remote] DEBUG org.apache.http.impl.conn.PoolingHttpClientConnectionManager  - Connection request: [route: {}->http://localhost:41706][total kept alive: 1; route allocated: 1 of 2000; total allocated: 1 of 2000]
12865 [Forwarding findElement on session aea78ad3bcb095bb1a504528bf99158c to remote] DEBUG org.apache.http.impl.conn.PoolingHttpClientConnectionManager  - Connection leased: [id: 0][route: {}->http://localhost:41706][total kept alive: 0; route allocated: 1 of 2000; total allocated: 1 of 2000]
12865 [Forwarding findElement on session aea78ad3bcb095bb1a504528bf99158c to remote] DEBUG org.apache.http.impl.execchain.MainClientExec  - Stale connection check
12866 [Forwarding findElement on session aea78ad3bcb095bb1a504528bf99158c to remote] DEBUG org.apache.http.wire  - http-outgoing-0 << "[read] I/O error: Read timed out"
12866 [Forwarding findElement on session aea78ad3bcb095bb1a504528bf99158c to remote] DEBUG org.apache.http.impl.conn.DefaultManagedHttpClientConnection  - http-outgoing-0: set socket timeout to 10800000
12866 [Forwarding findElement on session aea78ad3bcb095bb1a504528bf99158c to remote] DEBUG org.apache.http.impl.execchain.MainClientExec  - Executing request POST /session/aea78ad3bcb095bb1a504528bf99158c/element HTTP/1.1
12867 [Forwarding findElement on session aea78ad3bcb095bb1a504528bf99158c to remote] DEBUG org.apache.http.impl.execchain.MainClientExec  - Target auth state: UNCHALLENGED
12867 [Forwarding findElement on session aea78ad3bcb095bb1a504528bf99158c to remote] DEBUG org.apache.http.impl.execchain.MainClientExec  - Proxy auth state: UNCHALLENGED
12868 [Forwarding findElement on session aea78ad3bcb095bb1a504528bf99158c to remote] DEBUG org.apache.http.headers  - http-outgoing-0 >> POST /session/aea78ad3bcb095bb1a504528bf99158c/element HTTP/1.1
12868 [Forwarding findElement on session aea78ad3bcb095bb1a504528bf99158c to remote] DEBUG org.apache.http.headers  - http-outgoing-0 >> Content-Type: application/json; charset=utf-8
12868 [Forwarding findElement on session aea78ad3bcb095bb1a504528bf99158c to remote] DEBUG org.apache.http.headers  - http-outgoing-0 >> Content-Length: 58
12869 [Forwarding findElement on session aea78ad3bcb095bb1a504528bf99158c to remote] DEBUG org.apache.http.headers  - http-outgoing-0 >> Host: localhost:41706
12869 [Forwarding findElement on session aea78ad3bcb095bb1a504528bf99158c to remote] DEBUG org.apache.http.headers  - http-outgoing-0 >> Connection: Keep-Alive
12869 [Forwarding findElement on session aea78ad3bcb095bb1a504528bf99158c to remote] DEBUG org.apache.http.headers  - http-outgoing-0 >> User-Agent: Apache-HttpClient/4.5.1 (Java/1.8.0_181)
12870 [Forwarding findElement on session aea78ad3bcb095bb1a504528bf99158c to remote] DEBUG org.apache.http.headers  - http-outgoing-0 >> Accept-Encoding: gzip,deflate
12870 [Forwarding findElement on session aea78ad3bcb095bb1a504528bf99158c to remote] DEBUG org.apache.http.wire  - http-outgoing-0 >> "POST /session/aea78ad3bcb095bb1a504528bf99158c/element HTTP/1.1[\r][\n]"
12870 [Forwarding findElement on session aea78ad3bcb095bb1a504528bf99158c to remote] DEBUG org.apache.http.wire  - http-outgoing-0 >> "Content-Type: application/json; charset=utf-8[\r][\n]"
12871 [Forwarding findElement on session aea78ad3bcb095bb1a504528bf99158c to remote] DEBUG org.apache.http.wire  - http-outgoing-0 >> "Content-Length: 58[\r][\n]"
12871 [Forwarding findElement on session aea78ad3bcb095bb1a504528bf99158c to remote] DEBUG org.apache.http.wire  - http-outgoing-0 >> "Host: localhost:41706[\r][\n]"
12871 [Forwarding findElement on session aea78ad3bcb095bb1a504528bf99158c to remote] DEBUG org.apache.http.wire  - http-outgoing-0 >> "Connection: Keep-Alive[\r][\n]"
12872 [Forwarding findElement on session aea78ad3bcb095bb1a504528bf99158c to remote] DEBUG org.apache.http.wire  - http-outgoing-0 >> "User-Agent: Apache-HttpClient/4.5.1 (Java/1.8.0_181)[\r][\n]"
12872 [Forwarding findElement on session aea78ad3bcb095bb1a504528bf99158c to remote] DEBUG org.apache.http.wire  - http-outgoing-0 >> "Accept-Encoding: gzip,deflate[\r][\n]"
12872 [Forwarding findElement on session aea78ad3bcb095bb1a504528bf99158c to remote] DEBUG org.apache.http.wire  - http-outgoing-0 >> "[\r][\n]"
12873 [Forwarding findElement on session aea78ad3bcb095bb1a504528bf99158c to remote] DEBUG org.apache.http.wire  - http-outgoing-0 >> "{"using":"css selector","value":"input[ng-model='lName']"}"
12893 [Forwarding findElement on session aea78ad3bcb095bb1a504528bf99158c to remote] DEBUG org.apache.http.wire  - http-outgoing-0 << "HTTP/1.1 200 OK[\r][\n]"
12893 [Forwarding findElement on session aea78ad3bcb095bb1a504528bf99158c to remote] DEBUG org.apache.http.wire  - http-outgoing-0 << "Content-Length:101[\r][\n]"
12893 [Forwarding findElement on session aea78ad3bcb095bb1a504528bf99158c to remote] DEBUG org.apache.http.wire  - http-outgoing-0 << "Content-Type:application/json; charset=utf-8[\r][\n]"
12894 [Forwarding findElement on session aea78ad3bcb095bb1a504528bf99158c to remote] DEBUG org.apache.http.wire  - http-outgoing-0 << "[\r][\n]"
12894 [Forwarding findElement on session aea78ad3bcb095bb1a504528bf99158c to remote] DEBUG org.apache.http.wire  - http-outgoing-0 << "{"sessionId":"aea78ad3bcb095bb1a504528bf99158c","status":0,"value":{"ELEMENT":"0.510386716253812-4"}}"
12894 [Forwarding findElement on session aea78ad3bcb095bb1a504528bf99158c to remote] DEBUG org.apache.http.headers  - http-outgoing-0 << HTTP/1.1 200 OK
12895 [Forwarding findElement on session aea78ad3bcb095bb1a504528bf99158c to remote] DEBUG org.apache.http.headers  - http-outgoing-0 << Content-Length:101
12895 [Forwarding findElement on session aea78ad3bcb095bb1a504528bf99158c to remote] DEBUG org.apache.http.headers  - http-outgoing-0 << Content-Type:application/json; charset=utf-8
12895 [Forwarding findElement on session aea78ad3bcb095bb1a504528bf99158c to remote] DEBUG org.apache.http.impl.execchain.MainClientExec  - Connection can be kept alive indefinitely
12896 [Forwarding findElement on session aea78ad3bcb095bb1a504528bf99158c to remote] DEBUG org.apache.http.impl.conn.PoolingHttpClientConnectionManager  - Connection [id: 0][route: {}->http://localhost:41706] can be kept alive indefinitely
12896 [Forwarding findElement on session aea78ad3bcb095bb1a504528bf99158c to remote] DEBUG org.apache.http.impl.conn.PoolingHttpClientConnectionManager  - Connection released: [id: 0][route: {}->http://localhost:41706][total kept alive: 1; route allocated: 1 of 2000; total allocated: 1 of 2000]
12898 [Forwarding sendKeysToElement on session aea78ad3bcb095bb1a504528bf99158c to remote] DEBUG org.apache.http.client.protocol.RequestAddCookies  - CookieSpec selected: default
12898 [Forwarding sendKeysToElement on session aea78ad3bcb095bb1a504528bf99158c to remote] DEBUG org.apache.http.client.protocol.RequestAuthCache  - Auth cache not set in the context
12899 [Forwarding sendKeysToElement on session aea78ad3bcb095bb1a504528bf99158c to remote] DEBUG org.apache.http.impl.conn.PoolingHttpClientConnectionManager  - Connection request: [route: {}->http://localhost:41706][total kept alive: 1; route allocated: 1 of 2000; total allocated: 1 of 2000]
12899 [Forwarding sendKeysToElement on session aea78ad3bcb095bb1a504528bf99158c to remote] DEBUG org.apache.http.impl.conn.PoolingHttpClientConnectionManager  - Connection leased: [id: 0][route: {}->http://localhost:41706][total kept alive: 0; route allocated: 1 of 2000; total allocated: 1 of 2000]
12899 [Forwarding sendKeysToElement on session aea78ad3bcb095bb1a504528bf99158c to remote] DEBUG org.apache.http.impl.execchain.MainClientExec  - Stale connection check
12901 [Forwarding sendKeysToElement on session aea78ad3bcb095bb1a504528bf99158c to remote] DEBUG org.apache.http.wire  - http-outgoing-0 << "[read] I/O error: Read timed out"
12901 [Forwarding sendKeysToElement on session aea78ad3bcb095bb1a504528bf99158c to remote] DEBUG org.apache.http.impl.conn.DefaultManagedHttpClientConnection  - http-outgoing-0: set socket timeout to 10800000
12901 [Forwarding sendKeysToElement on session aea78ad3bcb095bb1a504528bf99158c to remote] DEBUG org.apache.http.impl.execchain.MainClientExec  - Executing request POST /session/aea78ad3bcb095bb1a504528bf99158c/element/0.510386716253812-4/value HTTP/1.1
12902 [Forwarding sendKeysToElement on session aea78ad3bcb095bb1a504528bf99158c to remote] DEBUG org.apache.http.impl.execchain.MainClientExec  - Target auth state: UNCHALLENGED
12902 [Forwarding sendKeysToElement on session aea78ad3bcb095bb1a504528bf99158c to remote] DEBUG org.apache.http.impl.execchain.MainClientExec  - Proxy auth state: UNCHALLENGED
12902 [Forwarding sendKeysToElement on session aea78ad3bcb095bb1a504528bf99158c to remote] DEBUG org.apache.http.headers  - http-outgoing-0 >> POST /session/aea78ad3bcb095bb1a504528bf99158c/element/0.510386716253812-4/value HTTP/1.1
12903 [Forwarding sendKeysToElement on session aea78ad3bcb095bb1a504528bf99158c to remote] DEBUG org.apache.http.headers  - http-outgoing-0 >> Content-Type: application/json; charset=utf-8
12903 [Forwarding sendKeysToElement on session aea78ad3bcb095bb1a504528bf99158c to remote] DEBUG org.apache.http.headers  - http-outgoing-0 >> Content-Length: 46
12904 [Forwarding sendKeysToElement on session aea78ad3bcb095bb1a504528bf99158c to remote] DEBUG org.apache.http.headers  - http-outgoing-0 >> Host: localhost:41706
12904 [Forwarding sendKeysToElement on session aea78ad3bcb095bb1a504528bf99158c to remote] DEBUG org.apache.http.headers  - http-outgoing-0 >> Connection: Keep-Alive
12904 [Forwarding sendKeysToElement on session aea78ad3bcb095bb1a504528bf99158c to remote] DEBUG org.apache.http.headers  - http-outgoing-0 >> User-Agent: Apache-HttpClient/4.5.1 (Java/1.8.0_181)
12905 [Forwarding sendKeysToElement on session aea78ad3bcb095bb1a504528bf99158c to remote] DEBUG org.apache.http.headers  - http-outgoing-0 >> Accept-Encoding: gzip,deflate
12905 [Forwarding sendKeysToElement on session aea78ad3bcb095bb1a504528bf99158c to remote] DEBUG org.apache.http.wire  - http-outgoing-0 >> "POST /session/aea78ad3bcb095bb1a504528bf99158c/element/0.510386716253812-4/value HTTP/1.1[\r][\n]"
12905 [Forwarding sendKeysToElement on session aea78ad3bcb095bb1a504528bf99158c to remote] DEBUG org.apache.http.wire  - http-outgoing-0 >> "Content-Type: application/json; charset=utf-8[\r][\n]"
12906 [Forwarding sendKeysToElement on session aea78ad3bcb095bb1a504528bf99158c to remote] DEBUG org.apache.http.wire  - http-outgoing-0 >> "Content-Length: 46[\r][\n]"
12906 [Forwarding sendKeysToElement on session aea78ad3bcb095bb1a504528bf99158c to remote] DEBUG org.apache.http.wire  - http-outgoing-0 >> "Host: localhost:41706[\r][\n]"
12906 [Forwarding sendKeysToElement on session aea78ad3bcb095bb1a504528bf99158c to remote] DEBUG org.apache.http.wire  - http-outgoing-0 >> "Connection: Keep-Alive[\r][\n]"
12907 [Forwarding sendKeysToElement on session aea78ad3bcb095bb1a504528bf99158c to remote] DEBUG org.apache.http.wire  - http-outgoing-0 >> "User-Agent: Apache-HttpClient/4.5.1 (Java/1.8.0_181)[\r][\n]"
12907 [Forwarding sendKeysToElement on session aea78ad3bcb095bb1a504528bf99158c to remote] DEBUG org.apache.http.wire  - http-outgoing-0 >> "Accept-Encoding: gzip,deflate[\r][\n]"
12907 [Forwarding sendKeysToElement on session aea78ad3bcb095bb1a504528bf99158c to remote] DEBUG org.apache.http.wire  - http-outgoing-0 >> "[\r][\n]"
12907 [Forwarding sendKeysToElement on session aea78ad3bcb095bb1a504528bf99158c to remote] DEBUG org.apache.http.wire  - http-outgoing-0 >> "{"id":"0.510386716253812-4","value":["Qamer"]}"
12986 [Forwarding sendKeysToElement on session aea78ad3bcb095bb1a504528bf99158c to remote] DEBUG org.apache.http.wire  - http-outgoing-0 << "HTTP/1.1 200 OK[\r][\n]"
12986 [Forwarding sendKeysToElement on session aea78ad3bcb095bb1a504528bf99158c to remote] DEBUG org.apache.http.wire  - http-outgoing-0 << "Content-Length:72[\r][\n]"
12987 [Forwarding sendKeysToElement on session aea78ad3bcb095bb1a504528bf99158c to remote] DEBUG org.apache.http.wire  - http-outgoing-0 << "Content-Type:application/json; charset=utf-8[\r][\n]"
12987 [Forwarding sendKeysToElement on session aea78ad3bcb095bb1a504528bf99158c to remote] DEBUG org.apache.http.wire  - http-outgoing-0 << "[\r][\n]"
12988 [Forwarding sendKeysToElement on session aea78ad3bcb095bb1a504528bf99158c to remote] DEBUG org.apache.http.wire  - http-outgoing-0 << "{"sessionId":"aea78ad3bcb095bb1a504528bf99158c","status":0,"value":null}"
12988 [Forwarding sendKeysToElement on session aea78ad3bcb095bb1a504528bf99158c to remote] DEBUG org.apache.http.headers  - http-outgoing-0 << HTTP/1.1 200 OK
12989 [Forwarding sendKeysToElement on session aea78ad3bcb095bb1a504528bf99158c to remote] DEBUG org.apache.http.headers  - http-outgoing-0 << Content-Length:72
12989 [Forwarding sendKeysToElement on session aea78ad3bcb095bb1a504528bf99158c to remote] DEBUG org.apache.http.headers  - http-outgoing-0 << Content-Type:application/json; charset=utf-8
12990 [Forwarding sendKeysToElement on session aea78ad3bcb095bb1a504528bf99158c to remote] DEBUG org.apache.http.impl.execchain.MainClientExec  - Connection can be kept alive indefinitely
12990 [Forwarding sendKeysToElement on session aea78ad3bcb095bb1a504528bf99158c to remote] DEBUG org.apache.http.impl.conn.PoolingHttpClientConnectionManager  - Connection [id: 0][route: {}->http://localhost:41706] can be kept alive indefinitely
12991 [Forwarding sendKeysToElement on session aea78ad3bcb095bb1a504528bf99158c to remote] DEBUG org.apache.http.impl.conn.PoolingHttpClientConnectionManager  - Connection released: [id: 0][route: {}->http://localhost:41706][total kept alive: 1; route allocated: 1 of 2000; total allocated: 1 of 2000]
12992 [Forwarding findElement on session aea78ad3bcb095bb1a504528bf99158c to remote] DEBUG org.apache.http.client.protocol.RequestAddCookies  - CookieSpec selected: default
12992 [Forwarding findElement on session aea78ad3bcb095bb1a504528bf99158c to remote] DEBUG org.apache.http.client.protocol.RequestAuthCache  - Auth cache not set in the context
12993 [Forwarding findElement on session aea78ad3bcb095bb1a504528bf99158c to remote] DEBUG org.apache.http.impl.conn.PoolingHttpClientConnectionManager  - Connection request: [route: {}->http://localhost:41706][total kept alive: 1; route allocated: 1 of 2000; total allocated: 1 of 2000]
12994 [Forwarding findElement on session aea78ad3bcb095bb1a504528bf99158c to remote] DEBUG org.apache.http.impl.conn.PoolingHttpClientConnectionManager  - Connection leased: [id: 0][route: {}->http://localhost:41706][total kept alive: 0; route allocated: 1 of 2000; total allocated: 1 of 2000]
12994 [Forwarding findElement on session aea78ad3bcb095bb1a504528bf99158c to remote] DEBUG org.apache.http.impl.execchain.MainClientExec  - Stale connection check
12995 [Forwarding findElement on session aea78ad3bcb095bb1a504528bf99158c to remote] DEBUG org.apache.http.wire  - http-outgoing-0 << "[read] I/O error: Read timed out"
12995 [Forwarding findElement on session aea78ad3bcb095bb1a504528bf99158c to remote] DEBUG org.apache.http.impl.conn.DefaultManagedHttpClientConnection  - http-outgoing-0: set socket timeout to 10800000
12996 [Forwarding findElement on session aea78ad3bcb095bb1a504528bf99158c to remote] DEBUG org.apache.http.impl.execchain.MainClientExec  - Executing request POST /session/aea78ad3bcb095bb1a504528bf99158c/element HTTP/1.1
12996 [Forwarding findElement on session aea78ad3bcb095bb1a504528bf99158c to remote] DEBUG org.apache.http.impl.execchain.MainClientExec  - Target auth state: UNCHALLENGED
12997 [Forwarding findElement on session aea78ad3bcb095bb1a504528bf99158c to remote] DEBUG org.apache.http.impl.execchain.MainClientExec  - Proxy auth state: UNCHALLENGED
12998 [Forwarding findElement on session aea78ad3bcb095bb1a504528bf99158c to remote] DEBUG org.apache.http.headers  - http-outgoing-0 >> POST /session/aea78ad3bcb095bb1a504528bf99158c/element HTTP/1.1
12999 [Forwarding findElement on session aea78ad3bcb095bb1a504528bf99158c to remote] DEBUG org.apache.http.headers  - http-outgoing-0 >> Content-Type: application/json; charset=utf-8
13000 [Forwarding findElement on session aea78ad3bcb095bb1a504528bf99158c to remote] DEBUG org.apache.http.headers  - http-outgoing-0 >> Content-Length: 59
13000 [Forwarding findElement on session aea78ad3bcb095bb1a504528bf99158c to remote] DEBUG org.apache.http.headers  - http-outgoing-0 >> Host: localhost:41706
13001 [Forwarding findElement on session aea78ad3bcb095bb1a504528bf99158c to remote] DEBUG org.apache.http.headers  - http-outgoing-0 >> Connection: Keep-Alive
13001 [Forwarding findElement on session aea78ad3bcb095bb1a504528bf99158c to remote] DEBUG org.apache.http.headers  - http-outgoing-0 >> User-Agent: Apache-HttpClient/4.5.1 (Java/1.8.0_181)
13002 [Forwarding findElement on session aea78ad3bcb095bb1a504528bf99158c to remote] DEBUG org.apache.http.headers  - http-outgoing-0 >> Accept-Encoding: gzip,deflate
13002 [Forwarding findElement on session aea78ad3bcb095bb1a504528bf99158c to remote] DEBUG org.apache.http.wire  - http-outgoing-0 >> "POST /session/aea78ad3bcb095bb1a504528bf99158c/element HTTP/1.1[\r][\n]"
13003 [Forwarding findElement on session aea78ad3bcb095bb1a504528bf99158c to remote] DEBUG org.apache.http.wire  - http-outgoing-0 >> "Content-Type: application/json; charset=utf-8[\r][\n]"
13004 [Forwarding findElement on session aea78ad3bcb095bb1a504528bf99158c to remote] DEBUG org.apache.http.wire  - http-outgoing-0 >> "Content-Length: 59[\r][\n]"
13004 [Forwarding findElement on session aea78ad3bcb095bb1a504528bf99158c to remote] DEBUG org.apache.http.wire  - http-outgoing-0 >> "Host: localhost:41706[\r][\n]"
13005 [Forwarding findElement on session aea78ad3bcb095bb1a504528bf99158c to remote] DEBUG org.apache.http.wire  - http-outgoing-0 >> "Connection: Keep-Alive[\r][\n]"
13006 [Forwarding findElement on session aea78ad3bcb095bb1a504528bf99158c to remote] DEBUG org.apache.http.wire  - http-outgoing-0 >> "User-Agent: Apache-HttpClient/4.5.1 (Java/1.8.0_181)[\r][\n]"
13007 [Forwarding findElement on session aea78ad3bcb095bb1a504528bf99158c to remote] DEBUG org.apache.http.wire  - http-outgoing-0 >> "Accept-Encoding: gzip,deflate[\r][\n]"
13007 [Forwarding findElement on session aea78ad3bcb095bb1a504528bf99158c to remote] DEBUG org.apache.http.wire  - http-outgoing-0 >> "[\r][\n]"
13008 [Forwarding findElement on session aea78ad3bcb095bb1a504528bf99158c to remote] DEBUG org.apache.http.wire  - http-outgoing-0 >> "{"using":"css selector","value":"input[ng-model='postCd']"}"
13040 [Forwarding findElement on session aea78ad3bcb095bb1a504528bf99158c to remote] DEBUG org.apache.http.wire  - http-outgoing-0 << "HTTP/1.1 200 OK[\r][\n]"
13041 [Forwarding findElement on session aea78ad3bcb095bb1a504528bf99158c to remote] DEBUG org.apache.http.wire  - http-outgoing-0 << "Content-Length:101[\r][\n]"
13042 [Forwarding findElement on session aea78ad3bcb095bb1a504528bf99158c to remote] DEBUG org.apache.http.wire  - http-outgoing-0 << "Content-Type:application/json; charset=utf-8[\r][\n]"
13042 [Forwarding findElement on session aea78ad3bcb095bb1a504528bf99158c to remote] DEBUG org.apache.http.wire  - http-outgoing-0 << "[\r][\n]"
13042 [Forwarding findElement on session aea78ad3bcb095bb1a504528bf99158c to remote] DEBUG org.apache.http.wire  - http-outgoing-0 << "{"sessionId":"aea78ad3bcb095bb1a504528bf99158c","status":0,"value":{"ELEMENT":"0.510386716253812-5"}}"
13043 [Forwarding findElement on session aea78ad3bcb095bb1a504528bf99158c to remote] DEBUG org.apache.http.headers  - http-outgoing-0 << HTTP/1.1 200 OK
13043 [Forwarding findElement on session aea78ad3bcb095bb1a504528bf99158c to remote] DEBUG org.apache.http.headers  - http-outgoing-0 << Content-Length:101
13044 [Forwarding findElement on session aea78ad3bcb095bb1a504528bf99158c to remote] DEBUG org.apache.http.headers  - http-outgoing-0 << Content-Type:application/json; charset=utf-8
13044 [Forwarding findElement on session aea78ad3bcb095bb1a504528bf99158c to remote] DEBUG org.apache.http.impl.execchain.MainClientExec  - Connection can be kept alive indefinitely
13044 [Forwarding findElement on session aea78ad3bcb095bb1a504528bf99158c to remote] DEBUG org.apache.http.impl.conn.PoolingHttpClientConnectionManager  - Connection [id: 0][route: {}->http://localhost:41706] can be kept alive indefinitely
13045 [Forwarding findElement on session aea78ad3bcb095bb1a504528bf99158c to remote] DEBUG org.apache.http.impl.conn.PoolingHttpClientConnectionManager  - Connection released: [id: 0][route: {}->http://localhost:41706][total kept alive: 1; route allocated: 1 of 2000; total allocated: 1 of 2000]
13047 [Forwarding sendKeysToElement on session aea78ad3bcb095bb1a504528bf99158c to remote] DEBUG org.apache.http.client.protocol.RequestAddCookies  - CookieSpec selected: default
13047 [Forwarding sendKeysToElement on session aea78ad3bcb095bb1a504528bf99158c to remote] DEBUG org.apache.http.client.protocol.RequestAuthCache  - Auth cache not set in the context
13048 [Forwarding sendKeysToElement on session aea78ad3bcb095bb1a504528bf99158c to remote] DEBUG org.apache.http.impl.conn.PoolingHttpClientConnectionManager  - Connection request: [route: {}->http://localhost:41706][total kept alive: 1; route allocated: 1 of 2000; total allocated: 1 of 2000]
13048 [Forwarding sendKeysToElement on session aea78ad3bcb095bb1a504528bf99158c to remote] DEBUG org.apache.http.impl.conn.PoolingHttpClientConnectionManager  - Connection leased: [id: 0][route: {}->http://localhost:41706][total kept alive: 0; route allocated: 1 of 2000; total allocated: 1 of 2000]
13048 [Forwarding sendKeysToElement on session aea78ad3bcb095bb1a504528bf99158c to remote] DEBUG org.apache.http.impl.execchain.MainClientExec  - Stale connection check
13050 [Forwarding sendKeysToElement on session aea78ad3bcb095bb1a504528bf99158c to remote] DEBUG org.apache.http.wire  - http-outgoing-0 << "[read] I/O error: Read timed out"
13050 [Forwarding sendKeysToElement on session aea78ad3bcb095bb1a504528bf99158c to remote] DEBUG org.apache.http.impl.conn.DefaultManagedHttpClientConnection  - http-outgoing-0: set socket timeout to 10800000
13051 [Forwarding sendKeysToElement on session aea78ad3bcb095bb1a504528bf99158c to remote] DEBUG org.apache.http.impl.execchain.MainClientExec  - Executing request POST /session/aea78ad3bcb095bb1a504528bf99158c/element/0.510386716253812-5/value HTTP/1.1
13051 [Forwarding sendKeysToElement on session aea78ad3bcb095bb1a504528bf99158c to remote] DEBUG org.apache.http.impl.execchain.MainClientExec  - Target auth state: UNCHALLENGED
13052 [Forwarding sendKeysToElement on session aea78ad3bcb095bb1a504528bf99158c to remote] DEBUG org.apache.http.impl.execchain.MainClientExec  - Proxy auth state: UNCHALLENGED
13052 [Forwarding sendKeysToElement on session aea78ad3bcb095bb1a504528bf99158c to remote] DEBUG org.apache.http.headers  - http-outgoing-0 >> POST /session/aea78ad3bcb095bb1a504528bf99158c/element/0.510386716253812-5/value HTTP/1.1
13052 [Forwarding sendKeysToElement on session aea78ad3bcb095bb1a504528bf99158c to remote] DEBUG org.apache.http.headers  - http-outgoing-0 >> Content-Type: application/json; charset=utf-8
13053 [Forwarding sendKeysToElement on session aea78ad3bcb095bb1a504528bf99158c to remote] DEBUG org.apache.http.headers  - http-outgoing-0 >> Content-Length: 47
13053 [Forwarding sendKeysToElement on session aea78ad3bcb095bb1a504528bf99158c to remote] DEBUG org.apache.http.headers  - http-outgoing-0 >> Host: localhost:41706
13053 [Forwarding sendKeysToElement on session aea78ad3bcb095bb1a504528bf99158c to remote] DEBUG org.apache.http.headers  - http-outgoing-0 >> Connection: Keep-Alive
13054 [Forwarding sendKeysToElement on session aea78ad3bcb095bb1a504528bf99158c to remote] DEBUG org.apache.http.headers  - http-outgoing-0 >> User-Agent: Apache-HttpClient/4.5.1 (Java/1.8.0_181)
13054 [Forwarding sendKeysToElement on session aea78ad3bcb095bb1a504528bf99158c to remote] DEBUG org.apache.http.headers  - http-outgoing-0 >> Accept-Encoding: gzip,deflate
13055 [Forwarding sendKeysToElement on session aea78ad3bcb095bb1a504528bf99158c to remote] DEBUG org.apache.http.wire  - http-outgoing-0 >> "POST /session/aea78ad3bcb095bb1a504528bf99158c/element/0.510386716253812-5/value HTTP/1.1[\r][\n]"
13056 [Forwarding sendKeysToElement on session aea78ad3bcb095bb1a504528bf99158c to remote] DEBUG org.apache.http.wire  - http-outgoing-0 >> "Content-Type: application/json; charset=utf-8[\r][\n]"
13056 [Forwarding sendKeysToElement on session aea78ad3bcb095bb1a504528bf99158c to remote] DEBUG org.apache.http.wire  - http-outgoing-0 >> "Content-Length: 47[\r][\n]"
13057 [Forwarding sendKeysToElement on session aea78ad3bcb095bb1a504528bf99158c to remote] DEBUG org.apache.http.wire  - http-outgoing-0 >> "Host: localhost:41706[\r][\n]"
13057 [Forwarding sendKeysToElement on session aea78ad3bcb095bb1a504528bf99158c to remote] DEBUG org.apache.http.wire  - http-outgoing-0 >> "Connection: Keep-Alive[\r][\n]"
13057 [Forwarding sendKeysToElement on session aea78ad3bcb095bb1a504528bf99158c to remote] DEBUG org.apache.http.wire  - http-outgoing-0 >> "User-Agent: Apache-HttpClient/4.5.1 (Java/1.8.0_181)[\r][\n]"
13058 [Forwarding sendKeysToElement on session aea78ad3bcb095bb1a504528bf99158c to remote] DEBUG org.apache.http.wire  - http-outgoing-0 >> "Accept-Encoding: gzip,deflate[\r][\n]"
13058 [Forwarding sendKeysToElement on session aea78ad3bcb095bb1a504528bf99158c to remote] DEBUG org.apache.http.wire  - http-outgoing-0 >> "[\r][\n]"
13059 [Forwarding sendKeysToElement on session aea78ad3bcb095bb1a504528bf99158c to remote] DEBUG org.apache.http.wire  - http-outgoing-0 >> "{"id":"0.510386716253812-5","value":["L6Z0H9"]}"
13148 [Forwarding sendKeysToElement on session aea78ad3bcb095bb1a504528bf99158c to remote] DEBUG org.apache.http.wire  - http-outgoing-0 << "HTTP/1.1 200 OK[\r][\n]"
13149 [Forwarding sendKeysToElement on session aea78ad3bcb095bb1a504528bf99158c to remote] DEBUG org.apache.http.wire  - http-outgoing-0 << "Content-Length:72[\r][\n]"
13149 [Forwarding sendKeysToElement on session aea78ad3bcb095bb1a504528bf99158c to remote] DEBUG org.apache.http.wire  - http-outgoing-0 << "Content-Type:application/json; charset=utf-8[\r][\n]"
13149 [Forwarding sendKeysToElement on session aea78ad3bcb095bb1a504528bf99158c to remote] DEBUG org.apache.http.wire  - http-outgoing-0 << "[\r][\n]"
13150 [Forwarding sendKeysToElement on session aea78ad3bcb095bb1a504528bf99158c to remote] DEBUG org.apache.http.wire  - http-outgoing-0 << "{"sessionId":"aea78ad3bcb095bb1a504528bf99158c","status":0,"value":null}"
13150 [Forwarding sendKeysToElement on session aea78ad3bcb095bb1a504528bf99158c to remote] DEBUG org.apache.http.headers  - http-outgoing-0 << HTTP/1.1 200 OK
13150 [Forwarding sendKeysToElement on session aea78ad3bcb095bb1a504528bf99158c to remote] DEBUG org.apache.http.headers  - http-outgoing-0 << Content-Length:72
13151 [Forwarding sendKeysToElement on session aea78ad3bcb095bb1a504528bf99158c to remote] DEBUG org.apache.http.headers  - http-outgoing-0 << Content-Type:application/json; charset=utf-8
13151 [Forwarding sendKeysToElement on session aea78ad3bcb095bb1a504528bf99158c to remote] DEBUG org.apache.http.impl.execchain.MainClientExec  - Connection can be kept alive indefinitely
13152 [Forwarding sendKeysToElement on session aea78ad3bcb095bb1a504528bf99158c to remote] DEBUG org.apache.http.impl.conn.PoolingHttpClientConnectionManager  - Connection [id: 0][route: {}->http://localhost:41706] can be kept alive indefinitely
13152 [Forwarding sendKeysToElement on session aea78ad3bcb095bb1a504528bf99158c to remote] DEBUG org.apache.http.impl.conn.PoolingHttpClientConnectionManager  - Connection released: [id: 0][route: {}->http://localhost:41706][total kept alive: 1; route allocated: 1 of 2000; total allocated: 1 of 2000]
13154 [Forwarding findElement on session aea78ad3bcb095bb1a504528bf99158c to remote] DEBUG org.apache.http.client.protocol.RequestAddCookies  - CookieSpec selected: default
13154 [Forwarding findElement on session aea78ad3bcb095bb1a504528bf99158c to remote] DEBUG org.apache.http.client.protocol.RequestAuthCache  - Auth cache not set in the context
13155 [Forwarding findElement on session aea78ad3bcb095bb1a504528bf99158c to remote] DEBUG org.apache.http.impl.conn.PoolingHttpClientConnectionManager  - Connection request: [route: {}->http://localhost:41706][total kept alive: 1; route allocated: 1 of 2000; total allocated: 1 of 2000]
13155 [Forwarding findElement on session aea78ad3bcb095bb1a504528bf99158c to remote] DEBUG org.apache.http.impl.conn.PoolingHttpClientConnectionManager  - Connection leased: [id: 0][route: {}->http://localhost:41706][total kept alive: 0; route allocated: 1 of 2000; total allocated: 1 of 2000]
13155 [Forwarding findElement on session aea78ad3bcb095bb1a504528bf99158c to remote] DEBUG org.apache.http.impl.execchain.MainClientExec  - Stale connection check
13157 [Forwarding findElement on session aea78ad3bcb095bb1a504528bf99158c to remote] DEBUG org.apache.http.wire  - http-outgoing-0 << "[read] I/O error: Read timed out"
13157 [Forwarding findElement on session aea78ad3bcb095bb1a504528bf99158c to remote] DEBUG org.apache.http.impl.conn.DefaultManagedHttpClientConnection  - http-outgoing-0: set socket timeout to 10800000
13157 [Forwarding findElement on session aea78ad3bcb095bb1a504528bf99158c to remote] DEBUG org.apache.http.impl.execchain.MainClientExec  - Executing request POST /session/aea78ad3bcb095bb1a504528bf99158c/element HTTP/1.1
13158 [Forwarding findElement on session aea78ad3bcb095bb1a504528bf99158c to remote] DEBUG org.apache.http.impl.execchain.MainClientExec  - Target auth state: UNCHALLENGED
13158 [Forwarding findElement on session aea78ad3bcb095bb1a504528bf99158c to remote] DEBUG org.apache.http.impl.execchain.MainClientExec  - Proxy auth state: UNCHALLENGED
13159 [Forwarding findElement on session aea78ad3bcb095bb1a504528bf99158c to remote] DEBUG org.apache.http.headers  - http-outgoing-0 >> POST /session/aea78ad3bcb095bb1a504528bf99158c/element HTTP/1.1
13159 [Forwarding findElement on session aea78ad3bcb095bb1a504528bf99158c to remote] DEBUG org.apache.http.headers  - http-outgoing-0 >> Content-Type: application/json; charset=utf-8
13159 [Forwarding findElement on session aea78ad3bcb095bb1a504528bf99158c to remote] DEBUG org.apache.http.headers  - http-outgoing-0 >> Content-Length: 56
13160 [Forwarding findElement on session aea78ad3bcb095bb1a504528bf99158c to remote] DEBUG org.apache.http.headers  - http-outgoing-0 >> Host: localhost:41706
13160 [Forwarding findElement on session aea78ad3bcb095bb1a504528bf99158c to remote] DEBUG org.apache.http.headers  - http-outgoing-0 >> Connection: Keep-Alive
13160 [Forwarding findElement on session aea78ad3bcb095bb1a504528bf99158c to remote] DEBUG org.apache.http.headers  - http-outgoing-0 >> User-Agent: Apache-HttpClient/4.5.1 (Java/1.8.0_181)
13161 [Forwarding findElement on session aea78ad3bcb095bb1a504528bf99158c to remote] DEBUG org.apache.http.headers  - http-outgoing-0 >> Accept-Encoding: gzip,deflate
13161 [Forwarding findElement on session aea78ad3bcb095bb1a504528bf99158c to remote] DEBUG org.apache.http.wire  - http-outgoing-0 >> "POST /session/aea78ad3bcb095bb1a504528bf99158c/element HTTP/1.1[\r][\n]"
13161 [Forwarding findElement on session aea78ad3bcb095bb1a504528bf99158c to remote] DEBUG org.apache.http.wire  - http-outgoing-0 >> "Content-Type: application/json; charset=utf-8[\r][\n]"
13162 [Forwarding findElement on session aea78ad3bcb095bb1a504528bf99158c to remote] DEBUG org.apache.http.wire  - http-outgoing-0 >> "Content-Length: 56[\r][\n]"
13162 [Forwarding findElement on session aea78ad3bcb095bb1a504528bf99158c to remote] DEBUG org.apache.http.wire  - http-outgoing-0 >> "Host: localhost:41706[\r][\n]"
13163 [Forwarding findElement on session aea78ad3bcb095bb1a504528bf99158c to remote] DEBUG org.apache.http.wire  - http-outgoing-0 >> "Connection: Keep-Alive[\r][\n]"
13163 [Forwarding findElement on session aea78ad3bcb095bb1a504528bf99158c to remote] DEBUG org.apache.http.wire  - http-outgoing-0 >> "User-Agent: Apache-HttpClient/4.5.1 (Java/1.8.0_181)[\r][\n]"
13164 [Forwarding findElement on session aea78ad3bcb095bb1a504528bf99158c to remote] DEBUG org.apache.http.wire  - http-outgoing-0 >> "Accept-Encoding: gzip,deflate[\r][\n]"
13164 [Forwarding findElement on session aea78ad3bcb095bb1a504528bf99158c to remote] DEBUG org.apache.http.wire  - http-outgoing-0 >> "[\r][\n]"
13164 [Forwarding findElement on session aea78ad3bcb095bb1a504528bf99158c to remote] DEBUG org.apache.http.wire  - http-outgoing-0 >> "{"using":"css selector","value":"button[type='submit']"}"
13188 [Forwarding findElement on session aea78ad3bcb095bb1a504528bf99158c to remote] DEBUG org.apache.http.wire  - http-outgoing-0 << "HTTP/1.1 200 OK[\r][\n]"
13189 [Forwarding findElement on session aea78ad3bcb095bb1a504528bf99158c to remote] DEBUG org.apache.http.wire  - http-outgoing-0 << "Content-Length:101[\r][\n]"
13189 [Forwarding findElement on session aea78ad3bcb095bb1a504528bf99158c to remote] DEBUG org.apache.http.wire  - http-outgoing-0 << "Content-Type:application/json; charset=utf-8[\r][\n]"
13189 [Forwarding findElement on session aea78ad3bcb095bb1a504528bf99158c to remote] DEBUG org.apache.http.wire  - http-outgoing-0 << "[\r][\n]"
13190 [Forwarding findElement on session aea78ad3bcb095bb1a504528bf99158c to remote] DEBUG org.apache.http.wire  - http-outgoing-0 << "{"sessionId":"aea78ad3bcb095bb1a504528bf99158c","status":0,"value":{"ELEMENT":"0.510386716253812-6"}}"
13190 [Forwarding findElement on session aea78ad3bcb095bb1a504528bf99158c to remote] DEBUG org.apache.http.headers  - http-outgoing-0 << HTTP/1.1 200 OK
13191 [Forwarding findElement on session aea78ad3bcb095bb1a504528bf99158c to remote] DEBUG org.apache.http.headers  - http-outgoing-0 << Content-Length:101
13191 [Forwarding findElement on session aea78ad3bcb095bb1a504528bf99158c to remote] DEBUG org.apache.http.headers  - http-outgoing-0 << Content-Type:application/json; charset=utf-8
13192 [Forwarding findElement on session aea78ad3bcb095bb1a504528bf99158c to remote] DEBUG org.apache.http.impl.execchain.MainClientExec  - Connection can be kept alive indefinitely
13193 [Forwarding findElement on session aea78ad3bcb095bb1a504528bf99158c to remote] DEBUG org.apache.http.impl.conn.PoolingHttpClientConnectionManager  - Connection [id: 0][route: {}->http://localhost:41706] can be kept alive indefinitely
13193 [Forwarding findElement on session aea78ad3bcb095bb1a504528bf99158c to remote] DEBUG org.apache.http.impl.conn.PoolingHttpClientConnectionManager  - Connection released: [id: 0][route: {}->http://localhost:41706][total kept alive: 1; route allocated: 1 of 2000; total allocated: 1 of 2000]
13195 [Forwarding clickElement on session aea78ad3bcb095bb1a504528bf99158c to remote] DEBUG org.apache.http.client.protocol.RequestAddCookies  - CookieSpec selected: default
13195 [Forwarding clickElement on session aea78ad3bcb095bb1a504528bf99158c to remote] DEBUG org.apache.http.client.protocol.RequestAuthCache  - Auth cache not set in the context
13195 [Forwarding clickElement on session aea78ad3bcb095bb1a504528bf99158c to remote] DEBUG org.apache.http.impl.conn.PoolingHttpClientConnectionManager  - Connection request: [route: {}->http://localhost:41706][total kept alive: 1; route allocated: 1 of 2000; total allocated: 1 of 2000]
13196 [Forwarding clickElement on session aea78ad3bcb095bb1a504528bf99158c to remote] DEBUG org.apache.http.impl.conn.PoolingHttpClientConnectionManager  - Connection leased: [id: 0][route: {}->http://localhost:41706][total kept alive: 0; route allocated: 1 of 2000; total allocated: 1 of 2000]
13196 [Forwarding clickElement on session aea78ad3bcb095bb1a504528bf99158c to remote] DEBUG org.apache.http.impl.execchain.MainClientExec  - Stale connection check
13197 [Forwarding clickElement on session aea78ad3bcb095bb1a504528bf99158c to remote] DEBUG org.apache.http.wire  - http-outgoing-0 << "[read] I/O error: Read timed out"
13197 [Forwarding clickElement on session aea78ad3bcb095bb1a504528bf99158c to remote] DEBUG org.apache.http.impl.conn.DefaultManagedHttpClientConnection  - http-outgoing-0: set socket timeout to 10800000
13197 [Forwarding clickElement on session aea78ad3bcb095bb1a504528bf99158c to remote] DEBUG org.apache.http.impl.execchain.MainClientExec  - Executing request POST /session/aea78ad3bcb095bb1a504528bf99158c/element/0.510386716253812-6/click HTTP/1.1
13198 [Forwarding clickElement on session aea78ad3bcb095bb1a504528bf99158c to remote] DEBUG org.apache.http.impl.execchain.MainClientExec  - Target auth state: UNCHALLENGED
13198 [Forwarding clickElement on session aea78ad3bcb095bb1a504528bf99158c to remote] DEBUG org.apache.http.impl.execchain.MainClientExec  - Proxy auth state: UNCHALLENGED
13198 [Forwarding clickElement on session aea78ad3bcb095bb1a504528bf99158c to remote] DEBUG org.apache.http.headers  - http-outgoing-0 >> POST /session/aea78ad3bcb095bb1a504528bf99158c/element/0.510386716253812-6/click HTTP/1.1
13198 [Forwarding clickElement on session aea78ad3bcb095bb1a504528bf99158c to remote] DEBUG org.apache.http.headers  - http-outgoing-0 >> Content-Type: application/json; charset=utf-8
13199 [Forwarding clickElement on session aea78ad3bcb095bb1a504528bf99158c to remote] DEBUG org.apache.http.headers  - http-outgoing-0 >> Content-Length: 28
13199 [Forwarding clickElement on session aea78ad3bcb095bb1a504528bf99158c to remote] DEBUG org.apache.http.headers  - http-outgoing-0 >> Host: localhost:41706
13200 [Forwarding clickElement on session aea78ad3bcb095bb1a504528bf99158c to remote] DEBUG org.apache.http.headers  - http-outgoing-0 >> Connection: Keep-Alive
13200 [Forwarding clickElement on session aea78ad3bcb095bb1a504528bf99158c to remote] DEBUG org.apache.http.headers  - http-outgoing-0 >> User-Agent: Apache-HttpClient/4.5.1 (Java/1.8.0_181)
13200 [Forwarding clickElement on session aea78ad3bcb095bb1a504528bf99158c to remote] DEBUG org.apache.http.headers  - http-outgoing-0 >> Accept-Encoding: gzip,deflate
13201 [Forwarding clickElement on session aea78ad3bcb095bb1a504528bf99158c to remote] DEBUG org.apache.http.wire  - http-outgoing-0 >> "POST /session/aea78ad3bcb095bb1a504528bf99158c/element/0.510386716253812-6/click HTTP/1.1[\r][\n]"
13201 [Forwarding clickElement on session aea78ad3bcb095bb1a504528bf99158c to remote] DEBUG org.apache.http.wire  - http-outgoing-0 >> "Content-Type: application/json; charset=utf-8[\r][\n]"
13202 [Forwarding clickElement on session aea78ad3bcb095bb1a504528bf99158c to remote] DEBUG org.apache.http.wire  - http-outgoing-0 >> "Content-Length: 28[\r][\n]"
13202 [Forwarding clickElement on session aea78ad3bcb095bb1a504528bf99158c to remote] DEBUG org.apache.http.wire  - http-outgoing-0 >> "Host: localhost:41706[\r][\n]"
13203 [Forwarding clickElement on session aea78ad3bcb095bb1a504528bf99158c to remote] DEBUG org.apache.http.wire  - http-outgoing-0 >> "Connection: Keep-Alive[\r][\n]"
13203 [Forwarding clickElement on session aea78ad3bcb095bb1a504528bf99158c to remote] DEBUG org.apache.http.wire  - http-outgoing-0 >> "User-Agent: Apache-HttpClient/4.5.1 (Java/1.8.0_181)[\r][\n]"
13204 [Forwarding clickElement on session aea78ad3bcb095bb1a504528bf99158c to remote] DEBUG org.apache.http.wire  - http-outgoing-0 >> "Accept-Encoding: gzip,deflate[\r][\n]"
13205 [Forwarding clickElement on session aea78ad3bcb095bb1a504528bf99158c to remote] DEBUG org.apache.http.wire  - http-outgoing-0 >> "[\r][\n]"
13205 [Forwarding clickElement on session aea78ad3bcb095bb1a504528bf99158c to remote] DEBUG org.apache.http.wire  - http-outgoing-0 >> "{"id":"0.510386716253812-6"}"
13306 [Forwarding clickElement on session aea78ad3bcb095bb1a504528bf99158c to remote] DEBUG org.apache.http.wire  - http-outgoing-0 << "HTTP/1.1 200 OK[\r][\n]"
13306 [Forwarding clickElement on session aea78ad3bcb095bb1a504528bf99158c to remote] DEBUG org.apache.http.wire  - http-outgoing-0 << "Content-Length:72[\r][\n]"
13307 [Forwarding clickElement on session aea78ad3bcb095bb1a504528bf99158c to remote] DEBUG org.apache.http.wire  - http-outgoing-0 << "Content-Type:application/json; charset=utf-8[\r][\n]"
13310 [Forwarding clickElement on session aea78ad3bcb095bb1a504528bf99158c to remote] DEBUG org.apache.http.wire  - http-outgoing-0 << "[\r][\n]"
13310 [Forwarding clickElement on session aea78ad3bcb095bb1a504528bf99158c to remote] DEBUG org.apache.http.wire  - http-outgoing-0 << "{"sessionId":"aea78ad3bcb095bb1a504528bf99158c","status":0,"value":null}"
13311 [Forwarding clickElement on session aea78ad3bcb095bb1a504528bf99158c to remote] DEBUG org.apache.http.headers  - http-outgoing-0 << HTTP/1.1 200 OK
13311 [Forwarding clickElement on session aea78ad3bcb095bb1a504528bf99158c to remote] DEBUG org.apache.http.headers  - http-outgoing-0 << Content-Length:72
13311 [Forwarding clickElement on session aea78ad3bcb095bb1a504528bf99158c to remote] DEBUG org.apache.http.headers  - http-outgoing-0 << Content-Type:application/json; charset=utf-8
13312 [Forwarding clickElement on session aea78ad3bcb095bb1a504528bf99158c to remote] DEBUG org.apache.http.impl.execchain.MainClientExec  - Connection can be kept alive indefinitely
13312 [Forwarding clickElement on session aea78ad3bcb095bb1a504528bf99158c to remote] DEBUG org.apache.http.impl.conn.PoolingHttpClientConnectionManager  - Connection [id: 0][route: {}->http://localhost:41706] can be kept alive indefinitely
13313 [Forwarding clickElement on session aea78ad3bcb095bb1a504528bf99158c to remote] DEBUG org.apache.http.impl.conn.PoolingHttpClientConnectionManager  - Connection released: [id: 0][route: {}->http://localhost:41706][total kept alive: 1; route allocated: 1 of 2000; total allocated: 1 of 2000]
13321 [Forwarding getAlertText on session aea78ad3bcb095bb1a504528bf99158c to remote] DEBUG org.apache.http.client.protocol.RequestAddCookies  - CookieSpec selected: default
13322 [Forwarding getAlertText on session aea78ad3bcb095bb1a504528bf99158c to remote] DEBUG org.apache.http.client.protocol.RequestAuthCache  - Auth cache not set in the context
13322 [Forwarding getAlertText on session aea78ad3bcb095bb1a504528bf99158c to remote] DEBUG org.apache.http.impl.conn.PoolingHttpClientConnectionManager  - Connection request: [route: {}->http://localhost:41706][total kept alive: 1; route allocated: 1 of 2000; total allocated: 1 of 2000]
13322 [Forwarding getAlertText on session aea78ad3bcb095bb1a504528bf99158c to remote] DEBUG org.apache.http.impl.conn.PoolingHttpClientConnectionManager  - Connection leased: [id: 0][route: {}->http://localhost:41706][total kept alive: 0; route allocated: 1 of 2000; total allocated: 1 of 2000]
13323 [Forwarding getAlertText on session aea78ad3bcb095bb1a504528bf99158c to remote] DEBUG org.apache.http.impl.execchain.MainClientExec  - Stale connection check
13324 [Forwarding getAlertText on session aea78ad3bcb095bb1a504528bf99158c to remote] DEBUG org.apache.http.wire  - http-outgoing-0 << "[read] I/O error: Read timed out"
13324 [Forwarding getAlertText on session aea78ad3bcb095bb1a504528bf99158c to remote] DEBUG org.apache.http.impl.conn.DefaultManagedHttpClientConnection  - http-outgoing-0: set socket timeout to 10800000
13324 [Forwarding getAlertText on session aea78ad3bcb095bb1a504528bf99158c to remote] DEBUG org.apache.http.impl.execchain.MainClientExec  - Executing request GET /session/aea78ad3bcb095bb1a504528bf99158c/alert_text HTTP/1.1
13325 [Forwarding getAlertText on session aea78ad3bcb095bb1a504528bf99158c to remote] DEBUG org.apache.http.impl.execchain.MainClientExec  - Target auth state: UNCHALLENGED
13325 [Forwarding getAlertText on session aea78ad3bcb095bb1a504528bf99158c to remote] DEBUG org.apache.http.impl.execchain.MainClientExec  - Proxy auth state: UNCHALLENGED
13325 [Forwarding getAlertText on session aea78ad3bcb095bb1a504528bf99158c to remote] DEBUG org.apache.http.headers  - http-outgoing-0 >> GET /session/aea78ad3bcb095bb1a504528bf99158c/alert_text HTTP/1.1
13326 [Forwarding getAlertText on session aea78ad3bcb095bb1a504528bf99158c to remote] DEBUG org.apache.http.headers  - http-outgoing-0 >> Cache-Control: no-cache
13326 [Forwarding getAlertText on session aea78ad3bcb095bb1a504528bf99158c to remote] DEBUG org.apache.http.headers  - http-outgoing-0 >> Host: localhost:41706
13326 [Forwarding getAlertText on session aea78ad3bcb095bb1a504528bf99158c to remote] DEBUG org.apache.http.headers  - http-outgoing-0 >> Connection: Keep-Alive
13327 [Forwarding getAlertText on session aea78ad3bcb095bb1a504528bf99158c to remote] DEBUG org.apache.http.headers  - http-outgoing-0 >> User-Agent: Apache-HttpClient/4.5.1 (Java/1.8.0_181)
13327 [Forwarding getAlertText on session aea78ad3bcb095bb1a504528bf99158c to remote] DEBUG org.apache.http.headers  - http-outgoing-0 >> Accept-Encoding: gzip,deflate
13327 [Forwarding getAlertText on session aea78ad3bcb095bb1a504528bf99158c to remote] DEBUG org.apache.http.wire  - http-outgoing-0 >> "GET /session/aea78ad3bcb095bb1a504528bf99158c/alert_text HTTP/1.1[\r][\n]"
13328 [Forwarding getAlertText on session aea78ad3bcb095bb1a504528bf99158c to remote] DEBUG org.apache.http.wire  - http-outgoing-0 >> "Cache-Control: no-cache[\r][\n]"
13328 [Forwarding getAlertText on session aea78ad3bcb095bb1a504528bf99158c to remote] DEBUG org.apache.http.wire  - http-outgoing-0 >> "Host: localhost:41706[\r][\n]"
13328 [Forwarding getAlertText on session aea78ad3bcb095bb1a504528bf99158c to remote] DEBUG org.apache.http.wire  - http-outgoing-0 >> "Connection: Keep-Alive[\r][\n]"
13329 [Forwarding getAlertText on session aea78ad3bcb095bb1a504528bf99158c to remote] DEBUG org.apache.http.wire  - http-outgoing-0 >> "User-Agent: Apache-HttpClient/4.5.1 (Java/1.8.0_181)[\r][\n]"
13329 [Forwarding getAlertText on session aea78ad3bcb095bb1a504528bf99158c to remote] DEBUG org.apache.http.wire  - http-outgoing-0 >> "Accept-Encoding: gzip,deflate[\r][\n]"
13329 [Forwarding getAlertText on session aea78ad3bcb095bb1a504528bf99158c to remote] DEBUG org.apache.http.wire  - http-outgoing-0 >> "[\r][\n]"
13330 [Forwarding getAlertText on session aea78ad3bcb095bb1a504528bf99158c to remote] DEBUG org.apache.http.wire  - http-outgoing-0 << "HTTP/1.1 200 OK[\r][\n]"
13331 [Forwarding getAlertText on session aea78ad3bcb095bb1a504528bf99158c to remote] DEBUG org.apache.http.wire  - http-outgoing-0 << "Content-Length:117[\r][\n]"
13331 [Forwarding getAlertText on session aea78ad3bcb095bb1a504528bf99158c to remote] DEBUG org.apache.http.wire  - http-outgoing-0 << "Content-Type:application/json; charset=utf-8[\r][\n]"
13331 [Forwarding getAlertText on session aea78ad3bcb095bb1a504528bf99158c to remote] DEBUG org.apache.http.wire  - http-outgoing-0 << "[\r][\n]"
13332 [Forwarding getAlertText on session aea78ad3bcb095bb1a504528bf99158c to remote] DEBUG org.apache.http.wire  - http-outgoing-0 << "{"sessionId":"aea78ad3bcb095bb1a504528bf99158c","status":0,"value":"Customer added successfully with customer id :6"}"
13332 [Forwarding getAlertText on session aea78ad3bcb095bb1a504528bf99158c to remote] DEBUG org.apache.http.headers  - http-outgoing-0 << HTTP/1.1 200 OK
13332 [Forwarding getAlertText on session aea78ad3bcb095bb1a504528bf99158c to remote] DEBUG org.apache.http.headers  - http-outgoing-0 << Content-Length:117
13333 [Forwarding getAlertText on session aea78ad3bcb095bb1a504528bf99158c to remote] DEBUG org.apache.http.headers  - http-outgoing-0 << Content-Type:application/json; charset=utf-8
13333 [Forwarding getAlertText on session aea78ad3bcb095bb1a504528bf99158c to remote] DEBUG org.apache.http.impl.execchain.MainClientExec  - Connection can be kept alive indefinitely
13334 [Forwarding getAlertText on session aea78ad3bcb095bb1a504528bf99158c to remote] DEBUG org.apache.http.impl.conn.PoolingHttpClientConnectionManager  - Connection [id: 0][route: {}->http://localhost:41706] can be kept alive indefinitely
13334 [Forwarding getAlertText on session aea78ad3bcb095bb1a504528bf99158c to remote] DEBUG org.apache.http.impl.conn.PoolingHttpClientConnectionManager  - Connection released: [id: 0][route: {}->http://localhost:41706][total kept alive: 1; route allocated: 1 of 2000; total allocated: 1 of 2000]
13337 [Forwarding getAlertText on session aea78ad3bcb095bb1a504528bf99158c to remote] DEBUG org.apache.http.client.protocol.RequestAddCookies  - CookieSpec selected: default
13337 [Forwarding getAlertText on session aea78ad3bcb095bb1a504528bf99158c to remote] DEBUG org.apache.http.client.protocol.RequestAuthCache  - Auth cache not set in the context
13337 [Forwarding getAlertText on session aea78ad3bcb095bb1a504528bf99158c to remote] DEBUG org.apache.http.impl.conn.PoolingHttpClientConnectionManager  - Connection request: [route: {}->http://localhost:41706][total kept alive: 1; route allocated: 1 of 2000; total allocated: 1 of 2000]
13338 [Forwarding getAlertText on session aea78ad3bcb095bb1a504528bf99158c to remote] DEBUG org.apache.http.impl.conn.PoolingHttpClientConnectionManager  - Connection leased: [id: 0][route: {}->http://localhost:41706][total kept alive: 0; route allocated: 1 of 2000; total allocated: 1 of 2000]
13338 [Forwarding getAlertText on session aea78ad3bcb095bb1a504528bf99158c to remote] DEBUG org.apache.http.impl.execchain.MainClientExec  - Stale connection check
13339 [Forwarding getAlertText on session aea78ad3bcb095bb1a504528bf99158c to remote] DEBUG org.apache.http.wire  - http-outgoing-0 << "[read] I/O error: Read timed out"
13339 [Forwarding getAlertText on session aea78ad3bcb095bb1a504528bf99158c to remote] DEBUG org.apache.http.impl.conn.DefaultManagedHttpClientConnection  - http-outgoing-0: set socket timeout to 10800000
13339 [Forwarding getAlertText on session aea78ad3bcb095bb1a504528bf99158c to remote] DEBUG org.apache.http.impl.execchain.MainClientExec  - Executing request GET /session/aea78ad3bcb095bb1a504528bf99158c/alert_text HTTP/1.1
13340 [Forwarding getAlertText on session aea78ad3bcb095bb1a504528bf99158c to remote] DEBUG org.apache.http.impl.execchain.MainClientExec  - Target auth state: UNCHALLENGED
13340 [Forwarding getAlertText on session aea78ad3bcb095bb1a504528bf99158c to remote] DEBUG org.apache.http.impl.execchain.MainClientExec  - Proxy auth state: UNCHALLENGED
13340 [Forwarding getAlertText on session aea78ad3bcb095bb1a504528bf99158c to remote] DEBUG org.apache.http.headers  - http-outgoing-0 >> GET /session/aea78ad3bcb095bb1a504528bf99158c/alert_text HTTP/1.1
13341 [Forwarding getAlertText on session aea78ad3bcb095bb1a504528bf99158c to remote] DEBUG org.apache.http.headers  - http-outgoing-0 >> Cache-Control: no-cache
13341 [Forwarding getAlertText on session aea78ad3bcb095bb1a504528bf99158c to remote] DEBUG org.apache.http.headers  - http-outgoing-0 >> Host: localhost:41706
13341 [Forwarding getAlertText on session aea78ad3bcb095bb1a504528bf99158c to remote] DEBUG org.apache.http.headers  - http-outgoing-0 >> Connection: Keep-Alive
13342 [Forwarding getAlertText on session aea78ad3bcb095bb1a504528bf99158c to remote] DEBUG org.apache.http.headers  - http-outgoing-0 >> User-Agent: Apache-HttpClient/4.5.1 (Java/1.8.0_181)
13342 [Forwarding getAlertText on session aea78ad3bcb095bb1a504528bf99158c to remote] DEBUG org.apache.http.headers  - http-outgoing-0 >> Accept-Encoding: gzip,deflate
13343 [Forwarding getAlertText on session aea78ad3bcb095bb1a504528bf99158c to remote] DEBUG org.apache.http.wire  - http-outgoing-0 >> "GET /session/aea78ad3bcb095bb1a504528bf99158c/alert_text HTTP/1.1[\r][\n]"
13343 [Forwarding getAlertText on session aea78ad3bcb095bb1a504528bf99158c to remote] DEBUG org.apache.http.wire  - http-outgoing-0 >> "Cache-Control: no-cache[\r][\n]"
13343 [Forwarding getAlertText on session aea78ad3bcb095bb1a504528bf99158c to remote] DEBUG org.apache.http.wire  - http-outgoing-0 >> "Host: localhost:41706[\r][\n]"
13343 [Forwarding getAlertText on session aea78ad3bcb095bb1a504528bf99158c to remote] DEBUG org.apache.http.wire  - http-outgoing-0 >> "Connection: Keep-Alive[\r][\n]"
13344 [Forwarding getAlertText on session aea78ad3bcb095bb1a504528bf99158c to remote] DEBUG org.apache.http.wire  - http-outgoing-0 >> "User-Agent: Apache-HttpClient/4.5.1 (Java/1.8.0_181)[\r][\n]"
13344 [Forwarding getAlertText on session aea78ad3bcb095bb1a504528bf99158c to remote] DEBUG org.apache.http.wire  - http-outgoing-0 >> "Accept-Encoding: gzip,deflate[\r][\n]"
13345 [Forwarding getAlertText on session aea78ad3bcb095bb1a504528bf99158c to remote] DEBUG org.apache.http.wire  - http-outgoing-0 >> "[\r][\n]"
13349 [Forwarding getAlertText on session aea78ad3bcb095bb1a504528bf99158c to remote] DEBUG org.apache.http.wire  - http-outgoing-0 << "HTTP/1.1 200 OK[\r][\n]"
13349 [Forwarding getAlertText on session aea78ad3bcb095bb1a504528bf99158c to remote] DEBUG org.apache.http.wire  - http-outgoing-0 << "Content-Length:117[\r][\n]"
13350 [Forwarding getAlertText on session aea78ad3bcb095bb1a504528bf99158c to remote] DEBUG org.apache.http.wire  - http-outgoing-0 << "Content-Type:application/json; charset=utf-8[\r][\n]"
13350 [Forwarding getAlertText on session aea78ad3bcb095bb1a504528bf99158c to remote] DEBUG org.apache.http.wire  - http-outgoing-0 << "[\r][\n]"
13351 [Forwarding getAlertText on session aea78ad3bcb095bb1a504528bf99158c to remote] DEBUG org.apache.http.wire  - http-outgoing-0 << "{"sessionId":"aea78ad3bcb095bb1a504528bf99158c","status":0,"value":"Customer added successfully with customer id :6"}"
13351 [Forwarding getAlertText on session aea78ad3bcb095bb1a504528bf99158c to remote] DEBUG org.apache.http.headers  - http-outgoing-0 << HTTP/1.1 200 OK
13352 [Forwarding getAlertText on session aea78ad3bcb095bb1a504528bf99158c to remote] DEBUG org.apache.http.headers  - http-outgoing-0 << Content-Length:117
13352 [Forwarding getAlertText on session aea78ad3bcb095bb1a504528bf99158c to remote] DEBUG org.apache.http.headers  - http-outgoing-0 << Content-Type:application/json; charset=utf-8
13353 [Forwarding getAlertText on session aea78ad3bcb095bb1a504528bf99158c to remote] DEBUG org.apache.http.impl.execchain.MainClientExec  - Connection can be kept alive indefinitely
13353 [Forwarding getAlertText on session aea78ad3bcb095bb1a504528bf99158c to remote] DEBUG org.apache.http.impl.conn.PoolingHttpClientConnectionManager  - Connection [id: 0][route: {}->http://localhost:41706] can be kept alive indefinitely
13354 [Forwarding getAlertText on session aea78ad3bcb095bb1a504528bf99158c to remote] DEBUG org.apache.http.impl.conn.PoolingHttpClientConnectionManager  - Connection released: [id: 0][route: {}->http://localhost:41706][total kept alive: 1; route allocated: 1 of 2000; total allocated: 1 of 2000]
13355 [main] DEBUG devpinoyLogger  - ----New Customer Record added Successfully----
13356 [Forwarding acceptAlert on session aea78ad3bcb095bb1a504528bf99158c to remote] DEBUG org.apache.http.client.protocol.RequestAddCookies  - CookieSpec selected: default
13357 [Forwarding acceptAlert on session aea78ad3bcb095bb1a504528bf99158c to remote] DEBUG org.apache.http.client.protocol.RequestAuthCache  - Auth cache not set in the context
13357 [Forwarding acceptAlert on session aea78ad3bcb095bb1a504528bf99158c to remote] DEBUG org.apache.http.impl.conn.PoolingHttpClientConnectionManager  - Connection request: [route: {}->http://localhost:41706][total kept alive: 1; route allocated: 1 of 2000; total allocated: 1 of 2000]
13358 [Forwarding acceptAlert on session aea78ad3bcb095bb1a504528bf99158c to remote] DEBUG org.apache.http.impl.conn.PoolingHttpClientConnectionManager  - Connection leased: [id: 0][route: {}->http://localhost:41706][total kept alive: 0; route allocated: 1 of 2000; total allocated: 1 of 2000]
13358 [Forwarding acceptAlert on session aea78ad3bcb095bb1a504528bf99158c to remote] DEBUG org.apache.http.impl.execchain.MainClientExec  - Stale connection check
13359 [Forwarding acceptAlert on session aea78ad3bcb095bb1a504528bf99158c to remote] DEBUG org.apache.http.wire  - http-outgoing-0 << "[read] I/O error: Read timed out"
13359 [Forwarding acceptAlert on session aea78ad3bcb095bb1a504528bf99158c to remote] DEBUG org.apache.http.impl.conn.DefaultManagedHttpClientConnection  - http-outgoing-0: set socket timeout to 10800000
13359 [Forwarding acceptAlert on session aea78ad3bcb095bb1a504528bf99158c to remote] DEBUG org.apache.http.impl.execchain.MainClientExec  - Executing request POST /session/aea78ad3bcb095bb1a504528bf99158c/accept_alert HTTP/1.1
13359 [Forwarding acceptAlert on session aea78ad3bcb095bb1a504528bf99158c to remote] DEBUG org.apache.http.impl.execchain.MainClientExec  - Target auth state: UNCHALLENGED
13360 [Forwarding acceptAlert on session aea78ad3bcb095bb1a504528bf99158c to remote] DEBUG org.apache.http.impl.execchain.MainClientExec  - Proxy auth state: UNCHALLENGED
13360 [Forwarding acceptAlert on session aea78ad3bcb095bb1a504528bf99158c to remote] DEBUG org.apache.http.headers  - http-outgoing-0 >> POST /session/aea78ad3bcb095bb1a504528bf99158c/accept_alert HTTP/1.1
13360 [Forwarding acceptAlert on session aea78ad3bcb095bb1a504528bf99158c to remote] DEBUG org.apache.http.headers  - http-outgoing-0 >> Content-Type: application/json; charset=utf-8
13361 [Forwarding acceptAlert on session aea78ad3bcb095bb1a504528bf99158c to remote] DEBUG org.apache.http.headers  - http-outgoing-0 >> Content-Length: 2
13361 [Forwarding acceptAlert on session aea78ad3bcb095bb1a504528bf99158c to remote] DEBUG org.apache.http.headers  - http-outgoing-0 >> Host: localhost:41706
13361 [Forwarding acceptAlert on session aea78ad3bcb095bb1a504528bf99158c to remote] DEBUG org.apache.http.headers  - http-outgoing-0 >> Connection: Keep-Alive
13361 [Forwarding acceptAlert on session aea78ad3bcb095bb1a504528bf99158c to remote] DEBUG org.apache.http.headers  - http-outgoing-0 >> User-Agent: Apache-HttpClient/4.5.1 (Java/1.8.0_181)
13362 [Forwarding acceptAlert on session aea78ad3bcb095bb1a504528bf99158c to remote] DEBUG org.apache.http.headers  - http-outgoing-0 >> Accept-Encoding: gzip,deflate
13362 [Forwarding acceptAlert on session aea78ad3bcb095bb1a504528bf99158c to remote] DEBUG org.apache.http.wire  - http-outgoing-0 >> "POST /session/aea78ad3bcb095bb1a504528bf99158c/accept_alert HTTP/1.1[\r][\n]"
13362 [Forwarding acceptAlert on session aea78ad3bcb095bb1a504528bf99158c to remote] DEBUG org.apache.http.wire  - http-outgoing-0 >> "Content-Type: application/json; charset=utf-8[\r][\n]"
13362 [Forwarding acceptAlert on session aea78ad3bcb095bb1a504528bf99158c to remote] DEBUG org.apache.http.wire  - http-outgoing-0 >> "Content-Length: 2[\r][\n]"
13363 [Forwarding acceptAlert on session aea78ad3bcb095bb1a504528bf99158c to remote] DEBUG org.apache.http.wire  - http-outgoing-0 >> "Host: localhost:41706[\r][\n]"
13363 [Forwarding acceptAlert on session aea78ad3bcb095bb1a504528bf99158c to remote] DEBUG org.apache.http.wire  - http-outgoing-0 >> "Connection: Keep-Alive[\r][\n]"
13363 [Forwarding acceptAlert on session aea78ad3bcb095bb1a504528bf99158c to remote] DEBUG org.apache.http.wire  - http-outgoing-0 >> "User-Agent: Apache-HttpClient/4.5.1 (Java/1.8.0_181)[\r][\n]"
13364 [Forwarding acceptAlert on session aea78ad3bcb095bb1a504528bf99158c to remote] DEBUG org.apache.http.wire  - http-outgoing-0 >> "Accept-Encoding: gzip,deflate[\r][\n]"
13364 [Forwarding acceptAlert on session aea78ad3bcb095bb1a504528bf99158c to remote] DEBUG org.apache.http.wire  - http-outgoing-0 >> "[\r][\n]"
13364 [Forwarding acceptAlert on session aea78ad3bcb095bb1a504528bf99158c to remote] DEBUG org.apache.http.wire  - http-outgoing-0 >> "{}"
13368 [Forwarding acceptAlert on session aea78ad3bcb095bb1a504528bf99158c to remote] DEBUG org.apache.http.wire  - http-outgoing-0 << "HTTP/1.1 200 OK[\r][\n]"
13368 [Forwarding acceptAlert on session aea78ad3bcb095bb1a504528bf99158c to remote] DEBUG org.apache.http.wire  - http-outgoing-0 << "Content-Length:72[\r][\n]"
13369 [Forwarding acceptAlert on session aea78ad3bcb095bb1a504528bf99158c to remote] DEBUG org.apache.http.wire  - http-outgoing-0 << "Content-Type:application/json; charset=utf-8[\r][\n]"
13369 [Forwarding acceptAlert on session aea78ad3bcb095bb1a504528bf99158c to remote] DEBUG org.apache.http.wire  - http-outgoing-0 << "[\r][\n]"
13370 [Forwarding acceptAlert on session aea78ad3bcb095bb1a504528bf99158c to remote] DEBUG org.apache.http.wire  - http-outgoing-0 << "{"sessionId":"aea78ad3bcb095bb1a504528bf99158c","status":0,"value":null}"
13370 [Forwarding acceptAlert on session aea78ad3bcb095bb1a504528bf99158c to remote] DEBUG org.apache.http.headers  - http-outgoing-0 << HTTP/1.1 200 OK
13370 [Forwarding acceptAlert on session aea78ad3bcb095bb1a504528bf99158c to remote] DEBUG org.apache.http.headers  - http-outgoing-0 << Content-Length:72
13371 [Forwarding acceptAlert on session aea78ad3bcb095bb1a504528bf99158c to remote] DEBUG org.apache.http.headers  - http-outgoing-0 << Content-Type:application/json; charset=utf-8
13371 [Forwarding acceptAlert on session aea78ad3bcb095bb1a504528bf99158c to remote] DEBUG org.apache.http.impl.execchain.MainClientExec  - Connection can be kept alive indefinitely
13372 [Forwarding acceptAlert on session aea78ad3bcb095bb1a504528bf99158c to remote] DEBUG org.apache.http.impl.conn.PoolingHttpClientConnectionManager  - Connection [id: 0][route: {}->http://localhost:41706] can be kept alive indefinitely
13372 [Forwarding acceptAlert on session aea78ad3bcb095bb1a504528bf99158c to remote] DEBUG org.apache.http.impl.conn.PoolingHttpClientConnectionManager  - Connection released: [id: 0][route: {}->http://localhost:41706][total kept alive: 1; route allocated: 1 of 2000; total allocated: 1 of 2000]
13374 [Forwarding screenshot on session aea78ad3bcb095bb1a504528bf99158c to remote] DEBUG org.apache.http.client.protocol.RequestAddCookies  - CookieSpec selected: default
13374 [Forwarding screenshot on session aea78ad3bcb095bb1a504528bf99158c to remote] DEBUG org.apache.http.client.protocol.RequestAuthCache  - Auth cache not set in the context
13375 [Forwarding screenshot on session aea78ad3bcb095bb1a504528bf99158c to remote] DEBUG org.apache.http.impl.conn.PoolingHttpClientConnectionManager  - Connection request: [route: {}->http://localhost:41706][total kept alive: 1; route allocated: 1 of 2000; total allocated: 1 of 2000]
13375 [Forwarding screenshot on session aea78ad3bcb095bb1a504528bf99158c to remote] DEBUG org.apache.http.impl.conn.PoolingHttpClientConnectionManager  - Connection leased: [id: 0][route: {}->http://localhost:41706][total kept alive: 0; route allocated: 1 of 2000; total allocated: 1 of 2000]
13375 [Forwarding screenshot on session aea78ad3bcb095bb1a504528bf99158c to remote] DEBUG org.apache.http.impl.execchain.MainClientExec  - Stale connection check
13377 [Forwarding screenshot on session aea78ad3bcb095bb1a504528bf99158c to remote] DEBUG org.apache.http.wire  - http-outgoing-0 << "[read] I/O error: Read timed out"
13377 [Forwarding screenshot on session aea78ad3bcb095bb1a504528bf99158c to remote] DEBUG org.apache.http.impl.conn.DefaultManagedHttpClientConnection  - http-outgoing-0: set socket timeout to 10800000
13377 [Forwarding screenshot on session aea78ad3bcb095bb1a504528bf99158c to remote] DEBUG org.apache.http.impl.execchain.MainClientExec  - Executing request GET /session/aea78ad3bcb095bb1a504528bf99158c/screenshot HTTP/1.1
13378 [Forwarding screenshot on session aea78ad3bcb095bb1a504528bf99158c to remote] DEBUG org.apache.http.impl.execchain.MainClientExec  - Target auth state: UNCHALLENGED
13378 [Forwarding screenshot on session aea78ad3bcb095bb1a504528bf99158c to remote] DEBUG org.apache.http.impl.execchain.MainClientExec  - Proxy auth state: UNCHALLENGED
13378 [Forwarding screenshot on session aea78ad3bcb095bb1a504528bf99158c to remote] DEBUG org.apache.http.headers  - http-outgoing-0 >> GET /session/aea78ad3bcb095bb1a504528bf99158c/screenshot HTTP/1.1
13378 [Forwarding screenshot on session aea78ad3bcb095bb1a504528bf99158c to remote] DEBUG org.apache.http.headers  - http-outgoing-0 >> Cache-Control: no-cache
13379 [Forwarding screenshot on session aea78ad3bcb095bb1a504528bf99158c to remote] DEBUG org.apache.http.headers  - http-outgoing-0 >> Host: localhost:41706
13379 [Forwarding screenshot on session aea78ad3bcb095bb1a504528bf99158c to remote] DEBUG org.apache.http.headers  - http-outgoing-0 >> Connection: Keep-Alive
13380 [Forwarding screenshot on session aea78ad3bcb095bb1a504528bf99158c to remote] DEBUG org.apache.http.headers  - http-outgoing-0 >> User-Agent: Apache-HttpClient/4.5.1 (Java/1.8.0_181)
13380 [Forwarding screenshot on session aea78ad3bcb095bb1a504528bf99158c to remote] DEBUG org.apache.http.headers  - http-outgoing-0 >> Accept-Encoding: gzip,deflate
13380 [Forwarding screenshot on session aea78ad3bcb095bb1a504528bf99158c to remote] DEBUG org.apache.http.wire  - http-outgoing-0 >> "GET /session/aea78ad3bcb095bb1a504528bf99158c/screenshot HTTP/1.1[\r][\n]"
13381 [Forwarding screenshot on session aea78ad3bcb095bb1a504528bf99158c to remote] DEBUG org.apache.http.wire  - http-outgoing-0 >> "Cache-Control: no-cache[\r][\n]"
13381 [Forwarding screenshot on session aea78ad3bcb095bb1a504528bf99158c to remote] DEBUG org.apache.http.wire  - http-outgoing-0 >> "Host: localhost:41706[\r][\n]"
13382 [Forwarding screenshot on session aea78ad3bcb095bb1a504528bf99158c to remote] DEBUG org.apache.http.wire  - http-outgoing-0 >> "Connection: Keep-Alive[\r][\n]"
13382 [Forwarding screenshot on session aea78ad3bcb095bb1a504528bf99158c to remote] DEBUG org.apache.http.wire  - http-outgoing-0 >> "User-Agent: Apache-HttpClient/4.5.1 (Java/1.8.0_181)[\r][\n]"
13382 [Forwarding screenshot on session aea78ad3bcb095bb1a504528bf99158c to remote] DEBUG org.apache.http.wire  - http-outgoing-0 >> "Accept-Encoding: gzip,deflate[\r][\n]"
13383 [Forwarding screenshot on session aea78ad3bcb095bb1a504528bf99158c to remote] DEBUG org.apache.http.wire  - http-outgoing-0 >> "[\r][\n]"
13803 [Forwarding screenshot on session aea78ad3bcb095bb1a504528bf99158c to remote] DEBUG org.apache.http.wire  - http-outgoing-0 << "HTTP/1.1 200 OK[\r][\n]"
13803 [Forwarding screenshot on session aea78ad3bcb095bb1a504528bf99158c to remote] DEBUG org.apache.http.wire  - http-outgoing-0 << "Content-Length:32382[\r][\n]"
13803 [Forwarding screenshot on session aea78ad3bcb095bb1a504528bf99158c to remote] DEBUG org.apache.http.wire  - http-outgoing-0 << "Content-Type:application/json; charset=utf-8[\r][\n]"
13803 [Forwarding screenshot on session aea78ad3bcb095bb1a504528bf99158c to remote] DEBUG org.apache.http.wire  - http-outgoing-0 << "[\r][\n]"
13803 [Forwarding screenshot on session aea78ad3bcb095bb1a504528bf99158c to remote] DEBUG org.apache.http.wire  - http-outgoing-0 << "{"sessionId":"aea78ad3bcb095bb1a504528bf99158c","status":0,"value":"iVBORw0KGgoAAAANSUhEUgAABkAAAALpCAYAAADrUOqSAAAAAXNSR0IArs4c6QAAIABJREFUeJzs3X+QVvWdJ/o3IA2aRomIg8KQKI5y0fHaEYco0ZSYVKIjMpqhc42QSkiKgd2NuhmSGgxyXTWSypAp480uPVQklpJ4A6sOwmpSWbBiAg4jmeZaaqHRoCwoKz9CpBO1Fbh/dDc83f100w00D314vaqoos85zzmf8zzPDOa8+/P99Nm6deu+AAAAAAAAFEjfShcAAAAAAABwpAlAAAAAAACAwhGAAAAAAAAAhSMAAQAAAAAACkcAAgAAAAAAFI4ABAAAAAAAKBwBCAAAAAAAUDgCEAAAAAAAoHAEIAAAAAAAQOEIQAAAAAAAgMIRgAAAAAAAAIUjAAEAAAAAAApHAAIAAAAAABSOAAQAAAAAACgcAQgAAAAAAFA4AhAAAAAAAKBwBCAAAAAAAEDhCEAAAAAAAIDCEYAAAAAAAACFc0KlCwCgmL7whS9UugQAAKAX+clPflLpEgAoGB0gAAAAAABA4QhAAAAAAACAwhGAAAAAAAAAhSMAAQAAAAAACkcAAgAAAAAAFI4ABAAAAAAAKBwBCAAAAAAAUDgCEAAAAAAAoHAEIAAAAAAAQOEIQAAAAAAAgMIRgAAAAAAAAIUjAAEAAAAAAApHAAIAAAAAABSOAAQAAAAAACgcAQgAAAAAAFA4AhAAAAAAAKBwBCAAAAAAAEDhCEAAAAAAAIDCEYAAAAAAAACFc0KlCwCArvrIRz6Sa6+9NmPGjElVVVWly+kxjY2NefHFF7NixYq8/vrrlS4HAAAAoFcSgADQK3zkIx/JN7/5zUIHHy2qqqpy0UUXZcyYMfnud78rBAEAAAA4BJbAAqBXuPbaa4+L8KNUVVVVrr322kqXAQAAANArCUAA6BXGjBlT6RIq4ni9bwAAAIDDJQABoFc43ro/Whyv9w0AAABwuAQgAAAAAABA4QhAAAAAAACAwhGAAAAAAAAAhSMAAQAAAAAACueEShcAAAD0gEtn5Udzr87IqpJtO9dm/uTb8mQHLxn3Dz/OPZ8e1mpb4ytL8+U7G/Otf74pY04s3bMza/9xcm77Wedl1HzjR5n/2ZGttm39xW256TtrM/l7yzLjouqu3lEbDalfMCmz/nvXjp71o5W5euTBj2vR+E5jGv/wSup/8S+pe2Blth5akUfRrPxo5dU5cIvde38AAKCIdIAAAEARPTM/db9s89j+1HGZMndc+eMvnZUZn2wdfqRxU1YurMvWLYvy7f/xShpbnyzjpt6RDs7WZPi0TPtkm9Rh59os/s7aLt1CJVWdWJXqYWNy+dTb8qMH78ik4ZWuCAAA6C4BCAAAFNTa79yXX7XJQIZ98ubccWnbI2sy6ytXte4WSbL1l3WZ/5vmvy+oy8qNrSOQDBuXaTPbhCYlJn99UpuukYbU/7TjDpRjVdXwyzNj7ox0fKcAAMCxSAACQHFteCi181ZlV7sdu7JqXm3mPdV+D0CxrM0dP/hVm+WbhuXy/9S6c6Pm6zfnqrPapB9bVua+Vp0a9Zl//9o256rKOZ+dlcnlLn3pHfmbNstbNaxfnPlHakmmnS9k5VFc3qnqnEn51tSjdz0AAODwmQECAABF9swdWfzM0sy69NQD24Zdnpv/YVxu+s7aZPiMzPj0yLSOP7bmVwvuSbuFqsqdq7omtXdfnaVzSvs6hmXGl8a17ph458Us+6elrQKUpX8/KUs7LX5YJn/vn9vPCWnclCf/6fA6SRrW12XS35e/+jmX3pS/mfo3ufq8kvtMVUZeNDl5qPOKAQCAY4cOEABImrpFamub/8zLqh0Hdu16al5qF7+clxfX7j/moQ3N21tes/jlkpM1dZjs31e2CwXg6HlyzqKs3dl627AJN+e2S4dl2j9Myjltmj92PrM4dzzT0bmWpP4Prbed+le1mXVxybm/9K1ManXSxmxatSiLtnSv7mGfn5Up7YakN6T+gdmZ30F9R8Irz/w48//DPe2WD6s+9SM9d1EAAOCI0wECABseSu3czZmxYEkmDGn+eea8ZMHspp+T5PE5WXvnkiyZ0hR8TJ9bm+XX3Z0lS2YnO1Zl3sxHsurq2ZkwZFdWzZuetR9fmCWzBydJXl5cm+mLR2TJlHMrdovA8e7J3PbTq7JsZk32xwn9huXyr/8/yalt0o8/1GfJnM56K5Zm/k/H5Z+nl55rZK760rQs/s2ibM3Vufmvx7TuKNnyq9T9U333Sr50VuZ9qeQazRrWL878n24t+5Ijqz4vbG3I5cNKKmhsKH/o8Ksybfrf5Kq/PCenVlelql9avWbnlt9m7f+oy/zHXmn/2r+d3/pz2fRkrvry/Jxz/azMuO7ynD+sOlVVLafamU3rn8yShYuyspthUpKM+8aPcsdnW3f7NG56Mnd8eX77bh8AACgAAQgAxVZfl+m1dWV31Xw8SXZl1WPLUzNz4YGwY/TU3H1dbeY8+XImtIQWNTMycXTTXwdfOC41ScZd3bxvyMcyrqYuW7Yl2bY8dZmRhVcO3n+dc6fcnYm1LQFJD9wjQFf89/lZfGnr5aSqTj21zUENqf/p/IMsS5Vs/en8LPvEj3LTmAOP0qvGTMqsv12UH59Vm3GtTtvBclqdmpz537i63VD2xk1P5p6/X5qjEX8k43L+8Nbxy9ZNZe7i0ln50dz2te5XVZ1Tz6rJ1f/pnzPu0rp87ZsHq786M76/NJMvaPvZJFXVp+acT9yU2/5yTE792"
13803 [Forwarding screenshot on session aea78ad3bcb095bb1a504528bf99158c to remote] DEBUG org.apache.http.headers  - http-outgoing-0 << HTTP/1.1 200 OK
13803 [Forwarding screenshot on session aea78ad3bcb095bb1a504528bf99158c to remote] DEBUG org.apache.http.headers  - http-outgoing-0 << Content-Length:32382
13803 [Forwarding screenshot on session aea78ad3bcb095bb1a504528bf99158c to remote] DEBUG org.apache.http.headers  - http-outgoing-0 << Content-Type:application/json; charset=utf-8
13803 [Forwarding screenshot on session aea78ad3bcb095bb1a504528bf99158c to remote] DEBUG org.apache.http.impl.execchain.MainClientExec  - Connection can be kept alive indefinitely
13803 [Forwarding screenshot on session aea78ad3bcb095bb1a504528bf99158c to remote] DEBUG org.apache.http.wire  - http-outgoing-0 << "qws7UYIUj78WJn5c4QfAAAUlwAEgGKrmZGFsydkcKuNzV0aSZK3sqU+GXF96yNOH16TdPpgaURGlAkzdr25OalfXiZ0qcmM7lcPcARtzdJ/Wpxx/21Gatq2VTTrenfF1ix6YGUuv7v0wX91aq7/5ww6ZWSrIztbTqu8YZn8vSmpOaXN5ndezNKj8rB+WGr++ppMun5SLh9asrnxlfzqgbZdLOWDmo6cevG0fGvq0nztoU4OGnl5+aHypU6pybRv3pSlt/y4S9cd9vn5ua1N+JE/1GfRnHsOqZMEAAB6CwEIABxpZUMXgGPAlqWZ/5M2y1e1KDOkvFO/mZ+6X9bknk+XjDofdk7OKT2moT5LFnRvVPm4b8zLtHJzPx76drdniHSm+qIZWbmyq9F0Q+of+L9T1+b6w/7Tp9oENQ2p/8k9qbt/bV4ZXpOrr5+WGdePKXmvuz5IvWHjyiz+waIsXZ/UfH5GZn3p8gwrSTCq/o8rMiM/TvkexxLllhL7w4tZ+o/d6yABAIDeyBB0AI5zp2d4TbL5zdZjyt/a0s216psNPmNEUr8lbx2J0gB6wNaf/iq//UOZ7b/+frcDhrXfua/doPADGvPiY/O795D90jtyc9tOhTRm08/uyayjMvejjMat+dXCvy97/a2P1eWO+5dl7fObsrMh2flvdZl1/9q8kiRb6vPkD76dtW3uv0uD1LeszD1fvSdL129NsjX1P70j83/d5vr9qjPs4rKvLjmmTIdK46Y8+Y9fS10PDpEHAIBjhQAEgOPc4Ey4fmLqFyzIqh3NmzY8lDmP12TG1YcwtHz0xMyoWZ45i18+sG3DQ6mtfSgvd/wqgKNm3Nza9stLJRn2yW9kxvDunm1t7nhobXaW2dP4yrJ8+4FuhBbDJ2f+Ny7PsDabG19Zltn/WMEpFVXDcvlXvpcf/cOk1t0tSbKlPr/6yX257ZYvZ/KkqzJ5dttul6357bYOBqd3qDEvrmo/M6X+pTfT+kzVqT6r08LzF5+f1vqzbtyZtQ/MznzhBwAAxwlLYAHA6KlZcudDqZ1Z27yUSE1mLDjUgeWDM2H23dlSOye1j7dsm5i7l0zNIcQpAEfWpXfk5k+2jRiaVZ2TSf8wLf/ytUXdGzL+s9uy5NPLWg1Xz55NWbmwrhvnGZdZd09rH8z8oT6L7uzOeXpIv+qM/PTN+d7QqvzdwYawD6/J5X9Vk3F/OSbnj/mLjBzawcCVDjXmvTIdOnlmZxpmpv3SZR2qSnXb97OqMY2bKv5uAgDAUSMAAaC4Rk/NktnldgzOhNlLMqHtsUumlj3N4CtnZ8mVJRuGTMjsJe3Pd8C5mbpkScqfDaBSxuW2me07LEpVjZmcb33piXytO50bSZZu3ZkZpY/m39mR13/Tjcq+MSNXtZ0k3rgpT/bgnIqG9XWZ9PflZnEMS80nz8+Yi6/ONZ+sybCS26q+qNwQ82Gp+XxtJl82LuefOyzVXRyI3rGd2fpYmc1bGtN4uKfOsIz70owMe+YYCJUAAOAosAQWAAAcB8Z9Y0Yub7vE1bat2drqqXpVxlw/K5O7vRTWoRv2+fm5rdzcj1V1FVqqaWvqf7kyP/6nWbnpO79qExRU5Zy/mnbgx+FX5bYf/ijzp0/KuAuORPjR86rOuTqz/rbSVQAAwNEhAAEAgKK7eFZmTGgbMuzM2gduyn2/bNMLUF2TKV+f3GmnyBEzfEb+y5dq2i3r1LB+UWXnfrR45oW82WaER1X1qfv/PvmWm3PVWW07Vxqyc9Mrqf/lk/nxD27LovXdnQFyZO38zaIsfbE05apOzfV3ZFzFKgIAgKNHAAIAAIU2LDOmX5W2K0w1/GZJbvtZsvY79+VXbTOQi6Zk1ud7OgIZl1l3T8o5bbsmtv4q9xxszsbRMvyMDDqxo50z8qmLWkc3O//tvtx09aRM/vLfZdad87PosbUZVN3dGSBHTsP6unztmz9O3QNtOlmGjcuMr9dUqiwAADhqBCAAAFBgw2b+l0xqmzI01Gfx91vmX6zNHT9ou9RTdWo+PyuTe66qTP7ebbm63NyPH9yRivd+DK/J5V+4LT/6b5NyTr/Wu3ZuqW/+W3WqWu1ryOvrl7V5H6/OyFNTIQ357TPNQdJv7sm/tOpEqcrICdMy7SgudQYAAJVgCDoAABTV8Gn51l+f02bpq4bU/2R+6+Hiz9yRxc8szaxLS57Wn1KTKd+dnKXfLDco/HBdnnHnlOmMqBqZq+9emau7eppNT+aqL88/pAqqL5qRlStndPNVO/PbX6/s6Iw5//p7Mu2l+7JofVLz17W5aerVqalYANLa0n96Mp/64eQDHTcnjsnVM6/OojlPVrQuAADoSTpAAACgkIZl8tcnZUybJZwaX1yW+T9tv8DUk3OWpP4PrbdVX1ybez7bgyX2Mg3rl+S+n7X8tDhrX2k1QT5VQ8flpu/9OCtX/jjzvz4pNUPLTEWvPjVX9XilZWypy6JnWn/up/5VbWZdXIliAADg6BCAAABAAQ37/KxMaTOjIo2vZNl3FnUwX2NpZv2kPq1Hdp+acV+5p+sdGQW28/mlbWaTbE3dA0/mlU5nnDdm6y9X5pV3Sjad+pGMq1DosPbOf0l9ab39RuaqL007OgPvAQCgAgQgAPQKjY2NBz+ogI7X+wYO1+TM+nxNWscfjdn0i7rUbengJUny3+dn8fo2T/RPHZcpc8cd+RKPdXsa0/hOQ3ZurM+TP/i7TL6lrv1skmfuy9/9h3uy9N82paH0/103NmTnS7/Kj7/95dx056L8dlvpi4al5m8rFSktzfxfvNJqS9WYq3OzLh8AAAqqz9atW/dVuggAiucLX/jCET3ff/yP/zEXXXTRET1nb7B+/fr81//6XytdBgAA9Lif/OQnlS4BgILRAQJAr7BixYrjrhuisbExK1asqHQZAAAAAL2SAASAXuH111/Pd7/73axfv77wQUhjY2PWr1+f7373u3n99dcrXQ4AAABAr3RCpQsAgK56/fXXLQcFAAAAQJfoAAEAAAAAAApHAAIAAAAAABSOAAQAAAAAACgcAQgAAAAAAFA4AhAAAAAAAKBwBCAAAAAAAEDhCEAAAAAAAIDCEYAAAAAAAACFIwABAAAAAAAKRwACAAAAAAAUjgAEAAAAAAAoHAEIAAAAAABQOAIQAAAAAACgcAQgAAAAAABA4QhAAAAAAACAwhGAAAAAAAAAhSMAAQAAAAAACkcAAgAAAAAAFI4ABAAAAAAAKBwBCAAAAAAAUDgCEAAAAAAAoHAEIAAAAAAAQOEIQAAAAAAAgMIRgAAAAAAAAIUjAAEAAAAAAApHAAIAAAAAABSOAAQAAAAAACicPlu3bt1X6SIAAAAAAACOJB0gAAAAAABA4QhAAAAAAACAwhGAAAAAAAAAhSMAAQAAAAAACkcAAgAAAAAAFI4ABAAAAAAAKBwBCAAAAAAAUDgCEAAAAAAAoHAEIAAAAAAAQOEIQAAAAAAAgMIRgAAAAAAAAIUjAAEAAAAAAApHAAIAAAAAABSOAAQAAAAAACgcAQgAAAAAAFA4AhAAAAAAAKBwBCAAAAAAAEDhCEAAAAAAAIDCEYAAAAAAAACFc0KlCwCg2D744IO8//772bNnT6VLAQAAjiH9+vVL//79c8IJHk8B0DP8CwNAj3nvvffy/vvvV7oMAADgGLRnz57s2bMn/fv3z4ABAypdDgAFJAABoEe0dH4kyWmnnZZBgwalb18rLwIAAMnevXuze/fubN++Pe+//3769eunEwSAI86TKAB6RGn4ccoppwg/AACA/fr27ZtTTjklp512WpLoHAegR3gaBUCPaJn5MWjQoApXAgAAHKta/veCmYEA9AQBCAA9SucHAADQEf97AYCe5F8ZAAAAAACgcAQgAAAAAABA4QhAAAAAAACAwhGAAAAAAAAAhSMAAQAAAAAACkcAAgAAAAAAFI4ABAAAAAAAKBwBCAAAAAAAUDgCEAAAAAAAoHAEIAAAAAAAQOEIQAAAAAAAgMIRgAAAAAAAAIUjAAEAAAAAAApHAAIAAAAAABSOAAQAAAAAACgcAQgAAAAAAFA4J1S6AACA3uKBlS/mkTWvZsuO3dmzd"
13819 [Forwarding screenshot on session aea78ad3bcb095bb1a504528bf99158c to remote] DEBUG org.apache.http.wire  - http-outgoing-0 << "1+ly+EY169vnwwfMiifu2xUvnTVmC69ZteuXfnjH/+YxsbG7NvnO0bH+vTpk6qqqnzoQx/K4MGDu/Qa36/e7VA+cwCA412frVu3+i9fAI64hoaGJMmoUaMqXAkcvs3bGzJzwVPZ+c6evLu3X/r0OyFJn0qXxTFvX/bt+SAD++7JqSf2y4KZV2bEadVlj3z//ffz1ltv5b333jvKNVIEAwYMyOmnn57+/fuX3e/7VTwH+8yht3n11VeTJNXV5f+dBIBDZQksAICDmLngqWx5+4O812dg+vTrH+EHXdMnffr1z3t9BmbL2x9k5oKnOjzSw2kOx3vvvZe33nqrw/2+X8VzsM8cAIAmAhAAgE48sPLF7HxnT/pWnVjpUujF+ladmJ3v7MkDK19st2/Xrl0eTnPY3nvvvezatavddt+v4uroMwcA4AABCABAJx5Z82re3duv0mVQAO/u7ZdH1rzabvsf//jHClRDEZX7Lvl+FZvPFwCgcwIQAIBObNmxu3nmBxyePv1OyJYdu9ttb2xsrEA1FFG575LvV7H5fAEAOicAAQDoxJ69+2LmB0dGn+bvU2v79rXfBoei3HfJ96vYfL4AAJ0TgAAAAAAAAIUjAAEAAAAAAApHAAIAAAAAABSOAAQAAAAAACgcAQgAAAAAAFA4AhAAAAAAAKBwBCAAAAAAAEDhCEAAAAAAAIDCEYAAAAAAAACFc0KlCwAAOP58NAtuH51LsiP33vVsFh/x13X//Lff+tlMGtp628bf/CyTH+1ycd03/pI8dc2ArPrWr3NXD17meLTrqXmZvqC+1baamQsz+8rBFaroUOzKqnnTU5cZWTh7QnpT5V22Y1XmzdySzy2ZmnMrXUs3vLy4NnMeb71t4p1LMnV0D160l75XAABUlg4QAICj7YYRuWRgkoEnZ/z4Ctcy/pI89e324UeSnHXxZ7Pu1gt67NJTRp+cQT129uPVy3motrZd+JEk9Qump7b2obxcgaoOyYblqatPUr82/76j0sX0jF3PrU37T+oYtmNV5tW2Dz+SZPnc2tQu7rlvV697rwAAOCboAAEAOKo+mgXnVyfvvp/dA/vnkksuSFY/X6FaLsjSa4Y0hRDbNmfsvc+33vftETlr6IgsveH5nu0E4QjZlVXz5mR5ktS07Zpo7qaoX54584b3go6KXVn12PKkpiY19fWpe/LlTJji9/4r6+U8NLOuKYS47u4safV5vJyHaudk+eNz8tDYHu4EAQCAbhCAAAAcTeOHZvTAZPfvXs39GZVbz/6zLBj/fGauLnPsDZ/Iuourm39oyLJvbS5/zq4e18aUr/xZzkqy+3cbcuX9r7XZ+3wmP3FinrpmSM46/5JMefTZLO5waa1y25u3DTxwxgNLapXu659J3/5sJrSqoTl82f/KhixrtUxW0/7TfrchV24YmqdaQpx3D1y/1ZJe7cKdrlyjucbdm3Pv7j/LrWf3T/J+nn1iZfnP6hiw66kFqavvaKmrwZkwe0k+9tS8TF9QlwVPfaz5mKYH15tnLszsM5andu7y5uNrMmPB7EwY0vYqzQ+69/88MXe3WpKoZNmq67dk+twDR3ZrCa4d/5619UnNzJmZ+fEFmb7gkay6ulw9STY8dPC6u3JMd+6tXLi0f3tX3oOWQCpJ6jOndvkxv0TZrqceyfJ09Dmem6kLZmTzzLosf2xVJrZ9Hzp9v0q2lbR4HFhS62Dv1cE+t5Lv+IX/nnktIU5JSNhqSa924U5XrtFc45/fnYXDH2nuwGr5nnV2bwAA9DRLYAEAHEW3XzIkg9KQVfe/lsUb3s7u9M/o0R9td9yUr1xVEmokSXUm3T4ipx3ice19NOPP7J8011LW6mdz5bd+lrHdmlPSdO624UfStKTW0hsO8tIbPpF1rYKJJKnOpG9flQVtlwsbNOJA+JEkA4fk1lsvaD/PZOiIPPWVkve4W9f4s3zl7P5Nf3/37aw+RsOPZFf+/V/rk0zM5zp5iD74ys9lYpL6f/337CrdsWV55pU8qE/qUzdzXlaVLj214aHUtnoInCTLM6e2zXFJUl/X6sF/0rQE10MbunY3Lz9Zl/rmexl84bjUpD5rn9vV7rhdT80rCTbK192VY7p1b111mO/BsaUL368hEzJ7yZIs6XZ3UfuAIGlaUuug71V3Prctyw+EH0nT57P45fbzTB6fk3lPlXzXunON//VIFrQsP1czLh8rE350+d4AADgidIAAABw1F+TCoUm27WrqNFi9LRsmDMklZ4/I7XmtVYfDpHYdByWhwrvdPa6c6pw2sKSWI2l/l0uZro6RFyR5PjPvei1TvnJVbj37vZLOi+blwdJmAHtzh8slEy7JlNUHwphBQ6uz+3cbMvb+17L/voeOyKTSbo7m1w4a1BISdXCN8ZfkqWuGtF+SbGD/ZP81jmVvZUt9kuvGHWRA9LkZd12y/PEteSvZ/6C6/vHlrX7zvWWI+oGlp5qXpEqb317fsSrzZtaVX6Kq9Dfpmzswlq97OVNHH2wpq5ez9vGSexnysYyrSeoWLM/LV7b+rfumh/IlHR3N11n73K5MaO606MoxZe+t+bi6havysUNdMqyT9+BAR86INt0Ex6Kufr8Owf5unzJdHZ2+V9373Oofb+ocWVLagfP4nMwp7eZofm39lpb/6+jm976+Ptl/jabjDnZvAAD0LB0gAABHSdOSU+/n2WdbHrC/lpkvNCSpzoTSDoXxJ+a0NC2TdWC5pdcy867N2Vh6wq4eVyGDzh5dMkT9+Uz+1s/KLEVVojk4ybbNrWeOPPrrLNuW9kPj392R+/cHE69l9RvvJ0k2/qZkKatHN+fZd5MMOjFTSq6x+3cbWl9j9bO5/3fvJ0MH5/ZWRXXSIVMkNTOysORB7uArZ+fu65I8vrZpaHrJQ+pWS/cMmZCZM2sOHLffxNxd+mB49LhM7GIpTUst1WTG1S2vH5wJ109MsjyPlP5mfskyWfuXsxo9NUuWLDnwsLkbx+S6u1vf2+ipTe/BIQ9hP/T34HhUv2B6yRD1czN1yZIyS1GV6O7nVjMjM/eHEIPzsY/XJEkm3lkSPo2emBk1Sf7X5qYOqUP43pfrkOn2vQEAcMToAAEAOCpaujWSS675bNZd03rvoDOHZkpea+pu+LMBGZRk4+/bPnhvyPZ3c2Dppq4ed7StfjarLmlehmroiKz79oim7e+2nR1S3sZN7UOSuzY1ZNLQAa037n6nzLnez/b/3cnJm9+znD06675dfhH+M8cnaQmU3n3vmAiTetyfj2jX4XD68Jokm7N5R3Luti1NSwctmJ7aBeVPsXlHcm5LyFAzPKe3PluG73+wfG4n3RQvZ3nzEkJ1M2tT12Zv/b/+e3Zd2bobY8QZB+/N6MoxE8e2fyB97tiJyeNdm6nTziG/B8eZIRPyuevqUv94ksfnpLZlOaqatrNDyuvy51bmO57UZPjQdhsPONzv/WHeGwAAh08HCADA0XDD4M4DiYFDMulg8zGOqKaQpH3HQ2tTvnJV1pWbjXEQd937s4x9Ykd2l24cOCS3fvsTnV6PQ9X8cL3db6S31by8VLuH88eIDWvbzFpoo74uy81OqICufb92PTUvtYcwN+XcKUuyZMGM1JRurK/L9NqHDvJ9PvYV+d4AAHoDHSAAAD2uZe5EyWyKUs3zJ1rmY+R/v5fdqc5pH/5oktLujua5HS2zPbp6XFmvZfUbo3LJ2U3Lb91Vdpmnlq6Vhryxuuk1b+wenQwd0G6AeNnrrX42V5YMDW8aTl6dC29I8mg6tP99KHH7yOok73d2Q13T/J5tL53/UQjNS/rUL88jT00smTfQWtPyUknNxz/W+rfPy3QlvLWlaej1iCFJMjw1SUaUzkE44lrmLUwsPxOjee5C29kJm9/clYzu/Hfpu3JMuZkML69bnux/dD04I/48SZv5KfvnY7R6wl00Xfl+tXTvtHxnuvl+DZmQ2UsmHDjb4trMeXx51m6YmnM7+c4d/HM7DEOP0Pf+EO8NAIDDpwMEAKCn3TAilwxMdv9uc/mB46ufzaptSYb+WVOnxept2fBu0wyNpfu7Qj6aBbePaB08dPW4Diy+/39nY9rO6mjRPLQ85"
13819 [Forwarding screenshot on session aea78ad3bcb095bb1a504528bf99158c to remote] DEBUG org.apache.http.wire  - http-outgoing-0 << "epuDjE6ut4Nn8i6b382T5XONUmycff7ab9E1YA8QjFmAAAgAElEQVSmJadK7idDR5TcT9P5Jg1N8u7bWb06h6f5Gmdd3Lar5aNZcPtns64Xd6gMvnJmZtQ0zxuYtyq7Wu3dlVXzajN9QX2bWQjN6uuyoGS+xq6n5mVOmUHky+e2/e3+pvPWHonfZt+wPHX1Sc3MieUHbQ+ZkM9dl+TxR5pqaK6pfsGCkppezkO1tQfuvxvH5PE5eai0u2TDQ03vQc24fGxIyfYsz9r9x+3KqnlzOu9aOaimZcaOdYOv/Fwmpu08ixbNg71T7vM7yPu14aHU1tZm3lOtv7FNS7C1XaKq5L3q9ud2CA73e9+tewMAoCfoAAEA6GFN3QudD9NumnFRnUsuuSBZ/XxmvjAi6y6uzlkXfzbrLm4+6N2GbHy3uiRseK2Lx3Xk+Ux+4sQ8dc2QDCqd1VFq2+ZcWVJ3S52dXu/RzXn2/NG5pNycjXd3tAkx+ueSaz6bp0ZvyJX3d3A/zTa+cPD5IQd34BrlZrF0GFL1CoMzYfbd2VI7J8vr6zK9tu0EjSSZmLvLzR6oqSkz56B0iHfTIPK6+uVlZ3N0GFp0Q9Nv7ZcfIt2iabbD8tQ9+XImTDm3w5omXt9yjx3XXe6Y5XNr24UZB447cP1Wx9VMzMSa5YcRgtSnbmZt1s5c2GHnzrHh3ExdMCObZ9alvnSeRanr7m51D116v0ZPzIya5akrN2ejZkabEKP1e9XVz+3QHeb3vlv3BgBAT9ABAgDQk8ZfkglDk2zb1fmD9Uc359nSmRyP/rrNDI2GLLtrc7a3e10Xj+vI6mdz5bc2NF27jY2/+VnG3ttmIPmjv869vytZiurdHbm33fVey8y7ypxz2+aMLRmC3tKBkrQMgS93P8339K0juGRV2Ws03e+VnYRUvcO5mbpkSRbObL/8T83MhVlSbmmpJPnzz2X2nRNLDp6RhW2PHT21/SyDJBPvXHL4D+53rMojpR0nHRk9MTNKZ1GMnpolpXU319NquaKuHtPu3ibm7iXtj2v13tbMyMLZEzP8YPfXgZauiqR5wPshnueoGTIhs5csbPoM2ph455IsmdLm0+vS+zU4E2aXOed1d2dJSVhX9r3q6ud2OA7re9+1ewMAoOf02bp1675KFwFA8TQ0NCRJRo0aVeFK4PD8nzf/OP0H+TVdjoz3d+/I/3ffTa22/e53v6tQNcn+pYuuu7v9w2t6pbPPPrvVz5X9fnE0tP3MoTd69dVXkyTV1dUVrgSAotEBAgAAAAAAFI4ABAAAAAAAKBwBCAAAAAAAUDgnVLoAAACgUpqGpk+tdBkAAAA9QAcIAAAAAABQOAIQAAAAAACgcAQgAAAAAABA4QhAAAAAAACAwhGAAAAAAAAAhSMAAQAAAAAACkcAAgDQiX59+yTZV+kyKIR9zd+n1vr0ab8NDkW575LvV7H5fAEAOicAAQDoxPAhg7JvzweVLoMC2LfngwwfMqjd9qqqqgpUQxGV+y75fhWbzxcAoHMCEACATnzuslEZ2HdPpcugAAb23ZPPXTaq3fYPfehDFaiGIir3XfL9KjafLwBA5wQgAACd+NJVY3Lqif2yt/GdSpdCL7a38Z2cemK/fOmqMe32DR48OAMGDKhAVRTJgAEDMnjw4Hbbfb+Kq6PPHACAAwQgAAAHsWDmlRl+8gkZsO/d7NvzfswEoWv2Zd+e9zNg37sZfvIJWTDzyg6PPP300z2k5pANGDAgp59+eof7fb+K52CfOQAATfps3brV/4IH4IhraGhIkowa1X65F+itHlj5Yh5Z82q27NidPXuL+Z9Q/QZWp2//I/OgdO/772XPuw1H5Fy9Ub++fTJ8yKB87rJRZTs/ytm1a1f++Mc/prGxMfv2FfM7xpHRp0+fVFVV5UMf+lCXuwB8v3q3Q/nMobd49dVXkyTV1dUVrgSAohGAANAjBCDQO/3+j42p/f6v8/s/Nh7WeT78oaosueUT+fCHDOgFADonAAGgp1gCCwCA/T78oar852tGH/Z5/vM1o4UfAAAAVJQABACAVq656Mxcc9GZFXs9AAAAHAkCEAAA2jnUDo4j1UECAAAAh0sAAgBAO4caZFj6CgAAgGOFAAQAgLK6u5SVpa8AAAA4lghAAADoUFc7Oix9BQAAwLFGAAIAQIe6GmxY+goAAIBjjQAEAIBOHWxpK0tfAQAAcCwSgAAAcFAddXhY+goAAIBjlQAEAICD6ijosPQVAAAAxyoBCAAAXdJ2qStLXwEAAHAsE4AAANBlLR0flr4CAADgWHdCpQsAAKD3KA0+LH0FAADAsUwAAgBAt1j2CgAAgN7AElgAAAAAAEDhCEAAAAAAAIDCEYAAAAAAAACFIwABAAAAAAAKRwACAAAAAAAUjgAEAAAAAAAoHAEIAAAAAABQOAIQAAAAAACgcAQgAAAAAABA4QhAAAAAAACAwhGAANCr7Hj8lowdO7bsn3vXJ8lzuXfs2Iwde2+eOwLXuuXxHeV3vrUst4wdm7Fjb8myt0p3HLnrAwAAAHDoBCAAFMyFuXXduqxbd2suPIyz7Hj8lnzmztVdOHJ17rp7WTqISQAAAACoEAEIAL3S+Lk/z7p161r9ufWipH0HxoGf772vuVvkvueS7Miym8t1kLQOP1bf+ZmMvfkgAceau3JnR50iKdO1UnK+55pruvfxlo6SlvoO7Ou4y6T18R1cvfk+254DAAAAoNgEIAAcJxZn8YNNf5tyxYV57r7P5K41bY746qGHBKvvfKj8klfr723fSVImMFl8513Zf9SD03LLzbdk2oP7z17SZfJc7h07LYtLX/zgtI6X6gIAAAA4TglAAOiVVt/5mQ67Kjoy5YelnSJJMj63P1HaRfL9TDo9GXLd9/PzueObjpj786y7b1KGdHTSy27PornjkyzOtHKdGBfd2rpT5YdTmup/bUvr4764KOvWrdt/3dVrzsqideuy7onbMz5J1mzMliRZvyqLU9oB8/PcflknAUyGZNJ9B+4NAAAA4HghAAHgODElEy468NOFV0xJsjp3XdMSohz60PLh130lU5LkwWn7l9Fqp2Vo+lcXl9095YqmiSVDRp7VtOGLE5pmmJx+Vs4qOW7Hpo1JSgOglk6WjdloiSsAAACA/QQgAPRK7WaAdNalUU5zZ0ZLx0WyONNK5oB0z4W5tbmzY/Gi+7OxdNf6e5uCiv/3rHy/pAPkyFudjW/00KkBAAAAeiEBCADHtSHXfb/V0lSLnz7EPpCLbs2iLyZZszqlEz+ee7qp46Olw6Olg+NQtXSIdDwEHgAAAIBEAALAcWlHlt08tvUMka+2DipaNC011bXlsS68eVE66u9Y/NWm67QbiN5dF03IlHRnBkrLvR76gHcAAACA3kgAAsBxaEgm3dc0PLzU+Lk/399FMaRlrke3XJip+5fUat7SKhQZn9ufaL7ug6sOcebIhbl1XdugZUoWdXcJMAAAAICC67N169Z9lS4CgOJpaGhIkowaNarClQAAAMeyV199NUlSXV1d4UoAKBodIAAAAAAAQOEIQAAAAAAAgMIRgAAAAAAAAIUjAAEAAAAAAApHAAIAAAAAABSOAAQAAAAAACgcAQgAAAAAAFA4AhAAAAAAAKBwBCAAAAAAAEDhnFDpAgCgu/70pz/lzTffzNtvv529e/dWuhwAACi0vn375uSTT84ZZ5yRk046qdLlAECXCUAA6FX+9Kc/5aWXXsrQoUMzcuTI9O2rmREAAHrS3r1788477+Sll17KeeedJwQBoNcQgADQq7z55psZOnRoTjnllAwYMCAnnOCfMgAA6EkffPBBqqqqkjT99/ioUaMqXBEAdI2nRgD0Km+//XbOPvvsnHTSSenbt2/69OlT6ZIAAKDQ+vfvn379+mXv3r3Ztm1bpcsBgC6zbggAvcrevXszcOBA4QcAABwlffr0Sd++fTNw4EAz+ADoVQQgAPQ6/fv3F34AAMBR1KdPn/Tv37/SZQBAtwhAAAAAAACAwhGAAAAAAAAAhSMAAQAAAAAACkcAAgAAAAAAFI4ABAAAAAAAKBwBCAAAAAAAUDgnVLoAAOhxG1Zk4dNvlN016"
13819 [Forwarding screenshot on session aea78ad3bcb095bb1a504528bf99158c to remote] DEBUG org.apache.http.wire  - http-outgoing-0 << "IIbcuNl27Ni4dPJFdNz7ehunzwrFtbnw9ffmPFDO772me3OvT2rH340mz5yQ2687LTuXhQAAACAgxCAAHB8GHR+brhxfMpHDafl2undTj665Y2nV2TD6GvTs1cBAAAAoIUABACyoVUHyIYnFuaVwedn9/MvZHcG5fzrb8yQZxfm6c0tx5+ZK6Zfm9HNr3sjyRuPLczvO+ogGXRmzswbefqJDRl9TScRSLtOlZbrJNvXPJxHd9Xkijy9v44zr5iej+98OI8+v7tpw4grMr3k/NvXlOxrvo+yXSoAAAAABSQAAYAy3nj+97li+vQD4cMfzs8N05s6SLaveTiPPrw6p904PtdOT+dLYCVJPpyPf+rD+cVjT2fFhtHlQ5INK7Lw6d05//rpzedpCldahSabn84rV0zP9Guaa3h6YR4dcUWmTx+dbFudhx+rz+ptozN+aPP+10furzkbVmThYysyZLouFAAAAOD4IAAB4Piw+4U8uvCF1tvadEy03ndOh0HBaZfdmOmXdfP6Q8fn0xdsyqMdLYU1+tq0XoVrdM4Z0dRdst+g8/Px5mNO+4uRGfT8poy8pHnD0PMyctAL+f2OJEM35F+fT86/vmTJr9HX5orfLUz9mu0ZbeYIAAAAcBwQgABwfOh0BkjnTrusJmc+/3RzgHLoS0mddtmnc/7rjzZ3dXRQybbVefixF9KycFVGdHbGQRlSro5tO7I7u/PGYwvzQttXDO5u1QAAAAC9kwAEAA5qdPOQ9O1Z/fCjeeGxhXmhZD5H152W8Z86P5seezorNtyQD5fuKgk+zrxiem5snkXy9CHXbOYHAAAAcHzrW+kCAKD3OC3jb5ye6dOvyJl5I69sOIRTDB2fT18wKG88/YtsKtm8/bebsnvEFZk+vYNB6t26xpAMyu6m5bAAAAAAjlMCEAA4iO1rHs7Ch1dne8uGDa/kjZyZcw4xqDjtsk/n/EG7s3t3mx1/2LH/GtvXPJynNx/a+ZPR+fgFg/LG0ytyIKPZkBULF2bFoYQ2AAAAAL2QJbAA4CBaZnccGKLetLxUU/7RNKz86ccWZtMFN+TGLg0Yb1kK68CEjnbXGHFFbrigPo8+/0o2ZHS3Z5ecdtmNuWLXwjy98MAyWmdecQS6SwAAAAB6iT5bt27dV+kiACiehoaGJMmoUaOO6Hl/85vfpKamJn37amIEAICjae/evamvr8/FF198RM/76quvJkmqq6uP6HkBwNMjAAAAAACgcAQgAAAAAABA4QhAAAAAAACAwhGAAAAAAAAAhSMAAQAAAAAACkcAAgAAAAAAFI4ABAAAAAAAKBwBCAC9St++fbN3795KlwEAAMedvXv3pm9fj5IA6D38qwVAr3LyySdn+/bt2bdvX6VLAQCA48a+ffuyffv2nHzyyZUuBQC6TAACQK9yxhln5M0338y2bduyZ8+eSpcDAACFt2fPnmzbti1vvvlmzjjjjEqXAwBddkKlCwCA7jjppJNy3nnn5c0338yWLVsshwUAAD2sb9++Ofnkk3PeeeflpJNOqnQ5ANBlAhAAep2TTjopo0aNqnQZAAAAABzDLIEFAAAAAAAUjgAEAAAAAAAoHAEIAAAAAABQOAIQAAAAAACgcAQgAAAAAABA4QhAAAAAAACAwhGAAAAAAAAAhSMAAQAAAAAACkcAAgAAAAAAFI4ABAAAAAAAKBwBCAAAAAAAUDgCEAAAAAAAoHAEIAAAAAAAQOEIQAAAAAAAgMIRgAAAAAAAAIUjAAEAAAAAAApHAAIAAAAAABSOAAQAAAAAACgcAQgAAAAAAFA4AhAAepUdj9+SsWPH5pbHd/TcRdbfm7H3Pdfh7ufuG5uxY8e2O+ao1AYAAABAlwhAAKDU+nsz9quLu3bsg9Ny7/qeLQcAAACAQyMAAaB41t/b1KGx/8+9Ke3VaOnU2P+npZOjNPx4cFq715Wz+KudHfNc7m1Vx9gDgclby3LL2LEZe/OyLGvpKBl7S5a9VbKvky6TVscf7H3opJsFAAAAoKgEIAAUy1vLcku7Do7FmVYScnzmztWtdz847TCWrVqc+8u+dkeW3Twt7SppG5isuSt3Pdjyw+rcdfctueWau7K/wpIukx2P39Km9tW565qDhzQAAAAAxyMBCADFcvqkfH/duqxr+fPE7RmfJK9sTGlMMX7uzw8cs25dvn/dkOSiW7Puh1OaDvjioqxbd2su7ORSU364KFOSrL7zzjKdGEMy6b6SOtb9PLdfliQbs7HVseNz+xPrsm5d07myZnXSXNuiLzYdsXHTjiQ78uv/uTrJlCxqOecPp6TjACZN97NuXdbd3NldAAAAABSTAASAgmpefqq0myJJLprQHFp8pv2yVN12YabOHZ+mzo1l2dJRJfeNzdixn8lda8rsvGxCPnF6kgzPWZclyfhM+PiQJMnwj44vOXBLNq5JksWZ1rIEVnOny+rXOroyAAAAwPFLAAJAseyfrbExU0s7QPa7MLe22b74q4c+J2PIdXObOjvW3JX7/2fpnh1ZdnPTnI6N/1dpB0gPaNPdAgAAAEByQqULAIAjace/rsrqJOM/9YkMSZI3NmZ1uQNPn5Tvr5uUpk6RaVn84Ko8d/OFnS55Vd6QTJpze1Zdc1dWrym50lu/zqo1KenwaOngOFTNHSJrpmTRQZbmAgAAAEAAAkAvtfrOz2Tsna23jZ/788ztZH9SbpB4sy9OaB0qPDgtYx8cn9uf+H4mnX6QYk6flLlzV5U/75q78pmxdx3kBF0xJJ/41PhkzeJMG9t6tPqUH67LrReVecn6e5uWyfriInNAAAAAgOOOJbAAKJT9S1I1m/LD5mHia1bl128lQ677fn4+t/WiWLns9vy8JSC4aOohLVU15LqvZErphtMnZW7pdb64qHlo+eqs+tdDW7CqXO3j5/68fPgBAAAAcJzrs3Xr1n2VLgKA4mloaEiSjBo1qsKVAAAAx7JXX301SVJdXV3hSgAoGh0gAAAAAABA4QhAAAAAAACAwhGAAAAAAAAAhSMAAQAAAAAACkcAAgAAAAAAFI4ABAAAAAAAKBwBCAAAAAAAUDgCEAAAAAAAoHAEIAAAAAAAQOGcUOkCAKC7/vSnP+XNN9/M22+/nb1791a6HAAAKLS+ffvm5JNPzhlnnJGTTjqp0uUAQJcJQADoVf70pz/lpZdeytChQzNy5Mj07auZEQAAetLevXvzzjvv5KWXXsp5550nBAGg1xCAANCrvPnmmxk6dGhOOeWUDBgwICec4J8yAADoSR988EGqqqqSNP33+KhRoypcEQB0jadGAPQqb7/9ds4+++ycdNJJ6du3b/r06VPpkgAAoND69++ffv36Ze/evdm2bVulywGALrNuCAC9yt69ezNw4EDhBwAAHCV9+vRJ3759M3DgQDP4AOhVBCAA9Dr9+/cXfgAAwFHUp0+f9O/fv9JlAEC3CEAAAAAAAIDCEYAAAAAAAACFIwABAAAAAAAKRwACAAAAAAAUjgAEAAAAAAAoHAEIAAAAAABQOAIQAIpvw4osfHh1th/xE2/P6ocXZsWGDi+cFQsXZuET7Q/YvubhHqoJAAAAgEQAAgA9b/PTnYQkAAAAAPSEEypdAABU3vasfvjRvLD7wJZBF9yQGy87rWnvmofz6PMtOwfl/OtvzPihJa95emEe3nng+NYG5cwRyRtPr8iG0ddmdEclbFudhx97IbtLXtd0nZZ9v0/NFcnTT7/RtHvEFZl+yY6S15yZK6aXnH/DiixsOTbJmVdMz7UdXhwAAACgeAQgABznmoOMU67I9BubEoKmwOMXWf0XN2b8jhV59PlBuWL6jU3hwoYVWfjYigyZfm3G33jD/9/e/cdYfdf5Hn8xQNsLDDp2xm3BtirrMhbiljC6BlyipKSbtqOB3OA22x8pa0i7uxdsNl3jmtIfxmu8xNTi5raZdSG23aBkA1FovQ1avWQhq9LQbWidqm3tjwHsDFI70L2uy3D/OOfMLwYYCtPT+fB4JJN0zvd7vt/3GUyQeebz/SQbN+fQvJPHhaYPL0nTbzdnx6Odab16hBOr8aNx0cpURqjO9P2dmX3dwlSyyr7seH5RVq68tnr+jnS8M"
13819 [Forwarding screenshot on session aea78ad3bcb095bb1a504528bf99158c to remote] DEBUG org.apache.http.wire  - http-outgoing-0 << "iOLVq5Ma/X8Pbt60rqguRo/Uj1Wu/7G7LywGlQAAAAAzgEegQXAOa45C69bmZWDwkTzBy5N44lOb702K1eeZCXHie5x5Zw0nuhRWC0Lc93KwRGlObMvGz5BY+Z8uHpCy+xc2pg0zv1odY7K+b2v9STpyc49+zJj0aAZWxZmydzk6Z96DhcAAABw7rACBACqOh/tyI5Xat9VA0TrRzNnz+bs6OjIjpzBo6RaFmbJ3JeyufoorJEellXZNH1H+h9cdcIKUz38rpGu0pNDvcm+HR3p2DHs0HtOc2YAAACAcUwAAeCc1x8+Gudk2cqFae7emY1bXqoerawQWVg7b0dHOnYM2p/jNDQvWJI5L1YehbXsnUMm6A8fjXOXZeWC5spjuF5885/Jnh8AAADAuU4AAeAc15lfvjK6oNF69cB+Gy/9oudN7KdReRTWS1t2ZPtvBy3v6Pxl9jXOybL+/T7ORHOaGpOXftOTnIWrAQAAAIxX9gABgPTm0MHaf3dm25an09v/7bZ0dGxL/+4Z3c/mpd7GXPqBNxkXWhZmydzG9Pb2Dn2991B6Bt1z897e4e8cpeYsnDcjvXu3Z2d37bWe7NzYkY27ek72RgAAAICiWAECwLmh9+ls7nh66GvVVRfXLvplOvr3zGjMnKWLki07Kqs8FlybRc939O8BklQeL1VZ/VHZfHzzjo50PL9oyEbqJ1N7FFb/NK3D7tE4J8sWJZt3vJRnu9/EqpDWa7PsNxuzeUtH/z0a5y7LdQusCAEAAADOHRMOHDhwrN5DAFCew4cPJ0lmzZp1Vq/7xBNPZN68eWlosIgRAADeSn19fdmzZ0/mz59/Vq/73HPPJUmmTZt2Vq8LAH57BAAAAAAAFEcAAQAAAAAAiiOAAAAAAAAAxRFAAAAAAACA4gggAAAAAABAcQQQAAAAAACgOAIIAAAAAABQHAEEgHGloaEhfX199R4DAADOOX19fWlo8KskAMYPf2sBMK5Mnz49PT09OXbsWL1HAQCAc8axY8fS09OT6dOn13sUABg1AQSAceXiiy/O/v37093dnaNHj9Z7HAAAKN7Ro0fT3d2d/fv35+KLL673OAAwapPqPQAAnI4pU6Zk9uzZ2b9/f7q6ujwOCwAAxlhDQ0OmT5+e2bNnZ8qUKfUeBwBGTQABYNyZMmVKZs2aVe8xAAAAAHgb8wgsAAAAAACgOAIIAAAAAABQHAEEAAAAAAAojgACAAAAAAAURwABAAAAAACKI4AAAAAAAADFEUAAAAAAAIDiCCAAAAAAAEBxBBAAAAAAAKA4AggAAAAAAFAcAQQAAAAAACiOAAIAAAAAABRHAAEAAAAAAIojgAAAAAAAAMURQAAAAAAAgOIIIAAAAAAAQHEEEAAAAAAAoDgCCAAAAAAAUBwBBAAAAAAAKI4AAsC4cvC7q9PW1jbC19fy1Bjca/V3D578pFe/k9XDZvnak2d853xn1dh8JgAAAIBzhQACQCEezoqzGAwOfnd1rrpn58lPevJrabv6ixl+1sOfaTt1OAEAAABgTAkgAIxLC9c8lt27d1e/HssdC5Lkhbzwau2M2iqKE60QGX58YOXG4Pix856r0rbqOzk+ZzyVr33m4STJ9d/Y3T/LY2sWVt/30KD7nWqWoStbVn+3a4RP/FS+NnilybqTpJ7aqpQR5wYAAAA4NwggABToYL6z6qp8cdfg1x7OirbV+U41kDy1bvjx5OHPDBw/pScfz8NJcuP6fPaKgZcv/OSa3LFgYe549LP50ChnyZNfG7LaZOc9K4ad/1S+1raicr+aB1dYZQIAAABwEpPqPQAAvBk777kqbfcMe3HB4nzs3UmefKgSEBbckcfWfSoXZmBVxxe/9VQ+tepD1TcszB2P3pdPvXvYdT55Xx5L5fyFax7LfZ+88Lj7H3zphSTJ9Ys+NOzIhfnUuvsGvj3lLDPznfWVtNF/r1e/k9WDH61VjS0Ds1Sjyj0P5alP1kLLIO/+VO7b/amT/wABAAAACmcFCABlGBQYntpRfTTVisr3SXLhJ/8y1yfJL1/IwSQfWnR9kp354tVnton6Cy+dfBXGqWfpygu7kuT6/GUttLz7Y1m8YOAatdiy856rqrPWVpQMfuQXAAAAAIMJIACMS0P3ANmd3esGAsPM9y489QWu+OyQPTsqj6Ua2AfkVC689H1Jkp2/Gr5fR2W/j9p1RjXLm7YzL+wbw8sDAAAAjGMCCADFqcWJh9cPbAJ+8Lv/VNlD4w/fl8EPtLrwk/dVAso3rq+8Z8co14FcsbiyiuPBFUOiycHv3pMv7hrYT+TUs8zM+xYkycP5p9qeHrXHZg37PMdFn927h+w/AgAAAMCACQcOHDhW7yEAKM/hw4eTJLNmzTqr163tn3GivTmqZ42w8XgysOfHiY4n13+jEhVq96m+mvW7j99rY+g5w+40fL+OE86S5Mmvpe0zDx9/kf77jrAJejLksV9D1PYQOdFxAAB4G3nuueeSJNOmTavzJACUxgoQAAp0YT617rHcsWDwa9dn/e7ahucjHa9Ei9qKiv59Ok52l0/el92P3pHhD7m6/hu7B8WZU82S5IrPDnoUV5Ib7xh2/ofy2d3rh81zfdaLGwAAAAAnZAUIAGNirFaAAAAAZbECBICxYgUIAAAAAABQHAEEAAAAAAAojgACAAAAAAAURwABAAAAAACKI4AAAAAAAADFEUAAAAAAAIDiCCAAAAAAAEBxBBAAAAAAAKA4AggAAAAAAFCcSfUeAABO1xtvvJH9+/fn9ddfT19fX73HAQCAooNVzuwAAB5LSURBVDU0NGT69Om5+OKLM2XKlHqPAwCjJoAAMK688cYbefbZZ9PS0pJLL700DQ0WMwIAwFjq6+vLf/zHf+TZZ5/N7NmzRRAAxg0BBIBxZf/+/Wlpack73vGOnH/++Zk0yV9lAAAwlv7rv/4r5513XpLK/x+fNWtWnScCgNHxWyMAxpXXX38973//+zNlypQ0NDRkwoQJ9R4JAACKNnny5EycODF9fX3p7u6u9zgAMGqeGwLAuNLX15cLLrhA/AAAgLfIhAkT0tDQkAsuuMAefACMKwIIAOPO5MmTxQ8AAHgLTZgwIZMnT673GABwWgQQAAAAAACgOAIIAAAAAABQHAEEAAAAAAAojgACAAAAAAAURwABAAAAAACKI4AAAAAAAADFmVTvAQBgzHVuS8eOfSMcmJFFK69N69m4/p6mLLtuYZpPa44zvH/3zmzc8lIuXXpdFra82YsAAAAAlEkAAeDc0DjnuEDRs2tjNndsS85GBDmFzkc7suOVGVm0cmX/vSr335iDAgYAAADAWSeAAHDOal4wLzP27snB7iQtSdKZbR07Uluj0Th3Wa5bUEsmQ4/lPYuy8urWQas69mVzx6GRV3R0bqvGj6HHmhdcl0WvdWTHTzuz8OrW/nMHVok0Zs6wOFIJKdWj75kx7EY92blxc57urb39+OgDAAAAcK4QQAAgSS1w9M5dlpULmqvfb87GLMt1C5KdGwcfq4SGjbuac92Ca7MyJ38EVufz+5L3LBpxlUnr1QMrQirxozdzlq6sRI/ObenYsjGpRpDORzuy47dzsmzlwjTXYkcaq2+ufP/SZbUZK+dvfvTCSqgBAAAAOMfYBB2Ac1bnozuyr/HSzG5Jenbtyb7GOVnSv+KjNdcumpHevf+WzuPe2ZyF160ctDrkZHpy8LdJ4ztPdW5Pdu7Zl8a5SwZWfLRem0Xv6c3TP+1M0plfvpLMmFeLLM1ZeOWc/vyRzn/L0xk8f9J69aLMeGVPdnaPYkwAAACAwlgBAsC5offpbO54etiLM7JoZSUodL7Wm7zjwqErOC5sSmMOJWnOwnkz8vSOzenYmzF6tFRPDvUmje8aetXmdzYmryXpPpjeNObSCwcdbLkwjXmp8u7f9Ca9+0b4jI1pOqtzAgAAAIwPAggA54YzjRat12Zla5Lundm4pRpTavuAnFRzLnxH8vRrPclY78Zhzw8AAACAfh6BBQCprrT47cH0DH7x4KH0Dj+xZWGuW7kyKxfNSF755QiPxzpe6/tPfG7Pro3p2LgzPWlOU2PS+5ueocdfq07QcmEa05tDB"
13819 [Forwarding screenshot on session aea78ad3bcb095bb1a504528bf99158c to remote] DEBUG org.apache.http.wire  - http-outgoing-0 << "wcd7D7YP1/zuxqT3kND5wcAAAA4hwkgAJCkecG8zOh9Ott31RJCZ7bt2JfGuR9Na3qyc2NHNu4ayAuVjc3/cMSNzY/Tem0WvWdfdnRsGxJBenZtzOa9vdV9PSqP2erdu31gz47ObdnxSmPmfLg1SWs+Orcx+/bsrEaOnuz8/tMDgab1o5nTuC87Hh10h85t6Rh2TwAAAIBzxYQDBw4cq/cQAJTn8OHDSZJZs2ad1es+8cQTmTdvXhoaTqPhd25Lx56mUTweqjPbOnZkX/W7xrnLBjY6rz76qj84DHncVO19jZmz9LqBTcyHqQWPATOyaOW1QyNK57Z07Oif4LjrdT7akR2vVN89d056976US/vPGTr/iNcHAIA3qa+vL3v27Mn8+fPP6nWfe+65JMm0adPO6nUBQAABYEy8rQIIAABwxgQQAMYbvz0CAAAAAACKI4AAAAAAAADFEUAAAAAAAIDiCCAAAAAAAEBxBBAAAAAAAKA4AggAAAAAAFAcAQQAAAAAACiOAALAuNLQ0JC+vr56jwEAAOecvr6+NDT4VRIA44e/tQAYV6ZPn56enp4cO3as3qMAAMA549ixY+np6cn06dPrPQoAjJoAAsC4cvHFF2f//v3p7u7O0aNH6z0OAAAU7+jRo+nu7s7+/ftz8cUX13scABi1SfUeAABOx5QpUzJ79uzs378/XV1dHocFAABjrKGhIdOnT8/s2bMzZcqUeo8DAKMmgAAw7kyZMiWzZs2q9xgAAAAAvI15BBYAAAAAAFAcAQQAAAAAACiOAAIAAAAAABRHAAEAAAAAAIojgAAAAAAAAMURQAAAAAAAgOIIIAAAAAAAQHEEEAAAAAAAoDgCCAAAAAAAUBwBBAAAAAAAKI4AAgAAAAAAFEcAAQAAAAAAiiOAAAAAAAAAxZlU7wEA4HQ88lTy+hv1noIzNX1Kcs2H6j0FAAAAUDIBBIBx45Gnkid+dSyXTP9dunu6c+Tw4RzLsXqPxShNyIRMnTYtLc0t+cWr5yeZIIIAAAAAY0YAAWDceP2N5JLpv0vTa/8nV8y6LC0tLZk4cWK9x2KUjh49mu7u7rz44hPJO/8sr79xQb1HAgAAAApmDxAAxpXunu5cdtllueiii8SPcWbixIm56KKLctlll6W7p7ve4wAAAACFE0AAGFeOHD6clpaWeo/BGWhpacmRw4frPQYAAABQOAEEgHHlWI5Z+THOTZw40d4tAAAAwJgTQAAAAAAAgOIIIAAAAAAAQHEEEAAAAAAAoDgCCAAAAAAAUBwBBAAAAAAAKI4AAgAAAAAAFEcAAQAAAAAAiiOAAHAOOZTtd7WnvX19OkdxdueG9rRvONGZnVnf3p71z5zijt+/O+3t7QNfd23PodMd+2TXPuF8AAAAAOc2AQSAc8czW7IuS7N0/pZ8+/tnK0OcSCW23PivC/Lg1q3ZWv1ae9m63DjKAAMAAADAmyeAAHDO6PzxlrR9bGmWfqwtu/919/ErMXq25+7+1Rrrs2vY4SGrOTYMPzr83HVZl1V58K4laRr0euvND2bVoABz6Pt3D1sVMmxlyZCZ2nP3oPfdeN/uZPPtg95fW+FSm3FQZunZnrvb16fzmfVDjw/7zEPCzOBzh6126dzQnvXfr7337mzvOemPAwAAAOAtJ4AAcG7o2Z5vb27Lgiua0nTFgrQ9sS5bnhl6/O6b1+WSr1RXa3wl2bJ54HAlOFyStbWVHNmSLSe82aHs/tfdaftY25D4UdGUJXdtzZ1XHn/keJ1ZP3imrWtzyX03Zv0zSdOVd+bB1W3JsrXZeteSNOVQtt91Y9ZdtrZ67oNZ9eLtwx6RtSW3/3hB5fiGVWnbfHvab345n66dP3hlzDPr0/659H/erRtW5eXPDQ0dW+6rvffOLGkexccBAAAAeAsJIACcEw49uSu75y9IW3OS5iX59LJky487hx1flaWXV1+4fEXWLus/Wgkaq5emtfpK681rs/SEd/t1Xn4iuWTGaCLH6WjNiq1bs+LyEQ49syXrnliatTfXJmzKkr9ZlbbN3x4ULdqyqr16vLktC+Zn0GdqStvH2rL75V8nOZTtm7Zk6VdW9H/eNC/JqtXJuq2DgsqyBQPHAQAAAN5mJtV7AAAYe53Zct/uLP3Knf0rMlr/ZGnyuW9ne3tl9cKvX96dXPbpISs2/uCStuTlpD9oLB9yNJfMrx4eM61ZurotN36uvbLaZNnabL155ORwaN/LyfwF+YPBLzZfkktOcYeRI03l8255ov34VS7LPj3K2QEAAADqSwABoHzP7Kr8Iv9zx/9Cf9eTh7JkVI+jOh2VOLJr36Hk8jO7dtOVd2brlak+kur2tG9O2lY/OMpHaJ2ZpV85wWoTAAAAgHHAI7AAKFzlcU5ZVtsbY+DrwdVt2X3flnSmutrjxZeHbIz+65d3V/+rutpj35CjefmJE92z+jipkTZaT2UD8aF7c4zC5SsGZh7huk0zLkmeeDm/Hvxiz8tvcoXKSJ8XAAAAYHwRQAAoW8/u7Hpi0N4XgzRdsSBt2ZJdzyRNV346SwdvjP7M+tzevwl6U5YsX9ofS5Kkc8PtJ9kEPWm6clVWZV1uvGv7kFjRuaE9t28emKcSLnZld3WfjkPf//ag63ZmfXt71vdv1n6SzdUvX5pV87fk9v6wcijb/2Fddi/79JvYoLz2edcN2j/kULbf1Z67vy+KAAAAAOODR2ABULTOreuye9na3DlSBGhekk8vW5fbN23P0ruWZMWGVbn75va0J8n8VVm1LFlXO/fyFXlw9d25sb09SdK2elWWDhwdQVOW3LU1l2xoz43tg86bvyoPbl0yEDAuX5G1y9pz+83tWZekbfXarJq/u7pyozUrvrI07YMf3bVsbbZWH3/VdMWCtN13e9o3L83arSuy5K4Hk7tuTHXEk+4Zckq1z1udq/KZ35pHbwEAAACcDRMOHDhwrN5DAFCew4cPJ0lmzZp11q658d+Sn3U+k1uv8kv48e7+xw7lg62X57qP1nsSAADq7bnnnkuSTJs2rc6TAFAaj8ACAAAAAACKI4AAAAAAAADFEUAAAAAAAIDiCCAAAAAAAEBxBBAAAAAAAKA4AggAAAAAAFAcAQQAAAAAACiOAALAuDIhE3L06NF6j8EZOHr0aCZkQr3HAAAAAAongAAwrkydNi3d3d31HoMz0N3dnanTptV7DAAAAKBwAggA40pLc0tefPHFHDhwwEqQcebo0aM5cOBAXnzxxbQ0t9R7HAAAAKBwk+o9AACM1vQpyS9ePT9555/l589158i/9+ZYjtV7LEZpQiZk6rTmtDR/MC+/fn7mv6veEwEAAAAlE0AAGDeu+VCSTMjrb1yQS95zSb3H4QzMf1ftzxMAAABgbAggAIwrfmkOAAAAwGjYAwQAAAAAACiOAAIAAAAAABRHAAEAAAAAAIojgAAAAAAAAMURQAAAAAAAgOIIIAAAAAAAQHEEEAAAAAAAoDgCCAAAAAAAUBwBBAAAAAAAKI4AAgAAAAAAFEcAAQAAAAAAiiOAAAAAAAAAxRFAAAAAAACA4gggAAAAAABAcQQQAAAAAACgOAIIAAAAAABQHAEEAAAAAAAojgACAAAAAAAURwABAAAAAACKI4AAAAAAAADFEUAAAAAAAIDiCCAAAAAAAEBxBBAAAAAAAKA4AggAAAAAAFAcAQQAAAAAACiOAAIAAAAAABRHAAEAAAAAAIojgAAAAAAAAMURQAAAAAAAgOIIIAAAAAAAQHEEEAAAAAAAoDgCCAAAAAAAUBwBBAAAAAAAKI4AAgAAAAAAFEcAAQAAAAAAiiOAAAAAAAAAxRFAAAAAAACA4gggAAAAAABAcQQQAAAAAACgOAIIAAAAAABQHAEEAAAAAAAojgACAAAAAAAURwABAAAAAACKI4AAAAAAAADFEUAAAAAAAIDiCCAAAAAAAEBxBBAAAAAAAKA4AggAAAAAAFAcAQQAAAAAACiOAALAmOrr66v3CAAAwNuUfy8AMJYEEADGxMSJE5Mkvb29dZ4EAAB4u6r9e6H27wcAOJsm1XsAAMo0efLkHD16ND09PUmSxsbGNDTo7gAAQGXlR29vb/+/FyZPn"
13819 [Forwarding screenshot on session aea78ad3bcb095bb1a504528bf99158c to remote] DEBUG org.apache.http.wire  - http-outgoing-0 << "lzniQAo0YQDBw4cq/cQAJTpd7/7XX7/+9/XewwAAOBtbPLkyTn//PPrPQYABbICBIAxc/7552fixIn5/e9/n6NHj9Z7HAAA4G1k4sSJmTx5ciZN8uspAMaGv2EAGFOTJk3yDxoAAAAA3nIexg4AAAAAABRHAAEAAAAAAIojgAAAAAAAAMURQAAAAAAAgOIIIAAAAAAAQHEEEAAAAAAAoDgCCAAAAAAAUBwBBAAAAAAAKI4AAgAAAAAAFEcAAQAAAAAAiiOAAAAAAAAAxRFAAAAAAACA4gggAAAAAABAcQQQAAAAAACgOAIIAAAAAABQHAEEAAAAAAAojgACAAAAAAAURwABAAAAAACKI4AAAAAAAADFEUAAAAAAAIDiCCAAAAAAAEBxBBAAAAAAAKA4AggAAAAAAFAcAQQAAAAAACiOAAIAAAAAABRHAAEAAAAAAIojgAAAAAAAAMURQAAAAAAAgOIIIAAAAAAAQHEEEAAAAAAAoDgCCAAAAAAAUBwBBAAAAAAAKI4AAgAAAAAAFEcAAQAAAAAAiiOAAAAAAAAAxRFAAAAAAACA4gggAAAAAABAcQQQAAAAAACgOAIIAAAAAABQHAEEAAAAAAAojgACAAAAAAAURwABAAAAAACKI4AAAAAAAADFEUAAAAAAAIDiCCAAAAAAAEBxBBAAAAAAAKA4AggAAAAAAFAcAQQAAAAAACiOAAIAAAAAABRHAAEAAAAAAIojgAAAAAAAAMURQAAAAAAAgOIIIAAAAAAAQHEEEAAAAAAAoDgCCAAAAAAAUBwBBAAAAAAAKI4AAgAAAAAAFEcAAQAAAAAAiiOAAAAAAAAAxRFAAAAAAACA4gggAAAAAABAcQQQAAAAAACgOAIIAAAAAABQHAEEAAAAAAAojgACAAAAAAAURwABAAAAAACKI4AAAAAAAADFEUAAAAAAAIDiCCAAAAAAAEBxBBAAAAAAAKA4AggAAAAAAFAcAQQAAAAAACiOAAIAAAAAABRHAAEAAAAAAIojgAAAAAAAAMURQAAAAAAAgOIIIAAAAAAAQHEEEAAAAAAAoDgCCAAAAAAAUBwBBAAAAAAAKI4AAgAAAAAAFEcAAQAAAAAAiiOAAAAAAAAAxRFAAAAAAACA4gggAAAAAABAcQQQAAAAAACgOAIIAAAAAABQHAEEAAAAAAAojgACAAAAAAAURwABAAAAAACKI4AAAAAAAADFEUAAAAAAAIDiCCAAAAAAAEBxBBAAAAAAAKA4AggAAAAAAFAcAQQAAAAAACiOAAIAAAAAABRHAAEAAAAAAIojgAAAAAAAAMURQAAAAAAAgOIIIAAAAAAAQHEEEAAAAAAAoDgCCAAAAAAAUBwBBAAAAAAAKI4AAgAAAAAAFEcAAQAAAAAAiiOAAAAAAAAAxRFAAAAAAACA4gggAAAAAABAcQQQAAAAAACgOAIIAAAAAABQHAEEAAAAAAAojgACAAAAAAAURwABAAAAAACKI4AAAAAAAADFEUAAAAAAAIDiCCAAAAAAAEBxBBAAAAAAAKA4AggAAAAAAFAcAQQAAAAAACiOAAIAAAAAABRHAAEAAAAAAIojgAAAAAAAAMURQAAAAAAAgOIIIAAAAAAAQHEEEAAAAAAAoDgCCAAAAAAAUBwBBAAAAAAAKI4AAgAAAAAAFEcAAQAAAAAAiiOAAAAAAAAAxRFAAAAAAACA4gggAAAAAABAcQQQAAAAAACgOAIIAAAAAABQHAEEAAAAAAAojgACAAAAAAAURwABAAAAAACKI4AAAAAAAADFEUAAAAAAAIDiCCAAAAAAAEBxBBAAAAAAAKA4AggAAAAAAFAcAQQAAAAAACiOAAIAAAAAABRHAAEAAAAAAIojgAAAAAAAAMURQAAAAAAAgOIIIAAAAAAAQHEEEAAAAAAAoDgCCAAAAAAAUBwBBAAAAAAAKI4AAgAAAAAAFEcAAQAAAAAAiiOAAAAAAAAAxRFAAAAAAACA4gggAAAAAABAcQQQAAAAAACgOAIIAAAAAABQHAEEAAAAAAAojgACAAAAAAAURwABAAAAAACKI4AAAAAAAADFEUAAAAAAAIDiCCAAAAAAAEBxBBAAAAAAAKA4AggAAAAAAFAcAQQAAAAAACiOAAIAAAAAABRHAAEAAAAAAIojgAAAAAAAAMURQAAAAAAAgOIIIAAAAAAAQHEEEAAAAAAAoDgCCAAAAAAAUBwBBAAAAAAAKI4AAgAAAAAAFEcAAQAAAAAAiiOAAAAAAAAAxRFAAAAAAACA4gggAAAAAABAcQQQAAAAAACgOAIIAAAAAABQHAEEAAAAAAAojgACAAAAAAAURwABAAAAAACKI4AAAAAAAADFEUAAAAAAAIDiCCAAAAAAAEBxBBAAAAAAAKA4AggAAAAAAFAcAQQAAAAAACjOpHoPAAAAAADAW+MHP/hBvve97+XgwYN1nWPatGl1vT/jy/vf//4sXLgwH/nIR07rfQIIAAAAAMA54P77789PfvKTeo8Bp+3555/P888/n66urixdunTU7/MILAAAAACAwv3gBz8QPxj3Hn/88dP637EAAgAAAABQuO9973v1HgHOip07d476XAEEAAAAAKBw9d7zA86W559/ftTnCiAAAAAAAEBxBBAAAAAAAKA4AggAAAAAAFAcAQQAAAAAACjOpHoPAAAAAADA28mN+fI/L8sHLxjd2Uc6N+cvvvDg2I4Eb4IVIAAAAAAADPJgPn/Xt/Kz/3dezvtvJ/tKjjz9rawZ0/jRnjUbNmXTpk2599YxvA1FEkAAAAAAAEhyVb5w35fz5x9I8otv5fO3/69se/7ICc49kue++6X8xZpv5bkkH17x1Xz18x9/C2eFU/MILAAAAAAAkrTm0g/8cRauXZ9Z//j3+dIjP8r//pvOHLjzq7nxT5pyXu20/zyQnf/49/nSIweSXJRrP/8/85k/vSjnvfxSkh/VYe5bcu+mxZnZ//2R7P3mzbnnkaT9zg25Yc7Uoad3PZ7ltz2QyuqSGzJ3atL1w+W57f6M/Nqt92bTJwauniN789DN92TrCJOc/H4nOf/I3ux9bW7mVm/T9cPluS2D7jvsGsfdZ8jx4T+PwTMPfL5Bb87jy29L1yhmv+XeTVk8M8NU3l856/jrD/xs33pWgAAAAAAAMOC8i7Lwr7+er674cJID2Xz3X+RL//KzHDqa5NDPsvnLKyrxY8bH81f/8PX81Z9eNBBH3mrXrMmGTYszM115fPnyLP/m3hzJ1My96d7ckmTr3Tdn+fLl/V+PdyWZuTgb7mxPsjV7flVZ4TLzj26pXm9e3jc1yZG9efz+SmjY9ImZlRCwfHkeevpIMnVubrj3lhHHOfn9TmLq3DT9fHmW/7CrMs8nNmXTHz2b5csfT1eSzPyTrLmmcuot927KDXOm5sjTD41wj/as2VCJH10/HJhjeTXY3HJvJU7U3lv5qsSLU83efueGSvw4sjcPLR+YdcAtuXfTDZk79Uj2fnN5/+wzP7Ghf/a3mhUgAAAAAAAMMzUf/O9fyD+/91tZs+Zb+en6v83fPn9VWn/+WH60L8kH/jxfvuvG/HFTfadsb3tfpiZJ17OVFQiPvJrXbkqmZmZm35rk/hOsyqjaevePs3jT4sycOTu3JOmqXu/Ir/ZUVku8t/K+rp9X1jdsffW1yrWq54+0ruNk9zuhanDJNYdyJDMzNV15vLpK5dCRZObUqWm6NEluyeyZSXIkL+yurEHpeu1IMnNqpr53Xtrzapqqt575kTVpv3/wSpX2vPudlf+aOmdxbsnW4+Y/8eztmVf7Wfxk5NUvuXV2ZdXJkRey55Ek6eqf/X1t7ckjI75rTFkBAgAAAADACM5LU9uN+er9f5ePz0gO/KgSPy665gtZv7b+8SNJZr6z9tv+xdm0aVM2DXv0U221xJAVHEM8kGcrSywy+9baL/lrcWHmQEz4RGUj9iGPwhrBqe93hq55dyoNY2rm3lSZaWiweCC31VZmTJ2bGzZV5773liRbc8+/7E11zUsW145tWJP2U84+8LM4kfb+ulK77/BHbb31rAABAAAAAOCEzrvs4/m7tX+QP1y3Nr/80O3566UfTJ1/r"
13819 [Forwarding screenshot on session aea78ad3bcb095bb1a504528bf99158c to remote] DEBUG org.apache.http.wire  - http-outgoing-0 << "92vtvph5H02bsm9m6rn/XzkPTiS5IGfd2XxzJmZ+ZFleefUjLCCYbT7WNRWZ5z8fmekf4XLwD4nx7n/tiyvzXrNmmy4aW6m1lasPHJPbu5/T3WvkKnvy7xrbknTGc7evzrmJHukvNWsAAEAAAAA4OSaPphld67P372N4keSbN39QmVFw6A9MpLklns3ZM01lYAxYOAxTkPc/2xln42pUwc9/ioZskfIRyqrJKpXz70bBn9fM8r7nZHaipWpmXvloH1IrlmTDSPtS3Jp04n/vPpXkySnnr1230H7pQzX/3Ocm8W3DrrSnRty760jv2WsWQECAAAAAMCZ6xvby8/8xKZs+sTA95VVGffk5kcqKxnm3rQpm26qHT2Svdmae/5lXjbcNLf63iPp6jqSTB2eBB7Is12LM3PY3hpJZWPwrbfem02fqDzW6Yb+y+8dYcLR3u/MPHDb8nTduSE3zFmcTZsWDxzoenxgxceQd3Tl8eW35YHaio8hxwavJDn57A/c9lDeveGGzJ057L5HDlXCRx7Ibcu7smbDDZk7/M/q1bP16U/PhAMHDhyrz60BAAAAAHgr3HzzzaM464+z+v67c9Vl572JO/xnnttyS/7HPx4Y1dnTpk17E/fg7aR/w/QRHz82tr7+9a+P6jwrQAAAAAAASPLvue+L38j5d9yUj192GqsWjh7Jy//3m/nSKOMH49St9x6/CXwd4sfpsAIEAAAAAKBwo1sB8taxAoQzMdoVIDZBBwAAAAAAiiOAAAAAAAAAxRFAAAAAAACA4gggAAAAAABAcQQQAAAAAACgOAIIAAAAAABQHAEEAAAAAAAojgACAAAAAAAU5/8DbGYyDYQx0FAAAAAASUVORK5CYII="}"
13819 [Forwarding screenshot on session aea78ad3bcb095bb1a504528bf99158c to remote] DEBUG org.apache.http.impl.conn.PoolingHttpClientConnectionManager  - Connection [id: 0][route: {}->http://localhost:41706] can be kept alive indefinitely
13819 [Forwarding screenshot on session aea78ad3bcb095bb1a504528bf99158c to remote] DEBUG org.apache.http.impl.conn.PoolingHttpClientConnectionManager  - Connection released: [id: 0][route: {}->http://localhost:41706][total kept alive: 1; route allocated: 1 of 2000; total allocated: 1 of 2000]
]]></system-out>
  </testcase>
</testsuite>