<?xml version="1.0" encoding="UTF-8"?>
<!-- Generated by org.testng.reporters.JUnitReportReporter -->
<testsuite hostname="MLIVE-LP00960" failures="0" tests="1" name="com.w2a.testcases.LoginTest" time="0.926" errors="0" timestamp="11 Jun 2019 19:26:39 GMT" skipped="0">
  <testcase classname="com.w2a.testcases.LoginTest" name="loginAsBankManager" time="0.926"/>
</testsuite> <!-- com.w2a.testcases.LoginTest -->
